0	1	mikroCdsPIC.exe -MSF -DBG -pP33FJ32MC202 -DL -SSA -O11111114 -fo80 -N"E:\Milton\Github\Tesis\SensorUltrasonico\DSP\ADC_DAC.mcpds" -SP"C:\Users\Public\Documents\Mikroelektronika\mikroC PRO for dsPIC\defs\" -SP"C:\Users\Public\Documents\Mikroelektronika\mikroC PRO for dsPIC\uses\" -SP"E:\Milton\Github\Tesis\SensorUltrasonico\DSP\" -SP"D:\Git\Tesis_SensorUltrasonico\DSP\" -SP"D:\Git\Tesis_Test\ADC_DAC_dsPIC\" -SP"E:\Milton\Github\Tesis\Test\ADC_DAC_dsPIC\" -SP"E:\Milton\Tesis\Programas\MikroC\Ejemplos\ADC_DAC_dsPIC\" "ADC_DAC.c" "__Lib_Math.mcl" "__Lib_MathDouble.mcl" "__Lib_System.mcl" "__Lib_Delays.mcl" "__Lib_CString.mcl" "__Lib_CMath.mcl" "__Lib_Conversions.mcl" "__Lib_OneWire.mcl" "__Lib_LcdConsts.mcl" "__Lib_Lcd.mcl" "__Lib_Vectors.mcl"	 
warning: 0	1501	Specified search path does not exist: 'D:\Git\Tesis_SensorUltrasonico\DSP'	 
warning: 0	1501	Specified search path does not exist: 'D:\Git\Tesis_Test\ADC_DAC_dsPIC'	 
diagnostics: 0	121	Loading...	 
diagnostics: 0	122	Compilation Started	ADC_DAC.c
hint: 0	1004	interrupt handler (ADC1Int at 0x002E)	ADC_DAC.c
hint: 0	1004	interrupt handler (Timer1Interrupt at 0x001A)	ADC_DAC.c
hint: 0	1004	interrupt handler (Timer2Interrupt at 0x0022)	ADC_DAC.c
error: 280	316	Identifier expected, but '}' found	ADC_DAC.c
error: 280	402	; expected, but '}' found	ADC_DAC.c
error: 288	424	'}' expected ';' found	ADC_DAC.c
error: 304	402	; expected, but '=' found	ADC_DAC.c
error: 304	393	'T2prom' Identifier redefined	ADC_DAC.c
error: 304	371	Specifier needed	ADC_DAC.c
error: 304	396	Invalid declarator expected'(' or identifier	ADC_DAC.c
error: 307	402	; expected, but '=' found	ADC_DAC.c
error: 307	393	'T1' Identifier redefined	ADC_DAC.c
error: 307	371	Specifier needed	ADC_DAC.c
error: 307	396	Invalid declarator expected'(' or identifier	ADC_DAC.c
error: 307	393	'' Identifier redefined	ADC_DAC.c
error: 307	312	Internal error ''	ADC_DAC.c
error: 0	102	Finished (with errors): 05 feb. 2017, 16:40:06	ADC_DAC.mcpds
