;  LST file generated by mikroListExporter - v.2.0 
; Date/Time: 07/02/2017 12:56:03
;----------------------------------------------

;Address Opcode 	ASM
0x0000	0xF005EFD8  	GOTO        2992
_interrupt:
;UART_LCD.c,34 :: 		void interrupt(void){
0x0008	0xF016C000  	MOVFF       R0, 22
0x000C	0xF015C001  	MOVFF       R1, 21
;UART_LCD.c,36 :: 		if (PIR1.F5){
0x0010	0xF017CFE1  	MOVFF       FSR1L, 23
0x0014	0xF018CFE2  	MOVFF       FSR1H, 24
0x0018	0xAA9E      	BTFSS       PIR1, 5 
0x001A	0xD024      	BRA         L_interrupt0
;UART_LCD.c,38 :: 		Dato = UART1_Read();                            //Lee el dato que llega por el modulo Uart1
0x001C	0xDB64      	RCALL       _UART1_Read
0x001E	0xF056C000  	MOVFF       R0, _Dato
;UART_LCD.c,39 :: 		if (Dato==0x0D){                                //Verifica si el dato que llego es la cabecera
0x0022	0x5000      	MOVF        R0, 0 
0x0024	0x0A0D      	XORLW       13
0x0026	0xE104      	BNZ         L_interrupt1
;UART_LCD.c,40 :: 		BanP = 1;                                    //activa la bandera que permite almacenar los datos en el buffer
0x0028	0x0E01      	MOVLW       1
0x002A	0x6E43      	MOVWF       _BanP 
;UART_LCD.c,41 :: 		Dato = 0;                                    //Limpia la variable Dato
0x002C	0x6A56      	CLRF        _Dato 
;UART_LCD.c,42 :: 		i=0;                                         //Limpia el subindice del vector de
0x002E	0x6A55      	CLRF        _i 
;UART_LCD.c,43 :: 		}
L_interrupt1:
;UART_LCD.c,45 :: 		if (BanP == 1){
0x0030	0x5043      	MOVF        _BanP, 0 
0x0032	0x0A01      	XORLW       1
0x0034	0xE116      	BNZ         L_interrupt2
;UART_LCD.c,46 :: 		trama[i] = UART1_Read();                     //Almacena los datos de entrada byte a byte en el buffer de peticion
0x0036	0x0E44      	MOVLW       _trama
0x0038	0x0100      	MOVLB       0
0x003A	0x6F6E      	MOVWF       FLOC__interrupt, 1
0x003C	0x0E00      	MOVLW       hi_addr(_trama)
0x003E	0x6F6F      	MOVWF       FLOC__interrupt+1, 1
0x0040	0x5055      	MOVF        _i, 0 
0x0042	0x276E      	ADDWF       FLOC__interrupt, 1, 1
0x0044	0xB0D8      	BTFSC       STATUS, 0 
0x0046	0x2B6F      	INCF        FLOC__interrupt+1, 1, 1
0x0048	0xDB4E      	RCALL       _UART1_Read
0x004A	0xFFE1C06E  	MOVFF       FLOC__interrupt, FSR1L
0x004E	0xFFE2C06F  	MOVFF       FLOC__interrupt+1, FSR1H
0x0052	0xFFE6C000  	MOVFF       R0, POSTINC1
;UART_LCD.c,47 :: 		i++;
0x0056	0x2A55      	INCF        _i, 1 
;UART_LCD.c,48 :: 		if (i==3){
0x0058	0x5055      	MOVF        _i, 0 
0x005A	0x0A03      	XORLW       3
0x005C	0xE102      	BNZ         L_interrupt3
;UART_LCD.c,49 :: 		BanT = 1;
0x005E	0x0E01      	MOVLW       1
0x0060	0x6E3C      	MOVWF       _BanT 
;UART_LCD.c,50 :: 		}
L_interrupt3:
;UART_LCD.c,51 :: 		}
L_interrupt2:
;UART_LCD.c,53 :: 		PIR1.F5 = 0;                                    //Limpia la bandera de interrupcion
0x0062	0x9A9E      	BCF         PIR1, 5 
;UART_LCD.c,55 :: 		}
L_interrupt0:
;UART_LCD.c,56 :: 		}
L_end_interrupt:
L__interrupt13:
0x0064	0xF000C016  	MOVFF       22, R0
0x0068	0xF001C015  	MOVFF       21, R1
0x006C	0xFFE1C017  	MOVFF       23, FSR1L
0x0070	0xFFE2C018  	MOVFF       24, FSR1H
0x0074	0x0011      	RETFIE      1
; end of _interrupt
_Delay_1us:
;__Lib_Delays.c,7 :: 		void Delay_1us() {
;__Lib_Delays.c,8 :: 		Delay_us(1);
0x0076	0x0000      	NOP
0x0078	0x0000      	NOP
;__Lib_Delays.c,9 :: 		}
L_end_Delay_1us:
0x007A	0x0012      	RETURN      0
; end of _Delay_1us
_Delay_5500us:
;__Lib_Delays.c,31 :: 		void Delay_5500us() {
;__Lib_Delays.c,32 :: 		Delay_us(5500);
0x007C	0x0E0F      	MOVLW       15
0x007E	0x6E0C      	MOVWF       R12, 0
0x0080	0x0E47      	MOVLW       71
0x0082	0x6E0D      	MOVWF       R13, 0
L_Delay_5500us5:
0x0084	0x2E0D      	DECFSZ      R13, 1, 0
0x0086	0xD7FE      	BRA         L_Delay_5500us5
0x0088	0x2E0C      	DECFSZ      R12, 1, 0
0x008A	0xD7FC      	BRA         L_Delay_5500us5
0x008C	0x0000      	NOP
0x008E	0x0000      	NOP
;__Lib_Delays.c,33 :: 		}
L_end_Delay_5500us:
0x0090	0x0012      	RETURN      0
; end of _Delay_5500us
_Delay_50us:
;__Lib_Delays.c,19 :: 		void Delay_50us() {
;__Lib_Delays.c,20 :: 		Delay_us(50);
0x0092	0x0E21      	MOVLW       33
0x0094	0x6E0D      	MOVWF       R13, 0
L_Delay_50us2:
0x0096	0x2E0D      	DECFSZ      R13, 1, 0
0x0098	0xD7FE      	BRA         L_Delay_50us2
;__Lib_Delays.c,21 :: 		}
L_end_Delay_50us:
0x009A	0x0012      	RETURN      0
; end of _Delay_50us
_SETFOV32:
;__Lib_MathDouble.c,82 :: 		
;__Lib_MathDouble.c,90 :: 		
0x009C	0x820B      	BSF         R11, 1, 0
;__Lib_MathDouble.c,91 :: 		
0x009E	0xAE0B      	BTFSS       R11, 7, 0
;__Lib_MathDouble.c,92 :: 		
0x00A0	0xF000EF58  	GOTO        SETFOV32EEE
;__Lib_MathDouble.c,94 :: 		
0x00A4	0x6803      	SETF        R3, 0
;__Lib_MathDouble.c,95 :: 		
0x00A6	0x6802      	SETF        R2, 0
;__Lib_MathDouble.c,96 :: 		
0x00A8	0x6801      	SETF        R1, 0
;__Lib_MathDouble.c,97 :: 		
0x00AA	0x6800      	SETF        R0, 0
;__Lib_MathDouble.c,98 :: 		
0x00AC	0x360A      	RLCF        R10, 1, 0
;__Lib_MathDouble.c,99 :: 		
0x00AE	0x3202      	RRCF        R2, 1, 0
;__Lib_MathDouble.c,100 :: 		
SETFOV32EEE:
;__Lib_MathDouble.c,101 :: 		
0x00B0	0x0EFF      	MOVLW       255
;__Lib_MathDouble.c,103 :: 		
L_end_SETFOV32:
0x00B2	0x0012      	RETURN      0
; end of _SETFOV32
_RES032:
;__Lib_MathDouble.c,128 :: 		
;__Lib_MathDouble.c,134 :: 		
0x00B4	0x6A02      	CLRF        R2, 0
;__Lib_MathDouble.c,135 :: 		
0x00B6	0x6A01      	CLRF        R1, 0
;__Lib_MathDouble.c,136 :: 		
0x00B8	0x6A00      	CLRF        R0, 0
;__Lib_MathDouble.c,137 :: 		
0x00BA	0x6A08      	CLRF        R8, 0
;__Lib_MathDouble.c,138 :: 		
0x00BC	0x6A03      	CLRF        R3, 0
;__Lib_MathDouble.c,139 :: 		
0x00BE	0x0E00      	MOVLW       0
;__Lib_MathDouble.c,141 :: 		
L_end_RES032:
0x00C0	0x0012      	RETURN      0
; end of _RES032
_SETFUN32:
;__Lib_MathDouble.c,144 :: 		
;__Lib_MathDouble.c,152 :: 		
0x00C2	0x840B      	BSF         R11, 2, 0
;__Lib_MathDouble.c,153 :: 		
0x00C4	0xAE0B      	BTFSS       R11, 7, 0
;__Lib_MathDouble.c,154 :: 		
0x00C6	0xF000EF6C  	GOTO        SETFUN32EEE
;__Lib_MathDouble.c,156 :: 		
0x00CA	0x0E01      	MOVLW       1
;__Lib_MathDouble.c,157 :: 		
0x00CC	0x6E03      	MOVWF       R3, 0
;__Lib_MathDouble.c,158 :: 		
0x00CE	0x6A02      	CLRF        R2, 0
;__Lib_MathDouble.c,159 :: 		
0x00D0	0x6A01      	CLRF        R1, 0
;__Lib_MathDouble.c,160 :: 		
0x00D2	0x6A00      	CLRF        R0, 0
;__Lib_MathDouble.c,161 :: 		
0x00D4	0x360A      	RLCF        R10, 1, 0
;__Lib_MathDouble.c,162 :: 		
0x00D6	0x3202      	RRCF        R2, 1, 0
;__Lib_MathDouble.c,163 :: 		
SETFUN32EEE:
;__Lib_MathDouble.c,164 :: 		
0x00D8	0x0EFF      	MOVLW       255
;__Lib_MathDouble.c,166 :: 		
L_end_SETFUN32:
0x00DA	0x0012      	RETURN      0
; end of _SETFUN32
_FIXSIGN32:
;__Lib_MathDouble.c,117 :: 		
;__Lib_MathDouble.c,121 :: 		
0x00DC	0xAE0A      	BTFSS       R10, 7, 0
;__Lib_MathDouble.c,122 :: 		
0x00DE	0x9E02      	BCF         R2, 7, 0
;__Lib_MathDouble.c,123 :: 		
0x00E0	0x0E00      	MOVLW       0
;__Lib_MathDouble.c,125 :: 		
L_end_FIXSIGN32:
0x00E2	0x0012      	RETURN      0
; end of _FIXSIGN32
_Lcd_Cmd:
;__Lib_Lcd.c,18 :: 		
;__Lib_Lcd.c,20 :: 		
0x00E4	0x0100      	MOVLB       0
0x00E6	0xBF6D      	BTFSC       FARG_Lcd_Cmd_out_char, 7, 1
0x00E8	0xD002      	BRA         L__Lcd_Cmd21
0x00EA	0x9A83      	BCF         LCD_D7, BitPos(LCD_D7+0) 
0x00EC	0xD001      	BRA         L__Lcd_Cmd22
L__Lcd_Cmd21:
0x00EE	0x8A83      	BSF         LCD_D7, BitPos(LCD_D7+0) 
L__Lcd_Cmd22:
;__Lib_Lcd.c,21 :: 		
0x00F0	0xBD6D      	BTFSC       FARG_Lcd_Cmd_out_char, 6, 1
0x00F2	0xD002      	BRA         L__Lcd_Cmd23
0x00F4	0x9883      	BCF         LCD_D6, BitPos(LCD_D6+0) 
0x00F6	0xD001      	BRA         L__Lcd_Cmd24
L__Lcd_Cmd23:
0x00F8	0x8883      	BSF         LCD_D6, BitPos(LCD_D6+0) 
L__Lcd_Cmd24:
;__Lib_Lcd.c,22 :: 		
0x00FA	0xBB6D      	BTFSC       FARG_Lcd_Cmd_out_char, 5, 1
0x00FC	0xD002      	BRA         L__Lcd_Cmd25
0x00FE	0x9683      	BCF         LCD_D5, BitPos(LCD_D5+0) 
0x0100	0xD001      	BRA         L__Lcd_Cmd26
L__Lcd_Cmd25:
0x0102	0x8683      	BSF         LCD_D5, BitPos(LCD_D5+0) 
L__Lcd_Cmd26:
;__Lib_Lcd.c,23 :: 		
0x0104	0xB96D      	BTFSC       FARG_Lcd_Cmd_out_char, 4, 1
0x0106	0xD002      	BRA         L__Lcd_Cmd27
0x0108	0x9483      	BCF         LCD_D4, BitPos(LCD_D4+0) 
0x010A	0xD001      	BRA         L__Lcd_Cmd28
L__Lcd_Cmd27:
0x010C	0x8483      	BSF         LCD_D4, BitPos(LCD_D4+0) 
L__Lcd_Cmd28:
;__Lib_Lcd.c,25 :: 		
0x010E	0xB037      	BTFSC       __Lib_Lcd_cmd_status, BitPos(__Lib_Lcd_cmd_status+0) 
0x0110	0xD002      	BRA         L__Lcd_Cmd29
0x0112	0x8083      	BSF         LCD_RS, BitPos(LCD_RS+0) 
0x0114	0xD001      	BRA         L__Lcd_Cmd30
L__Lcd_Cmd29:
0x0116	0x9083      	BCF         LCD_RS, BitPos(LCD_RS+0) 
L__Lcd_Cmd30:
;__Lib_Lcd.c,28 :: 		
0x0118	0x8283      	BSF         LCD_EN, BitPos(LCD_EN+0) 
;__Lib_Lcd.c,29 :: 		
0x011A	0xDFAD      	RCALL       _Delay_1us
;__Lib_Lcd.c,30 :: 		
0x011C	0x9283      	BCF         LCD_EN, BitPos(LCD_EN+0) 
;__Lib_Lcd.c,33 :: 		
0x011E	0xB76D      	BTFSC       FARG_Lcd_Cmd_out_char, 3, 1
0x0120	0xD002      	BRA         L__Lcd_Cmd31
0x0122	0x9A83      	BCF         LCD_D7, BitPos(LCD_D7+0) 
0x0124	0xD001      	BRA         L__Lcd_Cmd32
L__Lcd_Cmd31:
0x0126	0x8A83      	BSF         LCD_D7, BitPos(LCD_D7+0) 
L__Lcd_Cmd32:
;__Lib_Lcd.c,34 :: 		
0x0128	0xB56D      	BTFSC       FARG_Lcd_Cmd_out_char, 2, 1
0x012A	0xD002      	BRA         L__Lcd_Cmd33
0x012C	0x9883      	BCF         LCD_D6, BitPos(LCD_D6+0) 
0x012E	0xD001      	BRA         L__Lcd_Cmd34
L__Lcd_Cmd33:
0x0130	0x8883      	BSF         LCD_D6, BitPos(LCD_D6+0) 
L__Lcd_Cmd34:
;__Lib_Lcd.c,35 :: 		
0x0132	0xB36D      	BTFSC       FARG_Lcd_Cmd_out_char, 1, 1
0x0134	0xD002      	BRA         L__Lcd_Cmd35
0x0136	0x9683      	BCF         LCD_D5, BitPos(LCD_D5+0) 
0x0138	0xD001      	BRA         L__Lcd_Cmd36
L__Lcd_Cmd35:
0x013A	0x8683      	BSF         LCD_D5, BitPos(LCD_D5+0) 
L__Lcd_Cmd36:
;__Lib_Lcd.c,36 :: 		
0x013C	0xB16D      	BTFSC       FARG_Lcd_Cmd_out_char, 0, 1
0x013E	0xD002      	BRA         L__Lcd_Cmd37
0x0140	0x9483      	BCF         LCD_D4, BitPos(LCD_D4+0) 
0x0142	0xD001      	BRA         L__Lcd_Cmd38
L__Lcd_Cmd37:
0x0144	0x8483      	BSF         LCD_D4, BitPos(LCD_D4+0) 
L__Lcd_Cmd38:
;__Lib_Lcd.c,38 :: 		
0x0146	0xB037      	BTFSC       __Lib_Lcd_cmd_status, BitPos(__Lib_Lcd_cmd_status+0) 
0x0148	0xD002      	BRA         L__Lcd_Cmd39
0x014A	0x8083      	BSF         LCD_RS, BitPos(LCD_RS+0) 
0x014C	0xD001      	BRA         L__Lcd_Cmd40
L__Lcd_Cmd39:
0x014E	0x9083      	BCF         LCD_RS, BitPos(LCD_RS+0) 
L__Lcd_Cmd40:
;__Lib_Lcd.c,40 :: 		
0x0150	0x8283      	BSF         LCD_EN, BitPos(LCD_EN+0) 
;__Lib_Lcd.c,41 :: 		
0x0152	0xDF91      	RCALL       _Delay_1us
;__Lib_Lcd.c,42 :: 		
0x0154	0x9283      	BCF         LCD_EN, BitPos(LCD_EN+0) 
;__Lib_Lcd.c,44 :: 		
0x0156	0xA037      	BTFSS       __Lib_Lcd_cmd_status, BitPos(__Lib_Lcd_cmd_status+0) 
0x0158	0xD002      	BRA         L_Lcd_Cmd0
;__Lib_Lcd.c,45 :: 		
0x015A	0xDF90      	RCALL       _Delay_5500us
0x015C	0xD001      	BRA         L_Lcd_Cmd1
L_Lcd_Cmd0:
;__Lib_Lcd.c,47 :: 		
0x015E	0xDF99      	RCALL       _Delay_50us
L_Lcd_Cmd1:
;__Lib_Lcd.c,48 :: 		
L_end_Lcd_Cmd:
0x0160	0x0012      	RETURN      0
; end of _Lcd_Cmd
_Div_8X8_U:
;__Lib_Math.c,77 :: 		
;__Lib_Math.c,84 :: 		
0x0162	0x6A08      	CLRF        R8, 0
;__Lib_Math.c,85 :: 		
0x0164	0x0E08      	MOVLW       8
;__Lib_Math.c,86 :: 		
0x0166	0x6E0C      	MOVWF       R12, 0
;__Lib_Math.c,87 :: 		
0x0168	0x3400      	RLCF        R0, 0, 0
;__Lib_Math.c,88 :: 		
0x016A	0x3608      	RLCF        R8, 1, 0
;__Lib_Math.c,89 :: 		
0x016C	0x5004      	MOVF        R4, 0, 0
;__Lib_Math.c,90 :: 		
0x016E	0x5E08      	SUBWF       R8, 1, 0
;__Lib_Math.c,91 :: 		
0x0170	0xB0D8      	BTFSC       STATUS, 0, 0
;__Lib_Math.c,92 :: 		
0x0172	0xD002      	BRA         $+6
;__Lib_Math.c,93 :: 		
0x0174	0x2608      	ADDWF       R8, 1, 0
;__Lib_Math.c,94 :: 		
0x0176	0x90D8      	BCF         STATUS, 0, 0
;__Lib_Math.c,95 :: 		
0x0178	0x3600      	RLCF        R0, 1, 0
;__Lib_Math.c,96 :: 		
0x017A	0x2E0C      	DECFSZ      R12, 1, 0
;__Lib_Math.c,97 :: 		
0x017C	0xD7F5      	BRA         $-20
;__Lib_Math.c,99 :: 		
L_end_Div_8X8_U:
0x017E	0x0012      	RETURN      0
; end of _Div_8X8_U
_Lcd_Init:
;__Lib_Lcd.c,84 :: 		
;__Lib_Lcd.c,86 :: 		
0x0180	0x9295      	BCF         LCD_EN_Direction, BitPos(LCD_EN_Direction+0) 
;__Lib_Lcd.c,87 :: 		
0x0182	0x9095      	BCF         LCD_RS_Direction, BitPos(LCD_RS_Direction+0) 
;__Lib_Lcd.c,88 :: 		
0x0184	0x9495      	BCF         LCD_D4_Direction, BitPos(LCD_D4_Direction+0) 
;__Lib_Lcd.c,89 :: 		
0x0186	0x9695      	BCF         LCD_D5_Direction, BitPos(LCD_D5_Direction+0) 
;__Lib_Lcd.c,90 :: 		
0x0188	0x9895      	BCF         LCD_D6_Direction, BitPos(LCD_D6_Direction+0) 
;__Lib_Lcd.c,91 :: 		
0x018A	0x9A95      	BCF         LCD_D7_Direction, BitPos(LCD_D7_Direction+0) 
;__Lib_Lcd.c,93 :: 		
0x018C	0x9283      	BCF         LCD_EN, BitPos(LCD_EN+0) 
;__Lib_Lcd.c,94 :: 		
0x018E	0x9083      	BCF         LCD_RS, BitPos(LCD_RS+0) 
;__Lib_Lcd.c,95 :: 		
0x0190	0x9A83      	BCF         LCD_D7, BitPos(LCD_D7+0) 
;__Lib_Lcd.c,96 :: 		
0x0192	0x9883      	BCF         LCD_D6, BitPos(LCD_D6+0) 
;__Lib_Lcd.c,97 :: 		
0x0194	0x9683      	BCF         LCD_D5, BitPos(LCD_D5+0) 
;__Lib_Lcd.c,98 :: 		
0x0196	0x9483      	BCF         LCD_D4, BitPos(LCD_D4+0) 
;__Lib_Lcd.c,100 :: 		
0x0198	0xDF71      	RCALL       _Delay_5500us
;__Lib_Lcd.c,101 :: 		
0x019A	0xDF70      	RCALL       _Delay_5500us
;__Lib_Lcd.c,102 :: 		
0x019C	0xDF6F      	RCALL       _Delay_5500us
;__Lib_Lcd.c,105 :: 		
0x019E	0x8683      	BSF         LCD_D5, BitPos(LCD_D5+0) 
;__Lib_Lcd.c,106 :: 		
0x01A0	0x8483      	BSF         LCD_D4, BitPos(LCD_D4+0) 
;__Lib_Lcd.c,107 :: 		
0x01A2	0x8283      	BSF         LCD_EN, BitPos(LCD_EN+0) 
;__Lib_Lcd.c,108 :: 		
0x01A4	0xDF68      	RCALL       _Delay_1us
;__Lib_Lcd.c,109 :: 		
0x01A6	0x9283      	BCF         LCD_EN, BitPos(LCD_EN+0) 
;__Lib_Lcd.c,110 :: 		
0x01A8	0xDF69      	RCALL       _Delay_5500us
;__Lib_Lcd.c,112 :: 		
0x01AA	0x8283      	BSF         LCD_EN, BitPos(LCD_EN+0) 
;__Lib_Lcd.c,113 :: 		
0x01AC	0xDF64      	RCALL       _Delay_1us
;__Lib_Lcd.c,114 :: 		
0x01AE	0x9283      	BCF         LCD_EN, BitPos(LCD_EN+0) 
;__Lib_Lcd.c,115 :: 		
0x01B0	0xDF65      	RCALL       _Delay_5500us
;__Lib_Lcd.c,117 :: 		
0x01B2	0x8283      	BSF         LCD_EN, BitPos(LCD_EN+0) 
;__Lib_Lcd.c,118 :: 		
0x01B4	0xDF60      	RCALL       _Delay_1us
;__Lib_Lcd.c,119 :: 		
0x01B6	0x9283      	BCF         LCD_EN, BitPos(LCD_EN+0) 
;__Lib_Lcd.c,120 :: 		
0x01B8	0xDF61      	RCALL       _Delay_5500us
;__Lib_Lcd.c,123 :: 		
0x01BA	0x9483      	BCF         LCD_D4, BitPos(LCD_D4+0) 
;__Lib_Lcd.c,124 :: 		
0x01BC	0x8283      	BSF         LCD_EN, BitPos(LCD_EN+0) 
;__Lib_Lcd.c,125 :: 		
0x01BE	0xDF5B      	RCALL       _Delay_1us
;__Lib_Lcd.c,126 :: 		
0x01C0	0x9283      	BCF         LCD_EN, BitPos(LCD_EN+0) 
;__Lib_Lcd.c,127 :: 		
0x01C2	0xDF5C      	RCALL       _Delay_5500us
;__Lib_Lcd.c,130 :: 		
0x01C4	0x8283      	BSF         LCD_EN, BitPos(LCD_EN+0) 
;__Lib_Lcd.c,131 :: 		
0x01C6	0xDF57      	RCALL       _Delay_1us
;__Lib_Lcd.c,132 :: 		
0x01C8	0x9283      	BCF         LCD_EN, BitPos(LCD_EN+0) 
;__Lib_Lcd.c,134 :: 		
0x01CA	0x9683      	BCF         LCD_D5, BitPos(LCD_D5+0) 
;__Lib_Lcd.c,135 :: 		
0x01CC	0x8A83      	BSF         LCD_D7, BitPos(LCD_D7+0) 
;__Lib_Lcd.c,136 :: 		
0x01CE	0x8283      	BSF         LCD_EN, BitPos(LCD_EN+0) 
;__Lib_Lcd.c,137 :: 		
0x01D0	0xDF52      	RCALL       _Delay_1us
;__Lib_Lcd.c,138 :: 		
0x01D2	0x9283      	BCF         LCD_EN, BitPos(LCD_EN+0) 
;__Lib_Lcd.c,139 :: 		
0x01D4	0xDF53      	RCALL       _Delay_5500us
;__Lib_Lcd.c,142 :: 		
0x01D6	0x9A83      	BCF         LCD_D7, BitPos(LCD_D7+0) 
;__Lib_Lcd.c,143 :: 		
0x01D8	0x8483      	BSF         LCD_D4, BitPos(LCD_D4+0) 
;__Lib_Lcd.c,144 :: 		
0x01DA	0x8283      	BSF         LCD_EN, BitPos(LCD_EN+0) 
;__Lib_Lcd.c,145 :: 		
0x01DC	0xDF4C      	RCALL       _Delay_1us
;__Lib_Lcd.c,146 :: 		
0x01DE	0x9283      	BCF         LCD_EN, BitPos(LCD_EN+0) 
;__Lib_Lcd.c,148 :: 		
0x01E0	0x9483      	BCF         LCD_D4, BitPos(LCD_D4+0) 
;__Lib_Lcd.c,149 :: 		
0x01E2	0x8283      	BSF         LCD_EN, BitPos(LCD_EN+0) 
;__Lib_Lcd.c,150 :: 		
0x01E4	0xDF48      	RCALL       _Delay_1us
;__Lib_Lcd.c,151 :: 		
0x01E6	0x9283      	BCF         LCD_EN, BitPos(LCD_EN+0) 
;__Lib_Lcd.c,152 :: 		
0x01E8	0xDF49      	RCALL       _Delay_5500us
;__Lib_Lcd.c,155 :: 		
0x01EA	0x8283      	BSF         LCD_EN, BitPos(LCD_EN+0) 
;__Lib_Lcd.c,156 :: 		
0x01EC	0xDF44      	RCALL       _Delay_1us
;__Lib_Lcd.c,157 :: 		
0x01EE	0x9283      	BCF         LCD_EN, BitPos(LCD_EN+0) 
;__Lib_Lcd.c,159 :: 		
0x01F0	0x8483      	BSF         LCD_D4, BitPos(LCD_D4+0) 
;__Lib_Lcd.c,160 :: 		
0x01F2	0x8283      	BSF         LCD_EN, BitPos(LCD_EN+0) 
;__Lib_Lcd.c,161 :: 		
0x01F4	0xDF40      	RCALL       _Delay_1us
;__Lib_Lcd.c,162 :: 		
0x01F6	0x9283      	BCF         LCD_EN, BitPos(LCD_EN+0) 
;__Lib_Lcd.c,163 :: 		
0x01F8	0xDF41      	RCALL       _Delay_5500us
;__Lib_Lcd.c,166 :: 		
0x01FA	0x9483      	BCF         LCD_D4, BitPos(LCD_D4+0) 
;__Lib_Lcd.c,167 :: 		
0x01FC	0x8283      	BSF         LCD_EN, BitPos(LCD_EN+0) 
;__Lib_Lcd.c,168 :: 		
0x01FE	0xDF3B      	RCALL       _Delay_1us
;__Lib_Lcd.c,169 :: 		
0x0200	0x9283      	BCF         LCD_EN, BitPos(LCD_EN+0) 
;__Lib_Lcd.c,171 :: 		
0x0202	0x8A83      	BSF         LCD_D7, BitPos(LCD_D7+0) 
;__Lib_Lcd.c,172 :: 		
0x0204	0x8883      	BSF         LCD_D6, BitPos(LCD_D6+0) 
;__Lib_Lcd.c,173 :: 		
0x0206	0x8683      	BSF         LCD_D5, BitPos(LCD_D5+0) 
;__Lib_Lcd.c,174 :: 		
0x0208	0x8483      	BSF         LCD_D4, BitPos(LCD_D4+0) 
;__Lib_Lcd.c,175 :: 		
0x020A	0x8283      	BSF         LCD_EN, BitPos(LCD_EN+0) 
;__Lib_Lcd.c,176 :: 		
0x020C	0xDF34      	RCALL       _Delay_1us
;__Lib_Lcd.c,177 :: 		
0x020E	0x9283      	BCF         LCD_EN, BitPos(LCD_EN+0) 
;__Lib_Lcd.c,179 :: 		
0x0210	0xDF35      	RCALL       _Delay_5500us
;__Lib_Lcd.c,181 :: 		
0x0212	0x8037      	BSF         __Lib_Lcd_cmd_status, BitPos(__Lib_Lcd_cmd_status+0) 
;__Lib_Lcd.c,182 :: 		
L_end_Lcd_Init:
0x0214	0x0012      	RETURN      0
; end of _Lcd_Init
_strcpy:
;__Lib_CString.c,133 :: 		
;__Lib_CString.c,136 :: 		
0x0216	0xF004C069  	MOVFF       FARG_strcpy_to, R4
0x021A	0xF005C06A  	MOVFF       FARG_strcpy_to+1, R5
;__Lib_CString.c,137 :: 		
L_strcpy34:
0x021E	0xF002C004  	MOVFF       R4, R2
0x0222	0xF003C005  	MOVFF       R5, R3
0x0226	0x4A04      	INFSNZ      R4, 1 
0x0228	0x2A05      	INCF        R5, 1 
0x022A	0xF000C06B  	MOVFF       FARG_strcpy_from, R0
0x022E	0xF001C06C  	MOVFF       FARG_strcpy_from+1, R1
0x0232	0x0100      	MOVLB       0
0x0234	0x4B6B      	INFSNZ      FARG_strcpy_from, 1, 1
0x0236	0x2B6C      	INCF        FARG_strcpy_from+1, 1, 1
0x0238	0xFFE9C000  	MOVFF       R0, FSR0L
0x023C	0xFFEAC001  	MOVFF       R1, FSR0H
0x0240	0xFFE1C002  	MOVFF       R2, FSR1L
0x0244	0xFFE2C003  	MOVFF       R3, FSR1H
0x0248	0xFFE6CFEE  	MOVFF       POSTINC0, POSTINC1
0x024C	0xFFE9C002  	MOVFF       R2, FSR0L
0x0250	0xFFEAC003  	MOVFF       R3, FSR0H
0x0254	0x52EE      	MOVF        POSTINC0, 1 
0x0256	0xE001      	BZ          L_strcpy35
;__Lib_CString.c,138 :: 		
0x0258	0xD7E2      	BRA         L_strcpy34
L_strcpy35:
;__Lib_CString.c,139 :: 		
0x025A	0xF000C069  	MOVFF       FARG_strcpy_to, R0
0x025E	0xF001C06A  	MOVFF       FARG_strcpy_to+1, R1
;__Lib_CString.c,140 :: 		
L_end_strcpy:
0x0262	0x0012      	RETURN      0
; end of _strcpy
_UART1_Init:
;__Lib_UART_c67.c,15 :: 		
;__Lib_UART_c67.c,18 :: 		
0x0264	0x0EFF      	MOVLW       _UART1_Write
0x0266	0x6E51      	MOVWF       _UART_Wr_Ptr 
0x0268	0x0EFF      	MOVLW       hi_addr(_UART1_Write)
0x026A	0x6E52      	MOVWF       _UART_Wr_Ptr+1 
0x026C	0x0EFF      	MOVLW       FARG_UART1_Write_data_
0x026E	0x6E53      	MOVWF       _UART_Wr_Ptr+2 
0x0270	0x0EFF      	MOVLW       hi_addr(FARG_UART1_Write_data_)
0x0272	0x6E54      	MOVWF       _UART_Wr_Ptr+3 
;__Lib_UART_c67.c,19 :: 		
0x0274	0x0EE6      	MOVLW       _UART1_Read
0x0276	0x6E4D      	MOVWF       _UART_Rd_Ptr 
0x0278	0x0E06      	MOVLW       hi_addr(_UART1_Read)
0x027A	0x6E4E      	MOVWF       _UART_Rd_Ptr+1 
0x027C	0x0E00      	MOVLW       0
0x027E	0x6E4F      	MOVWF       _UART_Rd_Ptr+2 
0x0280	0x0E00      	MOVLW       0
0x0282	0x6E50      	MOVWF       _UART_Rd_Ptr+3 
;__Lib_UART_c67.c,20 :: 		
0x0284	0x0EFF      	MOVLW       _UART1_Data_Ready
0x0286	0x6E49      	MOVWF       _UART_Rdy_Ptr 
0x0288	0x0EFF      	MOVLW       hi_addr(_UART1_Data_Ready)
0x028A	0x6E4A      	MOVWF       _UART_Rdy_Ptr+1 
0x028C	0x0E00      	MOVLW       0
0x028E	0x6E4B      	MOVWF       _UART_Rdy_Ptr+2 
0x0290	0x0E00      	MOVLW       0
0x0292	0x6E4C      	MOVWF       _UART_Rdy_Ptr+3 
;__Lib_UART_c67.c,21 :: 		
0x0294	0x0EFF      	MOVLW       _UART1_Tx_Idle
0x0296	0x6E57      	MOVWF       _UART_Tx_Idle_Ptr 
0x0298	0x0EFF      	MOVLW       hi_addr(_UART1_Tx_Idle)
0x029A	0x6E58      	MOVWF       _UART_Tx_Idle_Ptr+1 
0x029C	0x0E00      	MOVLW       0
0x029E	0x6E59      	MOVWF       _UART_Tx_Idle_Ptr+2 
0x02A0	0x0E00      	MOVLW       0
0x02A2	0x6E5A      	MOVWF       _UART_Tx_Idle_Ptr+3 
;__Lib_UART_c67.c,23 :: 		
0x02A4	0x8AAC      	BSF         TXSTA, 5 
;__Lib_UART_c67.c,24 :: 		
0x02A6	0x0E90      	MOVLW       144
0x02A8	0x6EAB      	MOVWF       RCSTA 
;__Lib_UART_c67.c,25 :: 		
0x02AA	0x8E94      	BSF         TRISC7_bit, BitPos(TRISC7_bit+0) 
;__Lib_UART_c67.c,26 :: 		
0x02AC	0x9C94      	BCF         TRISC6_bit, BitPos(TRISC6_bit+0) 
;__Lib_UART_c67.c,28 :: 		
L_UART1_Init0:
0x02AE	0xAA9E      	BTFSS       PIR1, 5 
0x02B0	0xD003      	BRA         L_UART1_Init1
;__Lib_UART_c67.c,29 :: 		
0x02B2	0xF000CFAE  	MOVFF       RCREG, R0
0x02B6	0xD7FB      	BRA         L_UART1_Init0
L_UART1_Init1:
;__Lib_UART_c67.c,30 :: 		
L_end_UART1_Init:
0x02B8	0x0012      	RETURN      0
; end of _UART1_Init
_NRM4032:
;__Lib_MathDouble.c,174 :: 		
;__Lib_MathDouble.c,183 :: 		
0x02BA	0xB00C      	BTFSC       R12, 0, 0
;__Lib_MathDouble.c,184 :: 		
0x02BC	0xF001EF9F  	GOTO        NRMRND4032
;__Lib_MathDouble.c,185 :: 		
0x02C0	0xA20C      	BTFSS       R12, 1, 0
;__Lib_MathDouble.c,186 :: 		
0x02C2	0xF002EF45  	GOTO        NRM40JPSETFOV32
;__Lib_MathDouble.c,188 :: 		
0x02C6	0x6A0E      	CLRF        R14, 0
;__Lib_MathDouble.c,189 :: 		
0x02C8	0x0E00      	MOVLW       0
;__Lib_MathDouble.c,190 :: 		
0x02CA	0x6402      	CPFSGT      R2, 0
;__Lib_MathDouble.c,191 :: 		
0x02CC	0xF001EFB6  	GOTO        NRM4032A
;__Lib_MathDouble.c,194 :: 		
0x02D0	0x0EF0      	MOVLW       240
;__Lib_MathDouble.c,195 :: 		
0x02D2	0x1402      	ANDWF       R2, 0, 0
;__Lib_MathDouble.c,196 :: 		
0x02D4	0xA4D8      	BTFSS       STATUS, 2, 0
;__Lib_MathDouble.c,197 :: 		
0x02D6	0xF001EF81  	GOTO        NORM4032
;__Lib_MathDouble.c,199 :: 		
0x02DA	0x3A02      	SWAPF       R2, 1, 0
;__Lib_MathDouble.c,200 :: 		
0x02DC	0x3801      	SWAPF       R1, 0, 0
;__Lib_MathDouble.c,201 :: 		
0x02DE	0x0B0F      	ANDLW       15
;__Lib_MathDouble.c,202 :: 		
0x02E0	0x2602      	ADDWF       R2, 1, 0
;__Lib_MathDouble.c,204 :: 		
0x02E2	0x3801      	SWAPF       R1, 0, 0
;__Lib_MathDouble.c,205 :: 		
0x02E4	0x0BF0      	ANDLW       240
;__Lib_MathDouble.c,206 :: 		
0x02E6	0x6E01      	MOVWF       R1, 0
;__Lib_MathDouble.c,207 :: 		
0x02E8	0x3800      	SWAPF       R0, 0, 0
;__Lib_MathDouble.c,208 :: 		
0x02EA	0x0B0F      	ANDLW       15
;__Lib_MathDouble.c,209 :: 		
0x02EC	0x2601      	ADDWF       R1, 1, 0
;__Lib_MathDouble.c,211 :: 		
0x02EE	0x3800      	SWAPF       R0, 0, 0
;__Lib_MathDouble.c,212 :: 		
0x02F0	0x0BF0      	ANDLW       240
;__Lib_MathDouble.c,213 :: 		
0x02F2	0x6E00      	MOVWF       R0, 0
;__Lib_MathDouble.c,214 :: 		
0x02F4	0x3808      	SWAPF       R8, 0, 0
;__Lib_MathDouble.c,215 :: 		
0x02F6	0x0B0F      	ANDLW       15
;__Lib_MathDouble.c,216 :: 		
0x02F8	0x2600      	ADDWF       R0, 1, 0
;__Lib_MathDouble.c,218 :: 		
0x02FA	0x3808      	SWAPF       R8, 0, 0
;__Lib_MathDouble.c,219 :: 		
0x02FC	0x0BF0      	ANDLW       240
;__Lib_MathDouble.c,220 :: 		
0x02FE	0x6E08      	MOVWF       R8, 0
;__Lib_MathDouble.c,222 :: 		
0x0300	0x840E      	BSF         R14, 2, 0
;__Lib_MathDouble.c,224 :: 		
NORM4032:
;__Lib_MathDouble.c,225 :: 		
0x0302	0x90D8      	BCF         STATUS, 0, 0
;__Lib_MathDouble.c,227 :: 		
0x0304	0xBE02      	BTFSC       R2, 7, 0
;__Lib_MathDouble.c,228 :: 		
0x0306	0xF001EF9A  	GOTO        TNORMUN4032
;__Lib_MathDouble.c,229 :: 		
0x030A	0x3608      	RLCF        R8, 1, 0
;__Lib_MathDouble.c,230 :: 		
0x030C	0x3600      	RLCF        R0, 1, 0
;__Lib_MathDouble.c,231 :: 		
0x030E	0x3601      	RLCF        R1, 1, 0
;__Lib_MathDouble.c,232 :: 		
0x0310	0x3602      	RLCF        R2, 1, 0
;__Lib_MathDouble.c,233 :: 		
0x0312	0x2A0E      	INCF        R14, 1, 0
;__Lib_MathDouble.c,234 :: 		
0x0314	0xBE02      	BTFSC       R2, 7, 0
;__Lib_MathDouble.c,235 :: 		
0x0316	0xF001EF9A  	GOTO        TNORMUN4032
;__Lib_MathDouble.c,236 :: 		
0x031A	0x3608      	RLCF        R8, 1, 0
;__Lib_MathDouble.c,237 :: 		
0x031C	0x3600      	RLCF        R0, 1, 0
;__Lib_MathDouble.c,238 :: 		
0x031E	0x3601      	RLCF        R1, 1, 0
;__Lib_MathDouble.c,239 :: 		
0x0320	0x3602      	RLCF        R2, 1, 0
;__Lib_MathDouble.c,240 :: 		
0x0322	0x2A0E      	INCF        R14, 1, 0
;__Lib_MathDouble.c,241 :: 		
0x0324	0xBE02      	BTFSC       R2, 7, 0
;__Lib_MathDouble.c,242 :: 		
0x0326	0xF001EF9A  	GOTO        TNORMUN4032
;__Lib_MathDouble.c,243 :: 		
0x032A	0x3608      	RLCF        R8, 1, 0
;__Lib_MathDouble.c,244 :: 		
0x032C	0x3600      	RLCF        R0, 1, 0
;__Lib_MathDouble.c,245 :: 		
0x032E	0x3601      	RLCF        R1, 1, 0
;__Lib_MathDouble.c,246 :: 		
0x0330	0x3602      	RLCF        R2, 1, 0
;__Lib_MathDouble.c,247 :: 		
0x0332	0x2A0E      	INCF        R14, 1, 0
;__Lib_MathDouble.c,249 :: 		
TNORMUN4032:
;__Lib_MathDouble.c,250 :: 		
0x0334	0x500E      	MOVF        R14, 0, 0
;__Lib_MathDouble.c,251 :: 		
0x0336	0x6403      	CPFSGT      R3, 0
;__Lib_MathDouble.c,252 :: 		
0x0338	0xF002EF3B  	GOTO        NRM40JPSETFUN32
;__Lib_MathDouble.c,253 :: 		
0x033C	0x5E03      	SUBWF       R3, 1, 0
;__Lib_MathDouble.c,255 :: 		
NRMRND4032:
;__Lib_MathDouble.c,256 :: 		
0x033E	0xBC0B      	BTFSC       R11, 6, 0
;__Lib_MathDouble.c,257 :: 		
0x0340	0xAE08      	BTFSS       R8, 7, 0
;__Lib_MathDouble.c,258 :: 		
0x0342	0xF002EF40  	GOTO        NRM40JPFIXSIGN32
;__Lib_MathDouble.c,259 :: 		
0x0346	0x80D8      	BSF         STATUS, 0, 0
;__Lib_MathDouble.c,260 :: 		
0x0348	0x0E80      	MOVLW       128
;__Lib_MathDouble.c,261 :: 		
0x034A	0x6408      	CPFSGT      R8, 0
;__Lib_MathDouble.c,262 :: 		
0x034C	0x3000      	RRCF        R0, 0, 0
;__Lib_MathDouble.c,263 :: 		
0x034E	0x0E00      	MOVLW       0
;__Lib_MathDouble.c,264 :: 		
0x0350	0x2200      	ADDWFC      R0, 1, 0
;__Lib_MathDouble.c,265 :: 		
0x0352	0x2201      	ADDWFC      R1, 1, 0
;__Lib_MathDouble.c,266 :: 		
0x0354	0x2202      	ADDWFC      R2, 1, 0
;__Lib_MathDouble.c,268 :: 		
0x0356	0xA0D8      	BTFSS       STATUS, 0, 0
;__Lib_MathDouble.c,269 :: 		
0x0358	0xF002EF40  	GOTO        NRM40JPFIXSIGN32
;__Lib_MathDouble.c,270 :: 		
0x035C	0x3202      	RRCF        R2, 1, 0
;__Lib_MathDouble.c,271 :: 		
0x035E	0x3201      	RRCF        R1, 1, 0
;__Lib_MathDouble.c,272 :: 		
0x0360	0x3200      	RRCF        R0, 1, 0
;__Lib_MathDouble.c,273 :: 		
0x0362	0x4A03      	INFSNZ      R3, 1, 0
;__Lib_MathDouble.c,274 :: 		
0x0364	0xF002EF45  	GOTO        NRM40JPSETFOV32
;__Lib_MathDouble.c,275 :: 		
0x0368	0xF002EF40  	GOTO        NRM40JPFIXSIGN32
;__Lib_MathDouble.c,277 :: 		
NRM4032A:
;__Lib_MathDouble.c,278 :: 		
0x036C	0xF002C001  	MOVFF       R1, R2
;__Lib_MathDouble.c,279 :: 		
0x0370	0xF001C000  	MOVFF       R0, R1
;__Lib_MathDouble.c,280 :: 		
0x0374	0xF000C008  	MOVFF       R8, R0
;__Lib_MathDouble.c,281 :: 		
0x0378	0x6A08      	CLRF        R8, 0
;__Lib_MathDouble.c,282 :: 		
0x037A	0x0E00      	MOVLW       0
;__Lib_MathDouble.c,283 :: 		
0x037C	0x860E      	BSF         R14, 3, 0
;__Lib_MathDouble.c,284 :: 		
0x037E	0x6402      	CPFSGT      R2, 0
;__Lib_MathDouble.c,285 :: 		
0x0380	0xF001EFED  	GOTO        NRM4032B
;__Lib_MathDouble.c,288 :: 		
0x0384	0x0EF0      	MOVLW       240
;__Lib_MathDouble.c,289 :: 		
0x0386	0x1402      	ANDWF       R2, 0, 0
;__Lib_MathDouble.c,290 :: 		
0x0388	0xA4D8      	BTFSS       STATUS, 2, 0
;__Lib_MathDouble.c,291 :: 		
0x038A	0xF001EFD5  	GOTO        NORM4032A
;__Lib_MathDouble.c,292 :: 		
0x038E	0x3A02      	SWAPF       R2, 1, 0
;__Lib_MathDouble.c,293 :: 		
0x0390	0x3801      	SWAPF       R1, 0, 0
;__Lib_MathDouble.c,294 :: 		
0x0392	0x0B0F      	ANDLW       15
;__Lib_MathDouble.c,295 :: 		
0x0394	0x2602      	ADDWF       R2, 1, 0
;__Lib_MathDouble.c,297 :: 		
0x0396	0x3801      	SWAPF       R1, 0, 0
;__Lib_MathDouble.c,298 :: 		
0x0398	0x0BF0      	ANDLW       240
;__Lib_MathDouble.c,299 :: 		
0x039A	0x6E01      	MOVWF       R1, 0
;__Lib_MathDouble.c,300 :: 		
0x039C	0x3800      	SWAPF       R0, 0, 0
;__Lib_MathDouble.c,301 :: 		
0x039E	0x0B0F      	ANDLW       15
;__Lib_MathDouble.c,302 :: 		
0x03A0	0x2601      	ADDWF       R1, 1, 0
;__Lib_MathDouble.c,304 :: 		
0x03A2	0x3800      	SWAPF       R0, 0, 0
;__Lib_MathDouble.c,305 :: 		
0x03A4	0x0BF0      	ANDLW       240
;__Lib_MathDouble.c,306 :: 		
0x03A6	0x6E00      	MOVWF       R0, 0
;__Lib_MathDouble.c,308 :: 		
0x03A8	0x840E      	BSF         R14, 2, 0
;__Lib_MathDouble.c,310 :: 		
NORM4032A:
;__Lib_MathDouble.c,311 :: 		
0x03AA	0x90D8      	BCF         STATUS, 0, 0
;__Lib_MathDouble.c,313 :: 		
0x03AC	0xBE02      	BTFSC       R2, 7, 0
;__Lib_MathDouble.c,314 :: 		
0x03AE	0xF001EF9A  	GOTO        TNORMUN4032
;__Lib_MathDouble.c,315 :: 		
0x03B2	0x3600      	RLCF        R0, 1, 0
;__Lib_MathDouble.c,316 :: 		
0x03B4	0x3601      	RLCF        R1, 1, 0
;__Lib_MathDouble.c,317 :: 		
0x03B6	0x3602      	RLCF        R2, 1, 0
;__Lib_MathDouble.c,318 :: 		
0x03B8	0x2A0E      	INCF        R14, 1, 0
;__Lib_MathDouble.c,319 :: 		
0x03BA	0xBE02      	BTFSC       R2, 7, 0
;__Lib_MathDouble.c,320 :: 		
0x03BC	0xF001EF9A  	GOTO        TNORMUN4032
;__Lib_MathDouble.c,321 :: 		
0x03C0	0x3600      	RLCF        R0, 1, 0
;__Lib_MathDouble.c,322 :: 		
0x03C2	0x3601      	RLCF        R1, 1, 0
;__Lib_MathDouble.c,323 :: 		
0x03C4	0x3602      	RLCF        R2, 1, 0
;__Lib_MathDouble.c,324 :: 		
0x03C6	0x2A0E      	INCF        R14, 1, 0
;__Lib_MathDouble.c,325 :: 		
0x03C8	0xBE02      	BTFSC       R2, 7, 0
;__Lib_MathDouble.c,326 :: 		
0x03CA	0xF001EF9A  	GOTO        TNORMUN4032
;__Lib_MathDouble.c,327 :: 		
0x03CE	0x3600      	RLCF        R0, 1, 0
;__Lib_MathDouble.c,328 :: 		
0x03D0	0x3601      	RLCF        R1, 1, 0
;__Lib_MathDouble.c,329 :: 		
0x03D2	0x3602      	RLCF        R2, 1, 0
;__Lib_MathDouble.c,330 :: 		
0x03D4	0x2A0E      	INCF        R14, 1, 0
;__Lib_MathDouble.c,331 :: 		
0x03D6	0xF001EF9A  	GOTO        TNORMUN4032
;__Lib_MathDouble.c,333 :: 		
NRM4032B:
;__Lib_MathDouble.c,334 :: 		
0x03DA	0xF002C001  	MOVFF       R1, R2
;__Lib_MathDouble.c,335 :: 		
0x03DE	0xF001C000  	MOVFF       R0, R1
;__Lib_MathDouble.c,336 :: 		
0x03E2	0x6A00      	CLRF        R0, 0
;__Lib_MathDouble.c,337 :: 		
0x03E4	0x0E00      	MOVLW       0
;__Lib_MathDouble.c,338 :: 		
0x03E6	0x960E      	BCF         R14, 3, 0
;__Lib_MathDouble.c,339 :: 		
0x03E8	0x880E      	BSF         R14, 4, 0
;__Lib_MathDouble.c,340 :: 		
0x03EA	0x6402      	CPFSGT      R2, 0
;__Lib_MathDouble.c,341 :: 		
0x03EC	0xF002EF1A  	GOTO        NRM4032C
;__Lib_MathDouble.c,344 :: 		
0x03F0	0x0EF0      	MOVLW       240
;__Lib_MathDouble.c,345 :: 		
0x03F2	0x1402      	ANDWF       R2, 0, 0
;__Lib_MathDouble.c,346 :: 		
0x03F4	0xA4D8      	BTFSS       STATUS, 2, 0
;__Lib_MathDouble.c,347 :: 		
0x03F6	0xF002EF05  	GOTO        NORM4032B
;__Lib_MathDouble.c,349 :: 		
0x03FA	0x3A02      	SWAPF       R2, 1, 0
;__Lib_MathDouble.c,350 :: 		
0x03FC	0x3801      	SWAPF       R1, 0, 0
;__Lib_MathDouble.c,351 :: 		
0x03FE	0x0B0F      	ANDLW       15
;__Lib_MathDouble.c,352 :: 		
0x0400	0x2602      	ADDWF       R2, 1, 0
;__Lib_MathDouble.c,354 :: 		
0x0402	0x3801      	SWAPF       R1, 0, 0
;__Lib_MathDouble.c,355 :: 		
0x0404	0x0BF0      	ANDLW       240
;__Lib_MathDouble.c,356 :: 		
0x0406	0x6E01      	MOVWF       R1, 0
;__Lib_MathDouble.c,358 :: 		
0x0408	0x840E      	BSF         R14, 2, 0
;__Lib_MathDouble.c,360 :: 		
NORM4032B:
;__Lib_MathDouble.c,361 :: 		
0x040A	0x90D8      	BCF         STATUS, 0, 0
;__Lib_MathDouble.c,362 :: 		
0x040C	0xBE02      	BTFSC       R2, 7, 0
;__Lib_MathDouble.c,363 :: 		
0x040E	0xF001EF9A  	GOTO        TNORMUN4032
;__Lib_MathDouble.c,364 :: 		
0x0412	0x3601      	RLCF        R1, 1, 0
;__Lib_MathDouble.c,365 :: 		
0x0414	0x3602      	RLCF        R2, 1, 0
;__Lib_MathDouble.c,366 :: 		
0x0416	0x2A0E      	INCF        R14, 1, 0
;__Lib_MathDouble.c,367 :: 		
0x0418	0xBE02      	BTFSC       R2, 7, 0
;__Lib_MathDouble.c,368 :: 		
0x041A	0xF001EF9A  	GOTO        TNORMUN4032
;__Lib_MathDouble.c,369 :: 		
0x041E	0x3601      	RLCF        R1, 1, 0
;__Lib_MathDouble.c,370 :: 		
0x0420	0x3602      	RLCF        R2, 1, 0
;__Lib_MathDouble.c,371 :: 		
0x0422	0x2A0E      	INCF        R14, 1, 0
;__Lib_MathDouble.c,372 :: 		
0x0424	0xBE02      	BTFSC       R2, 7, 0
;__Lib_MathDouble.c,373 :: 		
0x0426	0xF001EF9A  	GOTO        TNORMUN4032
;__Lib_MathDouble.c,374 :: 		
0x042A	0x3601      	RLCF        R1, 1, 0
;__Lib_MathDouble.c,375 :: 		
0x042C	0x3602      	RLCF        R2, 1, 0
;__Lib_MathDouble.c,376 :: 		
0x042E	0x2A0E      	INCF        R14, 1, 0
;__Lib_MathDouble.c,377 :: 		
0x0430	0xF001EF9A  	GOTO        TNORMUN4032
;__Lib_MathDouble.c,379 :: 		
NRM4032C:
;__Lib_MathDouble.c,380 :: 		
0x0434	0xF002C001  	MOVFF       R1, R2
;__Lib_MathDouble.c,381 :: 		
0x0438	0x6A01      	CLRF        R1, 0
;__Lib_MathDouble.c,382 :: 		
0x043A	0x0E00      	MOVLW       0
;__Lib_MathDouble.c,383 :: 		
0x043C	0x860E      	BSF         R14, 3, 0
;__Lib_MathDouble.c,384 :: 		
0x043E	0x6402      	CPFSGT      R2, 0
;__Lib_MathDouble.c,385 :: 		
0x0440	0xF002EF4A  	GOTO        NRM40JPRES032
;__Lib_MathDouble.c,388 :: 		
0x0444	0x0EF0      	MOVLW       240
;__Lib_MathDouble.c,389 :: 		
0x0446	0x1402      	ANDWF       R2, 0, 0
;__Lib_MathDouble.c,390 :: 		
0x0448	0xA4D8      	BTFSS       STATUS, 2, 0
;__Lib_MathDouble.c,391 :: 		
0x044A	0xF002EF29  	GOTO        NORM4032C
;__Lib_MathDouble.c,392 :: 		
0x044E	0x3A02      	SWAPF       R2, 1, 0
;__Lib_MathDouble.c,394 :: 		
0x0450	0x840E      	BSF         R14, 2, 0
;__Lib_MathDouble.c,396 :: 		
NORM4032C:
;__Lib_MathDouble.c,397 :: 		
0x0452	0x90D8      	BCF         STATUS, 0, 0
;__Lib_MathDouble.c,399 :: 		
0x0454	0xBE02      	BTFSC       R2, 7, 0
;__Lib_MathDouble.c,400 :: 		
0x0456	0xF001EF9A  	GOTO        TNORMUN4032
;__Lib_MathDouble.c,401 :: 		
0x045A	0x3602      	RLCF        R2, 1, 0
;__Lib_MathDouble.c,402 :: 		
0x045C	0x2A0E      	INCF        R14, 1, 0
;__Lib_MathDouble.c,403 :: 		
0x045E	0xBE02      	BTFSC       R2, 7, 0
;__Lib_MathDouble.c,404 :: 		
0x0460	0xF001EF9A  	GOTO        TNORMUN4032
;__Lib_MathDouble.c,405 :: 		
0x0464	0x3602      	RLCF        R2, 1, 0
;__Lib_MathDouble.c,406 :: 		
0x0466	0x2A0E      	INCF        R14, 1, 0
;__Lib_MathDouble.c,407 :: 		
0x0468	0xBE02      	BTFSC       R2, 7, 0
;__Lib_MathDouble.c,408 :: 		
0x046A	0xF001EF9A  	GOTO        TNORMUN4032
;__Lib_MathDouble.c,409 :: 		
0x046E	0x3602      	RLCF        R2, 1, 0
;__Lib_MathDouble.c,410 :: 		
0x0470	0x2A0E      	INCF        R14, 1, 0
;__Lib_MathDouble.c,411 :: 		
0x0472	0xF001EF9A  	GOTO        TNORMUN4032
;__Lib_MathDouble.c,413 :: 		
NRM40JPSETFUN32:
;__Lib_MathDouble.c,414 :: 		
0x0476	0x0E01      	MOVLW       1
;__Lib_MathDouble.c,415 :: 		
0x0478	0x6E0C      	MOVWF       R12, 0
;__Lib_MathDouble.c,417 :: 		
0x047A	0xDE23      	RCALL       _SETFUN32
;__Lib_MathDouble.c,419 :: 		
0x047C	0xF002EF4D  	GOTO        NRM40EEE
;__Lib_MathDouble.c,420 :: 		
NRM40JPFIXSIGN32:
;__Lib_MathDouble.c,421 :: 		
0x0480	0x0E02      	MOVLW       2
;__Lib_MathDouble.c,422 :: 		
0x0482	0x6E0C      	MOVWF       R12, 0
;__Lib_MathDouble.c,424 :: 		
0x0484	0xDE2B      	RCALL       _FIXSIGN32
;__Lib_MathDouble.c,426 :: 		
0x0486	0xF002EF4D  	GOTO        NRM40EEE
;__Lib_MathDouble.c,427 :: 		
NRM40JPSETFOV32:
;__Lib_MathDouble.c,428 :: 		
0x048A	0x0E04      	MOVLW       4
;__Lib_MathDouble.c,429 :: 		
0x048C	0x6E0C      	MOVWF       R12, 0
;__Lib_MathDouble.c,431 :: 		
0x048E	0xDE06      	RCALL       _SETFOV32
;__Lib_MathDouble.c,433 :: 		
0x0490	0xF002EF4D  	GOTO        NRM40EEE
;__Lib_MathDouble.c,434 :: 		
NRM40JPRES032:
;__Lib_MathDouble.c,435 :: 		
0x0494	0x0E08      	MOVLW       8
;__Lib_MathDouble.c,436 :: 		
0x0496	0x6E0C      	MOVWF       R12, 0
;__Lib_MathDouble.c,438 :: 		
0x0498	0xDE0D      	RCALL       _RES032
;__Lib_MathDouble.c,440 :: 		
NRM40EEE:
;__Lib_MathDouble.c,448 :: 		
L_end_NRM4032:
0x049A	0x0012      	RETURN      0
; end of _NRM4032
_Mul_32x32_FP:
;__Lib_MathDouble.c,1130 :: 		
;__Lib_MathDouble.c,1148 :: 		
0x049C	0x6A08      	CLRF        R8, 0
;__Lib_MathDouble.c,1149 :: 		
0x049E	0x6A09      	CLRF        R9, 0
;__Lib_MathDouble.c,1151 :: 		
0x04A0	0x0E00      	MOVLW       0
;__Lib_MathDouble.c,1152 :: 		
0x04A2	0x6207      	CPFSEQ      R7, 0
;__Lib_MathDouble.c,1153 :: 		
0x04A4	0x6403      	CPFSGT      R3, 0
;__Lib_MathDouble.c,1154 :: 		
0x04A6	0xF002EFD3  	GOTO        MULJPRES032
;__Lib_MathDouble.c,1157 :: 		
0x04AA	0x5002      	MOVF        R2, 0, 0
;__Lib_MathDouble.c,1158 :: 		
0x04AC	0x1806      	XORWF       R6, 0, 0
;__Lib_MathDouble.c,1159 :: 		
0x04AE	0x6E0A      	MOVWF       R10, 0
;__Lib_MathDouble.c,1161 :: 		
0x04B0	0x5007      	MOVF        R7, 0, 0
;__Lib_MathDouble.c,1162 :: 		
0x04B2	0x2603      	ADDWF       R3, 1, 0
;__Lib_MathDouble.c,1163 :: 		
0x04B4	0x0E7E      	MOVLW       126
;__Lib_MathDouble.c,1164 :: 		
0x04B6	0xA0D8      	BTFSS       STATUS, 0, 0
;__Lib_MathDouble.c,1165 :: 		
0x04B8	0xF002EF64  	GOTO        MTUN32
;__Lib_MathDouble.c,1167 :: 		
0x04BC	0x5E03      	SUBWF       R3, 1, 0
;__Lib_MathDouble.c,1168 :: 		
0x04BE	0xB0D8      	BTFSC       STATUS, 0, 0
;__Lib_MathDouble.c,1169 :: 		
0x04C0	0xF002EFD7  	GOTO        MULJPSETFOV32
;__Lib_MathDouble.c,1170 :: 		
0x04C4	0xF002EF68  	GOTO        MOK32
;__Lib_MathDouble.c,1172 :: 		
MTUN32:
;__Lib_MathDouble.c,1173 :: 		
0x04C8	0x5E03      	SUBWF       R3, 1, 0
;__Lib_MathDouble.c,1174 :: 		
0x04CA	0xA0D8      	BTFSS       STATUS, 0, 0
;__Lib_MathDouble.c,1175 :: 		
0x04CC	0xF002EFDB  	GOTO        MULJPSETFUN32
;__Lib_MathDouble.c,1177 :: 		
MOK32:
;__Lib_MathDouble.c,1178 :: 		
0x04D0	0x8E02      	BSF         R2, 7, 0
;__Lib_MathDouble.c,1179 :: 		
0x04D2	0x8E06      	BSF         R6, 7, 0
;__Lib_MathDouble.c,1181 :: 		
0x04D4	0xF00EC002  	MOVFF       R2, R14
;__Lib_MathDouble.c,1182 :: 		
0x04D8	0xF00BC001  	MOVFF       R1, R11
;__Lib_MathDouble.c,1183 :: 		
0x04DC	0xF00DC000  	MOVFF       R0, R13
;__Lib_MathDouble.c,1185 :: 		
0x04E0	0x5000      	MOVF        R0, 0, 0
;__Lib_MathDouble.c,1186 :: 		
0x04E2	0x0204      	MULWF       R4, 0
;__Lib_MathDouble.c,1187 :: 		
0x04E4	0xF00CCFF4  	MOVFF       PRODH, R12
;__Lib_MathDouble.c,1189 :: 		
0x04E8	0x5001      	MOVF        R1, 0, 0
;__Lib_MathDouble.c,1190 :: 		
0x04EA	0x0205      	MULWF       R5, 0
;__Lib_MathDouble.c,1191 :: 		
0x04EC	0xF000CFF4  	MOVFF       PRODH, R0
;__Lib_MathDouble.c,1192 :: 		
0x04F0	0xF008CFF3  	MOVFF       PRODL, R8
;__Lib_MathDouble.c,1194 :: 		
0x04F4	0x0204      	MULWF       R4, 0
;__Lib_MathDouble.c,1195 :: 		
0x04F6	0x50F3      	MOVF        PRODL, 0, 0
;__Lib_MathDouble.c,1196 :: 		
0x04F8	0x260C      	ADDWF       R12, 1, 0
;__Lib_MathDouble.c,1197 :: 		
0x04FA	0x50F4      	MOVF        PRODH, 0, 0
;__Lib_MathDouble.c,1198 :: 		
0x04FC	0x2208      	ADDWFC      R8, 1, 0
;__Lib_MathDouble.c,1199 :: 		
0x04FE	0x0E00      	MOVLW       0
;__Lib_MathDouble.c,1200 :: 		
0x0500	0x2200      	ADDWFC      R0, 1, 0
;__Lib_MathDouble.c,1202 :: 		
0x0502	0x500D      	MOVF        R13, 0, 0
;__Lib_MathDouble.c,1203 :: 		
0x0504	0x0205      	MULWF       R5, 0
;__Lib_MathDouble.c,1204 :: 		
0x0506	0x50F3      	MOVF        PRODL, 0, 0
;__Lib_MathDouble.c,1205 :: 		
0x0508	0x260C      	ADDWF       R12, 1, 0
;__Lib_MathDouble.c,1206 :: 		
0x050A	0x50F4      	MOVF        PRODH, 0, 0
;__Lib_MathDouble.c,1207 :: 		
0x050C	0x2208      	ADDWFC      R8, 1, 0
;__Lib_MathDouble.c,1208 :: 		
0x050E	0x0E00      	MOVLW       0
;__Lib_MathDouble.c,1209 :: 		
0x0510	0x2200      	ADDWFC      R0, 1, 0
;__Lib_MathDouble.c,1211 :: 		
0x0512	0x5002      	MOVF        R2, 0, 0
;__Lib_MathDouble.c,1212 :: 		
0x0514	0x0204      	MULWF       R4, 0
;__Lib_MathDouble.c,1213 :: 		
0x0516	0x50F3      	MOVF        PRODL, 0, 0
;__Lib_MathDouble.c,1214 :: 		
0x0518	0x2608      	ADDWF       R8, 1, 0
;__Lib_MathDouble.c,1215 :: 		
0x051A	0x50F4      	MOVF        PRODH, 0, 0
;__Lib_MathDouble.c,1216 :: 		
0x051C	0x2200      	ADDWFC      R0, 1, 0
;__Lib_MathDouble.c,1217 :: 		
0x051E	0x5002      	MOVF        R2, 0, 0
;__Lib_MathDouble.c,1218 :: 		
0x0520	0x0205      	MULWF       R5, 0
;__Lib_MathDouble.c,1219 :: 		
0x0522	0x6A01      	CLRF        R1, 0
;__Lib_MathDouble.c,1220 :: 		
0x0524	0x0E00      	MOVLW       0
;__Lib_MathDouble.c,1221 :: 		
0x0526	0x2201      	ADDWFC      R1, 1, 0
;__Lib_MathDouble.c,1222 :: 		
0x0528	0x50F3      	MOVF        PRODL, 0, 0
;__Lib_MathDouble.c,1223 :: 		
0x052A	0x2600      	ADDWF       R0, 1, 0
;__Lib_MathDouble.c,1224 :: 		
0x052C	0x50F4      	MOVF        PRODH, 0, 0
;__Lib_MathDouble.c,1225 :: 		
0x052E	0x2201      	ADDWFC      R1, 1, 0
;__Lib_MathDouble.c,1227 :: 		
0x0530	0x500D      	MOVF        R13, 0, 0
;__Lib_MathDouble.c,1228 :: 		
0x0532	0x0206      	MULWF       R6, 0
;__Lib_MathDouble.c,1229 :: 		
0x0534	0x50F3      	MOVF        PRODL, 0, 0
;__Lib_MathDouble.c,1230 :: 		
0x0536	0x2608      	ADDWF       R8, 1, 0
;__Lib_MathDouble.c,1231 :: 		
0x0538	0x50F4      	MOVF        PRODH, 0, 0
;__Lib_MathDouble.c,1232 :: 		
0x053A	0x2200      	ADDWFC      R0, 1, 0
;__Lib_MathDouble.c,1233 :: 		
0x053C	0x6A02      	CLRF        R2, 0
;__Lib_MathDouble.c,1234 :: 		
0x053E	0x0E00      	MOVLW       0
;__Lib_MathDouble.c,1235 :: 		
0x0540	0x2201      	ADDWFC      R1, 1, 0
;__Lib_MathDouble.c,1236 :: 		
0x0542	0x2202      	ADDWFC      R2, 1, 0
;__Lib_MathDouble.c,1238 :: 		
0x0544	0x500B      	MOVF        R11, 0, 0
;__Lib_MathDouble.c,1239 :: 		
0x0546	0x0206      	MULWF       R6, 0
;__Lib_MathDouble.c,1240 :: 		
0x0548	0x50F3      	MOVF        PRODL, 0, 0
;__Lib_MathDouble.c,1241 :: 		
0x054A	0x2600      	ADDWF       R0, 1, 0
;__Lib_MathDouble.c,1242 :: 		
0x054C	0x50F4      	MOVF        PRODH, 0, 0
;__Lib_MathDouble.c,1243 :: 		
0x054E	0x2201      	ADDWFC      R1, 1, 0
;__Lib_MathDouble.c,1244 :: 		
0x0550	0x0E00      	MOVLW       0
;__Lib_MathDouble.c,1245 :: 		
0x0552	0x2202      	ADDWFC      R2, 1, 0
;__Lib_MathDouble.c,1247 :: 		
0x0554	0x500E      	MOVF        R14, 0, 0
;__Lib_MathDouble.c,1248 :: 		
0x0556	0x0206      	MULWF       R6, 0
;__Lib_MathDouble.c,1249 :: 		
0x0558	0x50F3      	MOVF        PRODL, 0, 0
;__Lib_MathDouble.c,1250 :: 		
0x055A	0x2601      	ADDWF       R1, 1, 0
;__Lib_MathDouble.c,1251 :: 		
0x055C	0x50F4      	MOVF        PRODH, 0, 0
;__Lib_MathDouble.c,1252 :: 		
0x055E	0x2202      	ADDWFC      R2, 1, 0
;__Lib_MathDouble.c,1254 :: 		
0x0560	0xBE02      	BTFSC       R2, 7, 0
;__Lib_MathDouble.c,1255 :: 		
0x0562	0xF002EFBB  	GOTO        MROUND32
;__Lib_MathDouble.c,1256 :: 		
0x0566	0x3608      	RLCF        R8, 1, 0
;__Lib_MathDouble.c,1257 :: 		
0x0568	0x3600      	RLCF        R0, 1, 0
;__Lib_MathDouble.c,1258 :: 		
0x056A	0x3601      	RLCF        R1, 1, 0
;__Lib_MathDouble.c,1259 :: 		
0x056C	0x3602      	RLCF        R2, 1, 0
;__Lib_MathDouble.c,1260 :: 		
0x056E	0x0603      	DECF        R3, 1, 0
;__Lib_MathDouble.c,1261 :: 		
0x0570	0xB4D8      	BTFSC       STATUS, 2, 0
;__Lib_MathDouble.c,1262 :: 		
0x0572	0xF002EFDB  	GOTO        MULJPSETFUN32
;__Lib_MathDouble.c,1264 :: 		
MROUND32:
;__Lib_MathDouble.c,1267 :: 		
0x0576	0xF002EFCE  	GOTO        MUL32OK
;__Lib_MathDouble.c,1268 :: 		
0x057A	0x80D8      	BSF         STATUS, 0, 0
;__Lib_MathDouble.c,1269 :: 		
0x057C	0x0E80      	MOVLW       128
;__Lib_MathDouble.c,1270 :: 		
0x057E	0x6408      	CPFSGT      R8, 0
;__Lib_MathDouble.c,1271 :: 		
0x0580	0x3000      	RRCF        R0, 0, 0
;__Lib_MathDouble.c,1272 :: 		
0x0582	0x0E00      	MOVLW       0
;__Lib_MathDouble.c,1273 :: 		
0x0584	0x2200      	ADDWFC      R0, 1, 0
;__Lib_MathDouble.c,1274 :: 		
0x0586	0x2201      	ADDWFC      R1, 1, 0
;__Lib_MathDouble.c,1275 :: 		
0x0588	0x2202      	ADDWFC      R2, 1, 0
;__Lib_MathDouble.c,1277 :: 		
0x058A	0xA0D8      	BTFSS       STATUS, 0, 0
;__Lib_MathDouble.c,1278 :: 		
0x058C	0xF002EFCE  	GOTO        MUL32OK
;__Lib_MathDouble.c,1279 :: 		
0x0590	0x3202      	RRCF        R2, 1, 0
;__Lib_MathDouble.c,1280 :: 		
0x0592	0x3201      	RRCF        R1, 1, 0
;__Lib_MathDouble.c,1281 :: 		
0x0594	0x3200      	RRCF        R0, 1, 0
;__Lib_MathDouble.c,1282 :: 		
0x0596	0x4A03      	INFSNZ      R3, 1, 0
;__Lib_MathDouble.c,1283 :: 		
0x0598	0xF002EFD7  	GOTO        MULJPSETFOV32
;__Lib_MathDouble.c,1285 :: 		
MUL32OK:
;__Lib_MathDouble.c,1286 :: 		
0x059C	0xAE0A      	BTFSS       R10, 7, 0
;__Lib_MathDouble.c,1287 :: 		
0x059E	0x9E02      	BCF         R2, 7, 0
;__Lib_MathDouble.c,1289 :: 		
0x05A0	0x0E00      	MOVLW       0
;__Lib_MathDouble.c,1290 :: 		
0x05A2	0xF002EFDD  	GOTO        MULEEE
;__Lib_MathDouble.c,1291 :: 		
MULJPRES032:
;__Lib_MathDouble.c,1292 :: 		
0x05A6	0x0E01      	MOVLW       1
;__Lib_MathDouble.c,1295 :: 		
0x05A8	0xDD85      	RCALL       _RES032
;__Lib_MathDouble.c,1297 :: 		
0x05AA	0xF002EFDD  	GOTO        MULEEE
;__Lib_MathDouble.c,1298 :: 		
MULJPSETFOV32:
;__Lib_MathDouble.c,1299 :: 		
0x05AE	0x0E02      	MOVLW       2
;__Lib_MathDouble.c,1302 :: 		
0x05B0	0xDD75      	RCALL       _SETFOV32
;__Lib_MathDouble.c,1304 :: 		
0x05B2	0xF002EFDD  	GOTO        MULEEE
;__Lib_MathDouble.c,1305 :: 		
MULJPSETFUN32:
;__Lib_MathDouble.c,1306 :: 		
0x05B6	0x0E04      	MOVLW       4
;__Lib_MathDouble.c,1309 :: 		
0x05B8	0xDD84      	RCALL       _SETFUN32
;__Lib_MathDouble.c,1311 :: 		
MULEEE:
;__Lib_MathDouble.c,1318 :: 		
L_end_Mul_32x32_FP:
0x05BA	0x0012      	RETURN      0
; end of _Mul_32x32_FP
_Compare_Double:
;__Lib_MathDouble.c,2518 :: 		
;__Lib_MathDouble.c,2529 :: 		
0x05BC	0x6A0A      	CLRF        R10, 0
;__Lib_MathDouble.c,2530 :: 		
0x05BE	0x5003      	MOVF        R3, 0, 0
;__Lib_MathDouble.c,2531 :: 		
0x05C0	0xA4D8      	BTFSS       STATUS, 2, 0
;__Lib_MathDouble.c,2532 :: 		
0x05C2	0x800A      	BSF         R10, 0, 0
;__Lib_MathDouble.c,2533 :: 		
0x05C4	0x5007      	MOVF        R7, 0, 0
;__Lib_MathDouble.c,2534 :: 		
0x05C6	0xA4D8      	BTFSS       STATUS, 2, 0
;__Lib_MathDouble.c,2535 :: 		
0x05C8	0x820A      	BSF         R10, 1, 0
;__Lib_MathDouble.c,2537 :: 		
0x05CA	0x500A      	MOVF        R10, 0, 0
;__Lib_MathDouble.c,2538 :: 		
0x05CC	0xB4D8      	BTFSC       STATUS, 2, 0
;__Lib_MathDouble.c,2539 :: 		
0x05CE	0xF003EF41  	GOTO        COMPARE_EQU
;__Lib_MathDouble.c,2540 :: 		
0x05D2	0x0A03      	XORLW       3
;__Lib_MathDouble.c,2541 :: 		
0x05D4	0xB4D8      	BTFSC       STATUS, 2, 0
;__Lib_MathDouble.c,2542 :: 		
0x05D6	0xF002EFFA  	GOTO        COMPARE_NOTZERO
;__Lib_MathDouble.c,2544 :: 		
0x05DA	0xB00A      	BTFSC       R10, 0, 0
;__Lib_MathDouble.c,2545 :: 		
0x05DC	0xF002EFF5  	GOTO        COMPARE_XNOTZERO
;__Lib_MathDouble.c,2547 :: 		
0x05E0	0xAE06      	BTFSS       R6, 7, 0
;__Lib_MathDouble.c,2548 :: 		
0x05E2	0xF003EF3F  	GOTO        COMPARE_LT
;__Lib_MathDouble.c,2549 :: 		
0x05E6	0xF003EF3D  	GOTO        COMPARE_GT
;__Lib_MathDouble.c,2550 :: 		
COMPARE_XNOTZERO:
;__Lib_MathDouble.c,2551 :: 		
0x05EA	0xAE02      	BTFSS       R2, 7, 0
;__Lib_MathDouble.c,2552 :: 		
0x05EC	0xF003EF3D  	GOTO        COMPARE_GT
;__Lib_MathDouble.c,2553 :: 		
0x05F0	0xF003EF3F  	GOTO        COMPARE_LT
;__Lib_MathDouble.c,2555 :: 		
COMPARE_NOTZERO:
;__Lib_MathDouble.c,2556 :: 		
0x05F4	0x5002      	MOVF        R2, 0, 0
;__Lib_MathDouble.c,2557 :: 		
0x05F6	0x0B80      	ANDLW       128
;__Lib_MathDouble.c,2558 :: 		
0x05F8	0x6E0A      	MOVWF       R10, 0
;__Lib_MathDouble.c,2559 :: 		
0x05FA	0x9E02      	BCF         R2, 7, 0
;__Lib_MathDouble.c,2561 :: 		
0x05FC	0x5006      	MOVF        R6, 0, 0
;__Lib_MathDouble.c,2562 :: 		
0x05FE	0x0B80      	ANDLW       128
;__Lib_MathDouble.c,2563 :: 		
0x0600	0x9E06      	BCF         R6, 7, 0
;__Lib_MathDouble.c,2565 :: 		
0x0602	0x180A      	XORWF       R10, 0, 0
;__Lib_MathDouble.c,2566 :: 		
0x0604	0xB4D8      	BTFSC       STATUS, 2, 0
;__Lib_MathDouble.c,2567 :: 		
0x0606	0xF003EF0B  	GOTO        COMPARE_TESTALL
;__Lib_MathDouble.c,2569 :: 		
0x060A	0x500A      	MOVF        R10, 0, 0
;__Lib_MathDouble.c,2570 :: 		
0x060C	0xB4D8      	BTFSC       STATUS, 2, 0
;__Lib_MathDouble.c,2571 :: 		
0x060E	0xF003EF3D  	GOTO        COMPARE_GT
;__Lib_MathDouble.c,2572 :: 		
0x0612	0xF003EF3F  	GOTO        COMPARE_LT
;__Lib_MathDouble.c,2574 :: 		
COMPARE_TESTALL:
;__Lib_MathDouble.c,2575 :: 		
0x0616	0x5007      	MOVF        R7, 0, 0
;__Lib_MathDouble.c,2576 :: 		
0x0618	0x5C03      	SUBWF       R3, 0, 0
;__Lib_MathDouble.c,2577 :: 		
0x061A	0xB4D8      	BTFSC       STATUS, 2, 0
;__Lib_MathDouble.c,2578 :: 		
0x061C	0xF003EF15  	GOTO        COMPARE_C1
;__Lib_MathDouble.c,2579 :: 		
0x0620	0xA0D8      	BTFSS       STATUS, 0, 0
;__Lib_MathDouble.c,2580 :: 		
0x0622	0xF003EF31  	GOTO        GT_FALSE
;__Lib_MathDouble.c,2581 :: 		
0x0626	0xF003EF37  	GOTO        GT_TRUE
;__Lib_MathDouble.c,2582 :: 		
COMPARE_C1:
;__Lib_MathDouble.c,2583 :: 		
0x062A	0x5006      	MOVF        R6, 0, 0
;__Lib_MathDouble.c,2584 :: 		
0x062C	0x5C02      	SUBWF       R2, 0, 0
;__Lib_MathDouble.c,2585 :: 		
0x062E	0xB4D8      	BTFSC       STATUS, 2, 0
;__Lib_MathDouble.c,2586 :: 		
0x0630	0xF003EF1F  	GOTO        COMPARE_C2
;__Lib_MathDouble.c,2587 :: 		
0x0634	0xA0D8      	BTFSS       STATUS, 0, 0
;__Lib_MathDouble.c,2588 :: 		
0x0636	0xF003EF31  	GOTO        GT_FALSE
;__Lib_MathDouble.c,2589 :: 		
0x063A	0xF003EF37  	GOTO        GT_TRUE
;__Lib_MathDouble.c,2590 :: 		
COMPARE_C2:
;__Lib_MathDouble.c,2591 :: 		
0x063E	0x5005      	MOVF        R5, 0, 0
;__Lib_MathDouble.c,2592 :: 		
0x0640	0x5C01      	SUBWF       R1, 0, 0
;__Lib_MathDouble.c,2593 :: 		
0x0642	0xB4D8      	BTFSC       STATUS, 2, 0
;__Lib_MathDouble.c,2594 :: 		
0x0644	0xF003EF29  	GOTO        COMPARE_C3
;__Lib_MathDouble.c,2595 :: 		
0x0648	0xA0D8      	BTFSS       STATUS, 0, 0
;__Lib_MathDouble.c,2596 :: 		
0x064A	0xF003EF31  	GOTO        GT_FALSE
;__Lib_MathDouble.c,2597 :: 		
0x064E	0xF003EF37  	GOTO        GT_TRUE
;__Lib_MathDouble.c,2598 :: 		
COMPARE_C3:
;__Lib_MathDouble.c,2599 :: 		
0x0652	0x5004      	MOVF        R4, 0, 0
;__Lib_MathDouble.c,2600 :: 		
0x0654	0x5C00      	SUBWF       R0, 0, 0
;__Lib_MathDouble.c,2601 :: 		
0x0656	0xB4D8      	BTFSC       STATUS, 2, 0
;__Lib_MathDouble.c,2602 :: 		
0x0658	0xF003EF41  	GOTO        COMPARE_EQU
;__Lib_MathDouble.c,2603 :: 		
0x065C	0xB0D8      	BTFSC       STATUS, 0, 0
;__Lib_MathDouble.c,2604 :: 		
0x065E	0xF003EF37  	GOTO        GT_TRUE
;__Lib_MathDouble.c,2606 :: 		
GT_FALSE:
;__Lib_MathDouble.c,2607 :: 		
0x0662	0x520A      	MOVF        R10, 1, 0
;__Lib_MathDouble.c,2608 :: 		
0x0664	0xB4D8      	BTFSC       STATUS, 2, 0
;__Lib_MathDouble.c,2609 :: 		
0x0666	0xF003EF3F  	GOTO        COMPARE_LT
;__Lib_MathDouble.c,2610 :: 		
0x066A	0xF003EF3D  	GOTO        COMPARE_GT
;__Lib_MathDouble.c,2611 :: 		
GT_TRUE:
;__Lib_MathDouble.c,2612 :: 		
0x066E	0x520A      	MOVF        R10, 1, 0
;__Lib_MathDouble.c,2613 :: 		
0x0670	0xB4D8      	BTFSC       STATUS, 2, 0
;__Lib_MathDouble.c,2614 :: 		
0x0672	0xF003EF3D  	GOTO        COMPARE_GT
;__Lib_MathDouble.c,2615 :: 		
0x0676	0xF003EF3F  	GOTO        COMPARE_LT
;__Lib_MathDouble.c,2617 :: 		
COMPARE_GT:
;__Lib_MathDouble.c,2620 :: 		
0x067A	0x80D8      	BSF         STATUS, 0, 0
;__Lib_MathDouble.c,2621 :: 		
0x067C	0x0012      	RETURN      0
;__Lib_MathDouble.c,2622 :: 		
COMPARE_LT:
;__Lib_MathDouble.c,2625 :: 		
0x067E	0x90D8      	BCF         STATUS, 0, 0
;__Lib_MathDouble.c,2626 :: 		
0x0680	0x0012      	RETURN      0
;__Lib_MathDouble.c,2627 :: 		
COMPARE_EQU:
;__Lib_MathDouble.c,2630 :: 		
0x0682	0x80D8      	BSF         STATUS, 0, 0
;__Lib_MathDouble.c,2631 :: 		
0x0684	0x84D8      	BSF         STATUS, 2, 0
;__Lib_MathDouble.c,2632 :: 		
0x0686	0x0012      	RETURN      0
;__Lib_MathDouble.c,2634 :: 		
L_end_Compare_Double:
0x0688	0x0012      	RETURN      0
; end of _Compare_Double
_Lcd_Chr_CP:
;__Lib_Lcd.c,50 :: 		
;__Lib_Lcd.c,52 :: 		
0x068A	0x9037      	BCF         __Lib_Lcd_cmd_status, BitPos(__Lib_Lcd_cmd_status+0) 
;__Lib_Lcd.c,53 :: 		
0x068C	0xF06DC069  	MOVFF       FARG_Lcd_Chr_CP_out_char, FARG_Lcd_Cmd_out_char
0x0690	0xDD29      	RCALL       _Lcd_Cmd
;__Lib_Lcd.c,54 :: 		
0x0692	0x8037      	BSF         __Lib_Lcd_cmd_status, BitPos(__Lib_Lcd_cmd_status+0) 
;__Lib_Lcd.c,55 :: 		
L_end_Lcd_Chr_CP:
0x0694	0x0012      	RETURN      0
; end of _Lcd_Chr_CP
_Configuracion:
;UART_LCD.c,60 :: 		void Configuracion(){
;UART_LCD.c,62 :: 		RCIE_bit = 1;                         // enable interrupt on UART1 receive
0x0696	0x8A9D      	BSF         RCIE_bit, BitPos(RCIE_bit+0) 
;UART_LCD.c,63 :: 		TXIE_bit = 0;                         // disable interrupt on UART1 transmit
0x0698	0x989D      	BCF         TXIE_bit, BitPos(TXIE_bit+0) 
;UART_LCD.c,64 :: 		PEIE_bit = 1;                         // enable peripheral interrupts
0x069A	0x8CF2      	BSF         PEIE_bit, BitPos(PEIE_bit+0) 
;UART_LCD.c,65 :: 		GIE_bit = 1;
0x069C	0x8EF2      	BSF         GIE_bit, BitPos(GIE_bit+0) 
;UART_LCD.c,67 :: 		UART1_Init(9600);                     // Inicializa el UART a 9600 bps
0x069E	0x86B8      	BSF         BAUDCON, 3, 0
0x06A0	0x6AB0      	CLRF        SPBRGH 
0x06A2	0x0ECF      	MOVLW       207
0x06A4	0x6EAF      	MOVWF       SPBRG 
0x06A6	0x84AC      	BSF         TXSTA, 2, 0
0x06A8	0xDDDD      	RCALL       _UART1_Init
;UART_LCD.c,68 :: 		Delay_ms(100);
0x06AA	0x0E02      	MOVLW       2
0x06AC	0x6E0B      	MOVWF       R11, 0
0x06AE	0x0E04      	MOVLW       4
0x06B0	0x6E0C      	MOVWF       R12, 0
0x06B2	0x0EBA      	MOVLW       186
0x06B4	0x6E0D      	MOVWF       R13, 0
L_Configuracion4:
0x06B6	0x2E0D      	DECFSZ      R13, 1, 0
0x06B8	0xD7FE      	BRA         L_Configuracion4
0x06BA	0x2E0C      	DECFSZ      R12, 1, 0
0x06BC	0xD7FC      	BRA         L_Configuracion4
0x06BE	0x2E0B      	DECFSZ      R11, 1, 0
0x06C0	0xD7FA      	BRA         L_Configuracion4
0x06C2	0x0000      	NOP
;UART_LCD.c,70 :: 		Lcd_Init();                           // Initialize LCD
0x06C4	0xDD5D      	RCALL       _Lcd_Init
;UART_LCD.c,71 :: 		Lcd_Cmd(_LCD_CLEAR);                  // Clear display
0x06C6	0x0E01      	MOVLW       1
0x06C8	0x0100      	MOVLB       0
0x06CA	0x6F6D      	MOVWF       FARG_Lcd_Cmd_out_char, 1
0x06CC	0xDD0B      	RCALL       _Lcd_Cmd
;UART_LCD.c,72 :: 		Lcd_Cmd(_LCD_CURSOR_OFF);             // Cursor off
0x06CE	0x0E0C      	MOVLW       12
0x06D0	0x6F6D      	MOVWF       FARG_Lcd_Cmd_out_char, 1
0x06D2	0xDD08      	RCALL       _Lcd_Cmd
;UART_LCD.c,73 :: 		}
L_end_Configuracion:
0x06D4	0x0012      	RETURN      0
; end of _Configuracion
___CC2DW:
;__Lib_System.c,21 :: 		
;__Lib_System.c,23 :: 		
_CC2DL_Loop1:
;__Lib_System.c,24 :: 		
0x06D6	0x0009      	TBLRD*+
;__Lib_System.c,25 :: 		
0x06D8	0xFFE6CFF5  	MOVFF       TABLAT, POSTINC1
;__Lib_System.c,26 :: 		
0x06DC	0x0600      	DECF        R0, 1, 0
;__Lib_System.c,27 :: 		
0x06DE	0xE1FB      	BNZ         _CC2DL_Loop1
;__Lib_System.c,28 :: 		
0x06E0	0x0601      	DECF        R1, 1, 0
;__Lib_System.c,29 :: 		
0x06E2	0xE1F9      	BNZ         _CC2DL_Loop1
;__Lib_System.c,31 :: 		
L_end___CC2DW:
0x06E4	0x0012      	RETURN      0
; end of ___CC2DW
_UART1_Read:
;__Lib_UART_c67.c,39 :: 		
;__Lib_UART_c67.c,42 :: 		
0x06E6	0xF001CFAE  	MOVFF       RCREG, R1
;__Lib_UART_c67.c,43 :: 		
0x06EA	0xA2AB      	BTFSS       RCSTA, 1 
0x06EC	0xD002      	BRA         L_UART1_Read2
;__Lib_UART_c67.c,44 :: 		
0x06EE	0x98AB      	BCF         RCSTA, 4 
;__Lib_UART_c67.c,45 :: 		
0x06F0	0x88AB      	BSF         RCSTA, 4 
;__Lib_UART_c67.c,46 :: 		
L_UART1_Read2:
;__Lib_UART_c67.c,47 :: 		
0x06F2	0xF000C001  	MOVFF       R1, R0
;__Lib_UART_c67.c,48 :: 		
L_end_UART1_Read:
0x06F6	0x0012      	RETURN      0
; end of _UART1_Read
_FloatToStr:
;__Lib_Conversions.c,472 :: 		
;__Lib_Conversions.c,474 :: 		
0x06F8	0x0100      	MOVLB       0
0x06FA	0x6B67      	CLRF        FloatToStr_bpoint_L0, 1
0x06FC	0x6B68      	CLRF        FloatToStr_dexpon_L0, 1
;__Lib_Conversions.c,479 :: 		
0x06FE	0xF05DC061  	MOVFF       FARG_FloatToStr_fnum, FloatToStr_un_L0
0x0702	0xF05EC062  	MOVFF       FARG_FloatToStr_fnum+1, FloatToStr_un_L0+1
0x0706	0xF05FC063  	MOVFF       FARG_FloatToStr_fnum+2, FloatToStr_un_L0+2
0x070A	0xF060C064  	MOVFF       FARG_FloatToStr_fnum+3, FloatToStr_un_L0+3
;__Lib_Conversions.c,480 :: 		
0x070E	0x5160      	MOVF        FloatToStr_un_L0+3, 0, 1
0x0710	0x0AFF      	XORLW       255
0x0712	0xE108      	BNZ         L__FloatToStr145
0x0714	0x505F      	MOVF        FloatToStr_un_L0+2, 0 
0x0716	0x0AFF      	XORLW       255
0x0718	0xE105      	BNZ         L__FloatToStr145
0x071A	0x505E      	MOVF        FloatToStr_un_L0+1, 0 
0x071C	0x0AFF      	XORLW       255
0x071E	0xE102      	BNZ         L__FloatToStr145
0x0720	0x505D      	MOVF        FloatToStr_un_L0, 0 
0x0722	0x0AFF      	XORLW       255
L__FloatToStr145:
0x0724	0xE10C      	BNZ         L_FloatToStr76
;__Lib_Conversions.c,481 :: 		
0x0726	0xF069C065  	MOVFF       FARG_FloatToStr_str, FARG_strcpy_to
0x072A	0xF06AC066  	MOVFF       FARG_FloatToStr_str+1, FARG_strcpy_to+1
0x072E	0x0E19      	MOVLW       ?lstr1___Lib_Conversions
0x0730	0x6F6B      	MOVWF       FARG_strcpy_from, 1
0x0732	0x0E00      	MOVLW       hi_addr(?lstr1___Lib_Conversions)
0x0734	0x6F6C      	MOVWF       FARG_strcpy_from+1, 1
0x0736	0xDD6F      	RCALL       _strcpy
;__Lib_Conversions.c,482 :: 		
0x0738	0x0E03      	MOVLW       3
0x073A	0x6E00      	MOVWF       R0 
0x073C	0xD1E7      	BRA         L_end_FloatToStr
;__Lib_Conversions.c,483 :: 		
L_FloatToStr76:
;__Lib_Conversions.c,484 :: 		
0x073E	0x0E01      	MOVLW       1
0x0740	0x6E5B      	MOVWF       FloatToStr_i_L0 
;__Lib_Conversions.c,485 :: 		
0x0742	0xAE5F      	BTFSS       FloatToStr_un_L0+2, 7 
0x0744	0xD00E      	BRA         L_FloatToStr77
;__Lib_Conversions.c,486 :: 		
0x0746	0x0E80      	MOVLW       128
0x0748	0x185F      	XORWF       FloatToStr_un_L0+2, 0 
0x074A	0x6E00      	MOVWF       R0 
0x074C	0xF05FC000  	MOVFF       R0, FloatToStr_un_L0+2
;__Lib_Conversions.c,487 :: 		
0x0750	0x2A5B      	INCF        FloatToStr_i_L0, 1 
;__Lib_Conversions.c,488 :: 		
0x0752	0xFFE1C065  	MOVFF       FARG_FloatToStr_str, FSR1L
0x0756	0xFFE2C066  	MOVFF       FARG_FloatToStr_str+1, FSR1H
0x075A	0x0E2D      	MOVLW       45
0x075C	0x6EE6      	MOVWF       POSTINC1 
0x075E	0x4B65      	INFSNZ      FARG_FloatToStr_str, 1, 1
0x0760	0x2B66      	INCF        FARG_FloatToStr_str+1, 1, 1
;__Lib_Conversions.c,489 :: 		
L_FloatToStr77:
;__Lib_Conversions.c,490 :: 		
0x0762	0x0E00      	MOVLW       0
0x0764	0x6E00      	MOVWF       R0 
0x0766	0x1960      	XORWF       FloatToStr_un_L0+3, 0, 1
0x0768	0xE108      	BNZ         L__FloatToStr146
0x076A	0x5000      	MOVF        R0, 0 
0x076C	0x185F      	XORWF       FloatToStr_un_L0+2, 0 
0x076E	0xE105      	BNZ         L__FloatToStr146
0x0770	0x5000      	MOVF        R0, 0 
0x0772	0x185E      	XORWF       FloatToStr_un_L0+1, 0 
0x0774	0xE102      	BNZ         L__FloatToStr146
0x0776	0x505D      	MOVF        FloatToStr_un_L0, 0 
0x0778	0x0A00      	XORLW       0
L__FloatToStr146:
0x077A	0xE10B      	BNZ         L_FloatToStr78
;__Lib_Conversions.c,491 :: 		
0x077C	0xF069C065  	MOVFF       FARG_FloatToStr_str, FARG_strcpy_to
0x0780	0xF06AC066  	MOVFF       FARG_FloatToStr_str+1, FARG_strcpy_to+1
0x0784	0x0E26      	MOVLW       ?lstr2___Lib_Conversions
0x0786	0x6F6B      	MOVWF       FARG_strcpy_from, 1
0x0788	0x0E00      	MOVLW       hi_addr(?lstr2___Lib_Conversions)
0x078A	0x6F6C      	MOVWF       FARG_strcpy_from+1, 1
0x078C	0xDD44      	RCALL       _strcpy
;__Lib_Conversions.c,492 :: 		
0x078E	0x6A00      	CLRF        R0 
0x0790	0xD1BD      	BRA         L_end_FloatToStr
;__Lib_Conversions.c,493 :: 		
L_FloatToStr78:
;__Lib_Conversions.c,494 :: 		
0x0792	0x5160      	MOVF        FloatToStr_un_L0+3, 0, 1
0x0794	0x0AFF      	XORLW       255
0x0796	0xE108      	BNZ         L__FloatToStr147
0x0798	0x505F      	MOVF        FloatToStr_un_L0+2, 0 
0x079A	0x0A00      	XORLW       0
0x079C	0xE105      	BNZ         L__FloatToStr147
0x079E	0x505E      	MOVF        FloatToStr_un_L0+1, 0 
0x07A0	0x0A00      	XORLW       0
0x07A2	0xE102      	BNZ         L__FloatToStr147
0x07A4	0x505D      	MOVF        FloatToStr_un_L0, 0 
0x07A6	0x0A00      	XORLW       0
L__FloatToStr147:
0x07A8	0xE10C      	BNZ         L_FloatToStr79
;__Lib_Conversions.c,495 :: 		
0x07AA	0xF069C065  	MOVFF       FARG_FloatToStr_str, FARG_strcpy_to
0x07AE	0xF06AC066  	MOVFF       FARG_FloatToStr_str+1, FARG_strcpy_to+1
0x07B2	0x0E22      	MOVLW       ?lstr3___Lib_Conversions
0x07B4	0x6F6B      	MOVWF       FARG_strcpy_from, 1
0x07B6	0x0E00      	MOVLW       hi_addr(?lstr3___Lib_Conversions)
0x07B8	0x6F6C      	MOVWF       FARG_strcpy_from+1, 1
0x07BA	0xDD2D      	RCALL       _strcpy
;__Lib_Conversions.c,496 :: 		
0x07BC	0xF000C05B  	MOVFF       FloatToStr_i_L0, R0
0x07C0	0xD1A5      	BRA         L_end_FloatToStr
;__Lib_Conversions.c,497 :: 		
L_FloatToStr79:
;__Lib_Conversions.c,505 :: 		
L_FloatToStr80:
0x07C2	0x0E00      	MOVLW       0
0x07C4	0x6E04      	MOVWF       R4 
0x07C6	0x0E00      	MOVLW       0
0x07C8	0x6E05      	MOVWF       R5 
0x07CA	0x0E00      	MOVLW       0
0x07CC	0x6E06      	MOVWF       R6 
0x07CE	0x0E7F      	MOVLW       127
0x07D0	0x6E07      	MOVWF       R7 
0x07D2	0xF000C05D  	MOVFF       FloatToStr_un_L0, R0
0x07D6	0xF001C05E  	MOVFF       FloatToStr_un_L0+1, R1
0x07DA	0xF002C05F  	MOVFF       FloatToStr_un_L0+2, R2
0x07DE	0xF003C060  	MOVFF       FloatToStr_un_L0+3, R3
0x07E2	0xDEEC      	RCALL       _Compare_Double
0x07E4	0x0E01      	MOVLW       1
0x07E6	0xB0D8      	BTFSC       STATUS, 0 
0x07E8	0x0E00      	MOVLW       0
0x07EA	0x6E00      	MOVWF       R0 
0x07EC	0x5200      	MOVF        R0, 1 
0x07EE	0xE01B      	BZ          L_FloatToStr81
;__Lib_Conversions.c,506 :: 		
0x07F0	0xF000C05D  	MOVFF       FloatToStr_un_L0, R0
0x07F4	0xF001C05E  	MOVFF       FloatToStr_un_L0+1, R1
0x07F8	0xF002C05F  	MOVFF       FloatToStr_un_L0+2, R2
0x07FC	0xF003C060  	MOVFF       FloatToStr_un_L0+3, R3
0x0800	0x0E00      	MOVLW       0
0x0802	0x6E04      	MOVWF       R4 
0x0804	0x0E00      	MOVLW       0
0x0806	0x6E05      	MOVWF       R5 
0x0808	0x0E20      	MOVLW       32
0x080A	0x6E06      	MOVWF       R6 
0x080C	0x0E82      	MOVLW       130
0x080E	0x6E07      	MOVWF       R7 
0x0810	0xDE45      	RCALL       _Mul_32x32_FP
0x0812	0xF05DC000  	MOVFF       R0, FloatToStr_un_L0
0x0816	0xF05EC001  	MOVFF       R1, FloatToStr_un_L0+1
0x081A	0xF05FC002  	MOVFF       R2, FloatToStr_un_L0+2
0x081E	0xF060C003  	MOVFF       R3, FloatToStr_un_L0+3
;__Lib_Conversions.c,507 :: 		
0x0822	0x0768      	DECF        FloatToStr_dexpon_L0, 1, 1
;__Lib_Conversions.c,508 :: 		
0x0824	0xD7CE      	BRA         L_FloatToStr80
L_FloatToStr81:
;__Lib_Conversions.c,513 :: 		
L_FloatToStr82:
0x0826	0x0E00      	MOVLW       0
0x0828	0x6E04      	MOVWF       R4 
0x082A	0x0E00      	MOVLW       0
0x082C	0x6E05      	MOVWF       R5 
0x082E	0x0E20      	MOVLW       32
0x0830	0x6E06      	MOVWF       R6 
0x0832	0x0E82      	MOVLW       130
0x0834	0x6E07      	MOVWF       R7 
0x0836	0xF000C05D  	MOVFF       FloatToStr_un_L0, R0
0x083A	0xF001C05E  	MOVFF       FloatToStr_un_L0+1, R1
0x083E	0xF002C05F  	MOVFF       FloatToStr_un_L0+2, R2
0x0842	0xF003C060  	MOVFF       FloatToStr_un_L0+3, R3
0x0846	0xDEBA      	RCALL       _Compare_Double
0x0848	0x0E00      	MOVLW       0
0x084A	0xB0D8      	BTFSC       STATUS, 0 
0x084C	0x0E01      	MOVLW       1
0x084E	0x6E00      	MOVWF       R0 
0x0850	0x5200      	MOVF        R0, 1 
0x0852	0xE01B      	BZ          L_FloatToStr83
;__Lib_Conversions.c,514 :: 		
0x0854	0xF000C05D  	MOVFF       FloatToStr_un_L0, R0
0x0858	0xF001C05E  	MOVFF       FloatToStr_un_L0+1, R1
0x085C	0xF002C05F  	MOVFF       FloatToStr_un_L0+2, R2
0x0860	0xF003C060  	MOVFF       FloatToStr_un_L0+3, R3
0x0864	0x0ECD      	MOVLW       205
0x0866	0x6E04      	MOVWF       R4 
0x0868	0x0ECC      	MOVLW       204
0x086A	0x6E05      	MOVWF       R5 
0x086C	0x0E4C      	MOVLW       76
0x086E	0x6E06      	MOVWF       R6 
0x0870	0x0E7B      	MOVLW       123
0x0872	0x6E07      	MOVWF       R7 
0x0874	0xDE13      	RCALL       _Mul_32x32_FP
0x0876	0xF05DC000  	MOVFF       R0, FloatToStr_un_L0
0x087A	0xF05EC001  	MOVFF       R1, FloatToStr_un_L0+1
0x087E	0xF05FC002  	MOVFF       R2, FloatToStr_un_L0+2
0x0882	0xF060C003  	MOVFF       R3, FloatToStr_un_L0+3
;__Lib_Conversions.c,515 :: 		
0x0886	0x2B68      	INCF        FloatToStr_dexpon_L0, 1, 1
;__Lib_Conversions.c,516 :: 		
0x0888	0xD7CE      	BRA         L_FloatToStr82
L_FloatToStr83:
;__Lib_Conversions.c,525 :: 		
0x088A	0x0EFF      	MOVLW       255
0x088C	0x145D      	ANDWF       FloatToStr_un_L0, 0 
0x088E	0x6E08      	MOVWF       R8 
0x0890	0x0EFF      	MOVLW       255
0x0892	0x145E      	ANDWF       FloatToStr_un_L0+1, 0 
0x0894	0x6E09      	MOVWF       R9 
0x0896	0x0E7F      	MOVLW       127
0x0898	0x145F      	ANDWF       FloatToStr_un_L0+2, 0 
0x089A	0x6E0A      	MOVWF       R10 
0x089C	0x0E00      	MOVLW       0
0x089E	0x1560      	ANDWF       FloatToStr_un_L0+3, 0, 1
0x08A0	0x6E0B      	MOVWF       R11 
;__Lib_Conversions.c,526 :: 		
0x08A2	0xF004C008  	MOVFF       R8, R4
0x08A6	0xF005C009  	MOVFF       R9, R5
0x08AA	0xF006C00A  	MOVFF       R10, R6
0x08AE	0xF007C00B  	MOVFF       R11, R7
0x08B2	0x3604      	RLCF        R4, 1 
0x08B4	0x9004      	BCF         R4, 0 
0x08B6	0x3605      	RLCF        R5, 1 
0x08B8	0x3606      	RLCF        R6, 1 
0x08BA	0x3607      	RLCF        R7, 1 
;__Lib_Conversions.c,527 :: 		
0x08BC	0x0E00      	MOVLW       0
0x08BE	0x145D      	ANDWF       FloatToStr_un_L0, 0 
0x08C0	0x6E00      	MOVWF       R0 
0x08C2	0x0E00      	MOVLW       0
0x08C4	0x145E      	ANDWF       FloatToStr_un_L0+1, 0 
0x08C6	0x6E01      	MOVWF       R1 
0x08C8	0x0E00      	MOVLW       0
0x08CA	0x145F      	ANDWF       FloatToStr_un_L0+2, 0 
0x08CC	0x6E02      	MOVWF       R2 
0x08CE	0x0EFF      	MOVLW       255
0x08D0	0x1560      	ANDWF       FloatToStr_un_L0+3, 0, 1
0x08D2	0x6E03      	MOVWF       R3 
0x08D4	0xF05DC000  	MOVFF       R0, FloatToStr_un_L0
0x08D8	0xF05EC001  	MOVFF       R1, FloatToStr_un_L0+1
0x08DC	0xF05FC002  	MOVFF       R2, FloatToStr_un_L0+2
0x08E0	0xF060C003  	MOVFF       R3, FloatToStr_un_L0+3
;__Lib_Conversions.c,528 :: 		
0x08E4	0x5004      	MOVF        R4, 0 
0x08E6	0x105D      	IORWF       FloatToStr_un_L0, 0 
0x08E8	0x6E00      	MOVWF       R0 
0x08EA	0x5005      	MOVF        R5, 0 
0x08EC	0x105E      	IORWF       FloatToStr_un_L0+1, 0 
0x08EE	0x6E01      	MOVWF       R1 
0x08F0	0x5006      	MOVF        R6, 0 
0x08F2	0x105F      	IORWF       FloatToStr_un_L0+2, 0 
0x08F4	0x6E02      	MOVWF       R2 
0x08F6	0x5007      	MOVF        R7, 0 
0x08F8	0x1160      	IORWF       FloatToStr_un_L0+3, 0, 1
0x08FA	0x6E03      	MOVWF       R3 
0x08FC	0xF05DC000  	MOVFF       R0, FloatToStr_un_L0
0x0900	0xF05EC001  	MOVFF       R1, FloatToStr_un_L0+1
0x0904	0xF05FC002  	MOVFF       R2, FloatToStr_un_L0+2
0x0908	0xF060C003  	MOVFF       R3, FloatToStr_un_L0+3
;__Lib_Conversions.c,530 :: 		
0x090C	0x0E7F      	MOVLW       127
0x090E	0x5D60      	SUBWF       FloatToStr_un_L0+3, 0, 1
0x0910	0x6E00      	MOVWF       R0 
0x0912	0xF05CC000  	MOVFF       R0, FloatToStr_d_L0
;__Lib_Conversions.c,533 :: 		
0x0916	0x0E01      	MOVLW       1
0x0918	0x6F60      	MOVWF       FloatToStr_un_L0+3, 1
;__Lib_Conversions.c,534 :: 		
0x091A	0xF004C000  	MOVFF       R0, R4
0x091E	0xF000C05D  	MOVFF       FloatToStr_un_L0, R0
0x0922	0xF001C05E  	MOVFF       FloatToStr_un_L0+1, R1
0x0926	0xF002C05F  	MOVFF       FloatToStr_un_L0+2, R2
0x092A	0xF003C060  	MOVFF       FloatToStr_un_L0+3, R3
0x092E	0x5004      	MOVF        R4, 0 
L__FloatToStr148:
0x0930	0xE007      	BZ          L__FloatToStr149
0x0932	0x3600      	RLCF        R0, 1 
0x0934	0x9000      	BCF         R0, 0 
0x0936	0x3601      	RLCF        R1, 1 
0x0938	0x3602      	RLCF        R2, 1 
0x093A	0x3603      	RLCF        R3, 1 
0x093C	0x0FFF      	ADDLW       255
0x093E	0xD7F8      	BRA         L__FloatToStr148
L__FloatToStr149:
0x0940	0xF05DC000  	MOVFF       R0, FloatToStr_un_L0
0x0944	0xF05EC001  	MOVFF       R1, FloatToStr_un_L0+1
0x0948	0xF05FC002  	MOVFF       R2, FloatToStr_un_L0+2
0x094C	0xF060C003  	MOVFF       R3, FloatToStr_un_L0+3
;__Lib_Conversions.c,535 :: 		
0x0950	0xFFE1C065  	MOVFF       FARG_FloatToStr_str, FSR1L
0x0954	0xFFE2C066  	MOVFF       FARG_FloatToStr_str+1, FSR1H
0x0958	0x5160      	MOVF        FloatToStr_un_L0+3, 0, 1
0x095A	0x0F30      	ADDLW       48
0x095C	0x6EE6      	MOVWF       POSTINC1 
0x095E	0x4B65      	INFSNZ      FARG_FloatToStr_str, 1, 1
0x0960	0x2B66      	INCF        FARG_FloatToStr_str+1, 1, 1
;__Lib_Conversions.c,536 :: 		
0x0962	0x0E80      	MOVLW       128
0x0964	0x1968      	XORWF       FloatToStr_dexpon_L0, 0, 1
0x0966	0x6E00      	MOVWF       R0 
0x0968	0x0E80      	MOVLW       128
0x096A	0x0A01      	XORLW       1
0x096C	0x5C00      	SUBWF       R0, 0 
0x096E	0xE308      	BNC         L__FloatToStr100
0x0970	0x0E80      	MOVLW       128
0x0972	0x0A06      	XORLW       6
0x0974	0x6E00      	MOVWF       R0 
0x0976	0x0E80      	MOVLW       128
0x0978	0x1968      	XORWF       FloatToStr_dexpon_L0, 0, 1
0x097A	0x5C00      	SUBWF       R0, 0 
0x097C	0xE301      	BNC         L__FloatToStr100
0x097E	0xD00A      	BRA         L_FloatToStr86
L__FloatToStr100:
;__Lib_Conversions.c,537 :: 		
0x0980	0xFFE1C065  	MOVFF       FARG_FloatToStr_str, FSR1L
0x0984	0xFFE2C066  	MOVFF       FARG_FloatToStr_str+1, FSR1H
0x0988	0x0E2E      	MOVLW       46
0x098A	0x6EE6      	MOVWF       POSTINC1 
0x098C	0x4B65      	INFSNZ      FARG_FloatToStr_str, 1, 1
0x098E	0x2B66      	INCF        FARG_FloatToStr_str+1, 1, 1
;__Lib_Conversions.c,538 :: 		
0x0990	0x0E01      	MOVLW       1
0x0992	0x6F67      	MOVWF       FloatToStr_bpoint_L0, 1
;__Lib_Conversions.c,539 :: 		
L_FloatToStr86:
;__Lib_Conversions.c,540 :: 		
0x0994	0x0E06      	MOVLW       6
0x0996	0x6E5C      	MOVWF       FloatToStr_d_L0 
L_FloatToStr87:
0x0998	0x505C      	MOVF        FloatToStr_d_L0, 0 
0x099A	0x0A00      	XORLW       0
0x099C	0xE054      	BZ          L_FloatToStr88
;__Lib_Conversions.c,541 :: 		
0x099E	0x6B60      	CLRF        FloatToStr_un_L0+3, 1
;__Lib_Conversions.c,542 :: 		
0x09A0	0xF000C05D  	MOVFF       FloatToStr_un_L0, R0
0x09A4	0xF001C05E  	MOVFF       FloatToStr_un_L0+1, R1
0x09A8	0xF002C05F  	MOVFF       FloatToStr_un_L0+2, R2
0x09AC	0xF003C060  	MOVFF       FloatToStr_un_L0+3, R3
0x09B0	0x3600      	RLCF        R0, 1 
0x09B2	0x9000      	BCF         R0, 0 
0x09B4	0x3601      	RLCF        R1, 1 
0x09B6	0x3602      	RLCF        R2, 1 
0x09B8	0x3603      	RLCF        R3, 1 
0x09BA	0x3600      	RLCF        R0, 1 
0x09BC	0x9000      	BCF         R0, 0 
0x09BE	0x3601      	RLCF        R1, 1 
0x09C0	0x3602      	RLCF        R2, 1 
0x09C2	0x3603      	RLCF        R3, 1 
0x09C4	0x505D      	MOVF        FloatToStr_un_L0, 0 
0x09C6	0x2600      	ADDWF       R0, 1 
0x09C8	0x505E      	MOVF        FloatToStr_un_L0+1, 0 
0x09CA	0x2201      	ADDWFC      R1, 1 
0x09CC	0x505F      	MOVF        FloatToStr_un_L0+2, 0 
0x09CE	0x2202      	ADDWFC      R2, 1 
0x09D0	0x5160      	MOVF        FloatToStr_un_L0+3, 0, 1
0x09D2	0x2203      	ADDWFC      R3, 1 
0x09D4	0xF05DC000  	MOVFF       R0, FloatToStr_un_L0
0x09D8	0xF05EC001  	MOVFF       R1, FloatToStr_un_L0+1
0x09DC	0xF05FC002  	MOVFF       R2, FloatToStr_un_L0+2
0x09E0	0xF060C003  	MOVFF       R3, FloatToStr_un_L0+3
;__Lib_Conversions.c,543 :: 		
0x09E4	0xF000C05D  	MOVFF       FloatToStr_un_L0, R0
0x09E8	0xF001C05E  	MOVFF       FloatToStr_un_L0+1, R1
0x09EC	0xF002C05F  	MOVFF       FloatToStr_un_L0+2, R2
0x09F0	0xF003C060  	MOVFF       FloatToStr_un_L0+3, R3
0x09F4	0x3600      	RLCF        R0, 1 
0x09F6	0x9000      	BCF         R0, 0 
0x09F8	0x3601      	RLCF        R1, 1 
0x09FA	0x3602      	RLCF        R2, 1 
0x09FC	0x3603      	RLCF        R3, 1 
0x09FE	0xF05DC000  	MOVFF       R0, FloatToStr_un_L0
0x0A02	0xF05EC001  	MOVFF       R1, FloatToStr_un_L0+1
0x0A06	0xF05FC002  	MOVFF       R2, FloatToStr_un_L0+2
0x0A0A	0xF060C003  	MOVFF       R3, FloatToStr_un_L0+3
;__Lib_Conversions.c,544 :: 		
0x0A0E	0xFFE1C065  	MOVFF       FARG_FloatToStr_str, FSR1L
0x0A12	0xFFE2C066  	MOVFF       FARG_FloatToStr_str+1, FSR1H
0x0A16	0x5160      	MOVF        FloatToStr_un_L0+3, 0, 1
0x0A18	0x0F30      	ADDLW       48
0x0A1A	0x6EE6      	MOVWF       POSTINC1 
0x0A1C	0x4B65      	INFSNZ      FARG_FloatToStr_str, 1, 1
0x0A1E	0x2B66      	INCF        FARG_FloatToStr_str+1, 1, 1
;__Lib_Conversions.c,545 :: 		
0x0A20	0x5167      	MOVF        FloatToStr_bpoint_L0, 0, 1
0x0A22	0x0A00      	XORLW       0
0x0A24	0xE10E      	BNZ         L_FloatToStr90
;__Lib_Conversions.c,546 :: 		
0x0A26	0x0768      	DECF        FloatToStr_dexpon_L0, 1, 1
0x0A28	0x5168      	MOVF        FloatToStr_dexpon_L0, 0, 1
0x0A2A	0x0A00      	XORLW       0
0x0A2C	0xE10A      	BNZ         L_FloatToStr91
;__Lib_Conversions.c,547 :: 		
0x0A2E	0xFFE1C065  	MOVFF       FARG_FloatToStr_str, FSR1L
0x0A32	0xFFE2C066  	MOVFF       FARG_FloatToStr_str+1, FSR1H
0x0A36	0x0E2E      	MOVLW       46
0x0A38	0x6EE6      	MOVWF       POSTINC1 
0x0A3A	0x4B65      	INFSNZ      FARG_FloatToStr_str, 1, 1
0x0A3C	0x2B66      	INCF        FARG_FloatToStr_str+1, 1, 1
;__Lib_Conversions.c,548 :: 		
0x0A3E	0x0E01      	MOVLW       1
0x0A40	0x6F67      	MOVWF       FloatToStr_bpoint_L0, 1
;__Lib_Conversions.c,549 :: 		
L_FloatToStr91:
L_FloatToStr90:
;__Lib_Conversions.c,540 :: 		
0x0A42	0x065C      	DECF        FloatToStr_d_L0, 1 
;__Lib_Conversions.c,550 :: 		
0x0A44	0xD7A9      	BRA         L_FloatToStr87
L_FloatToStr88:
;__Lib_Conversions.c,551 :: 		
L_FloatToStr92:
0x0A46	0x0EFF      	MOVLW       255
0x0A48	0x2565      	ADDWF       FARG_FloatToStr_str, 0, 1
0x0A4A	0x6EE9      	MOVWF       FSR0L 
0x0A4C	0x0EFF      	MOVLW       255
0x0A4E	0x2166      	ADDWFC      FARG_FloatToStr_str+1, 0, 1
0x0A50	0x6EEA      	MOVWF       FSR0H 
0x0A52	0x50EE      	MOVF        POSTINC0, 0 
0x0A54	0x0A30      	XORLW       48
0x0A56	0xE105      	BNZ         L_FloatToStr93
;__Lib_Conversions.c,552 :: 		
0x0A58	0x0E01      	MOVLW       1
0x0A5A	0x5F65      	SUBWF       FARG_FloatToStr_str, 1, 1
0x0A5C	0x0E00      	MOVLW       0
0x0A5E	0x5B66      	SUBWFB      FARG_FloatToStr_str+1, 1, 1
0x0A60	0xD7F2      	BRA         L_FloatToStr92
L_FloatToStr93:
;__Lib_Conversions.c,553 :: 		
0x0A62	0x0EFF      	MOVLW       255
0x0A64	0x2565      	ADDWF       FARG_FloatToStr_str, 0, 1
0x0A66	0x6EE9      	MOVWF       FSR0L 
0x0A68	0x0EFF      	MOVLW       255
0x0A6A	0x2166      	ADDWFC      FARG_FloatToStr_str+1, 0, 1
0x0A6C	0x6EEA      	MOVWF       FSR0H 
0x0A6E	0x50EE      	MOVF        POSTINC0, 0 
0x0A70	0x0A2E      	XORLW       46
0x0A72	0xE104      	BNZ         L_FloatToStr94
;__Lib_Conversions.c,554 :: 		
0x0A74	0x0E01      	MOVLW       1
0x0A76	0x5F65      	SUBWF       FARG_FloatToStr_str, 1, 1
0x0A78	0x0E00      	MOVLW       0
0x0A7A	0x5B66      	SUBWFB      FARG_FloatToStr_str+1, 1, 1
L_FloatToStr94:
;__Lib_Conversions.c,555 :: 		
0x0A7C	0x5168      	MOVF        FloatToStr_dexpon_L0, 0, 1
0x0A7E	0x0A00      	XORLW       0
0x0A80	0xE03F      	BZ          L_FloatToStr95
;__Lib_Conversions.c,556 :: 		
0x0A82	0xFFE1C065  	MOVFF       FARG_FloatToStr_str, FSR1L
0x0A86	0xFFE2C066  	MOVFF       FARG_FloatToStr_str+1, FSR1H
0x0A8A	0x0E65      	MOVLW       101
0x0A8C	0x6EE6      	MOVWF       POSTINC1 
0x0A8E	0x4B65      	INFSNZ      FARG_FloatToStr_str, 1, 1
0x0A90	0x2B66      	INCF        FARG_FloatToStr_str+1, 1, 1
;__Lib_Conversions.c,557 :: 		
0x0A92	0x0E80      	MOVLW       128
0x0A94	0x1968      	XORWF       FloatToStr_dexpon_L0, 0, 1
0x0A96	0x6E00      	MOVWF       R0 
0x0A98	0x0E80      	MOVLW       128
0x0A9A	0x0A00      	XORLW       0
0x0A9C	0x5C00      	SUBWF       R0, 0 
0x0A9E	0xE20B      	BC          L_FloatToStr96
;__Lib_Conversions.c,558 :: 		
0x0AA0	0xFFE1C065  	MOVFF       FARG_FloatToStr_str, FSR1L
0x0AA4	0xFFE2C066  	MOVFF       FARG_FloatToStr_str+1, FSR1H
0x0AA8	0x0E2D      	MOVLW       45
0x0AAA	0x6EE6      	MOVWF       POSTINC1 
0x0AAC	0x4B65      	INFSNZ      FARG_FloatToStr_str, 1, 1
0x0AAE	0x2B66      	INCF        FARG_FloatToStr_str+1, 1, 1
;__Lib_Conversions.c,559 :: 		
0x0AB0	0x5168      	MOVF        FloatToStr_dexpon_L0, 0, 1
0x0AB2	0x0800      	SUBLW       0
0x0AB4	0x6F68      	MOVWF       FloatToStr_dexpon_L0, 1
;__Lib_Conversions.c,560 :: 		
L_FloatToStr96:
;__Lib_Conversions.c,561 :: 		
0x0AB6	0xF05CC068  	MOVFF       FloatToStr_dexpon_L0, FloatToStr_d_L0
;__Lib_Conversions.c,562 :: 		
0x0ABA	0x5168      	MOVF        FloatToStr_dexpon_L0, 0, 1
0x0ABC	0x0809      	SUBLW       9
0x0ABE	0xE20F      	BC          L_FloatToStr97
;__Lib_Conversions.c,563 :: 		
0x0AC0	0x0E0A      	MOVLW       10
0x0AC2	0x6E04      	MOVWF       R4 
0x0AC4	0xF000C05C  	MOVFF       FloatToStr_d_L0, R0
0x0AC8	0xF000ECB1  	CALL        _Div_8X8_U, 0
0x0ACC	0xFFE1C065  	MOVFF       FARG_FloatToStr_str, FSR1L
0x0AD0	0xFFE2C066  	MOVFF       FARG_FloatToStr_str+1, FSR1H
0x0AD4	0x5000      	MOVF        R0, 0 
0x0AD6	0x0F30      	ADDLW       48
0x0AD8	0x6EE6      	MOVWF       POSTINC1 
0x0ADA	0x4B65      	INFSNZ      FARG_FloatToStr_str, 1, 1
0x0ADC	0x2B66      	INCF        FARG_FloatToStr_str+1, 1, 1
L_FloatToStr97:
;__Lib_Conversions.c,564 :: 		
0x0ADE	0x0E0A      	MOVLW       10
0x0AE0	0x6E04      	MOVWF       R4 
0x0AE2	0xF000C05C  	MOVFF       FloatToStr_d_L0, R0
0x0AE6	0xF000ECB1  	CALL        _Div_8X8_U, 0
0x0AEA	0xF000C008  	MOVFF       R8, R0
0x0AEE	0xFFE1C065  	MOVFF       FARG_FloatToStr_str, FSR1L
0x0AF2	0xFFE2C066  	MOVFF       FARG_FloatToStr_str+1, FSR1H
0x0AF6	0x5000      	MOVF        R0, 0 
0x0AF8	0x0F30      	ADDLW       48
0x0AFA	0x6EE6      	MOVWF       POSTINC1 
0x0AFC	0x4B65      	INFSNZ      FARG_FloatToStr_str, 1, 1
0x0AFE	0x2B66      	INCF        FARG_FloatToStr_str+1, 1, 1
;__Lib_Conversions.c,565 :: 		
L_FloatToStr95:
;__Lib_Conversions.c,566 :: 		
0x0B00	0xFFE1C065  	MOVFF       FARG_FloatToStr_str, FSR1L
0x0B04	0xFFE2C066  	MOVFF       FARG_FloatToStr_str+1, FSR1H
0x0B08	0x6AE6      	CLRF        POSTINC1 
;__Lib_Conversions.c,567 :: 		
0x0B0A	0x6A00      	CLRF        R0 
;__Lib_Conversions.c,568 :: 		
L_end_FloatToStr:
0x0B0C	0x0012      	RETURN      0
; end of _FloatToStr
_longword2double:
;__Lib_MathDouble.c,2427 :: 		
;__Lib_MathDouble.c,2434 :: 		
0x0B0E	0x5000      	MOVF        R0, 0, 0
;__Lib_MathDouble.c,2435 :: 		
0x0B10	0x6E08      	MOVWF       R8, 0
;__Lib_MathDouble.c,2436 :: 		
0x0B12	0x5001      	MOVF        R1, 0, 0
;__Lib_MathDouble.c,2437 :: 		
0x0B14	0x6E00      	MOVWF       R0, 0
;__Lib_MathDouble.c,2438 :: 		
0x0B16	0x5002      	MOVF        R2, 0, 0
;__Lib_MathDouble.c,2439 :: 		
0x0B18	0x6E01      	MOVWF       R1, 0
;__Lib_MathDouble.c,2440 :: 		
0x0B1A	0x5003      	MOVF        R3, 0, 0
;__Lib_MathDouble.c,2441 :: 		
0x0B1C	0x6E02      	MOVWF       R2, 0
;__Lib_MathDouble.c,2442 :: 		
0x0B1E	0x6A03      	CLRF        R3, 0
;__Lib_MathDouble.c,2445 :: 		
0x0B20	0x6A0B      	CLRF        R11, 0
;__Lib_MathDouble.c,2446 :: 		
0x0B22	0x6A0C      	CLRF        R12, 0
;__Lib_MathDouble.c,2448 :: 		
0x0B24	0x0E9E      	MOVLW       158
;__Lib_MathDouble.c,2449 :: 		
0x0B26	0x6E03      	MOVWF       R3, 0
;__Lib_MathDouble.c,2450 :: 		
0x0B28	0x6A0A      	CLRF        R10, 0
;__Lib_MathDouble.c,2451 :: 		
0x0B2A	0x0E02      	MOVLW       2
;__Lib_MathDouble.c,2452 :: 		
0x0B2C	0x6E0C      	MOVWF       R12, 0
;__Lib_MathDouble.c,2454 :: 		
0x0B2E	0xF001EC5D  	CALL        _NRM4032, 0
;__Lib_MathDouble.c,2455 :: 		
L_end_longword2double:
0x0B32	0x0012      	RETURN      0
; end of _longword2double
_Lcd_Out:
;__Lib_Lcd.c,184 :: 		
;__Lib_Lcd.c,187 :: 		
0x0B34	0xD00F      	BRA         L_Lcd_Out11
;__Lib_Lcd.c,188 :: 		
L_Lcd_Out13:
0x0B36	0x0E80      	MOVLW       128
0x0B38	0x6E5B      	MOVWF       FARG_Lcd_Out_row 
0x0B3A	0xD019      	BRA         L_Lcd_Out12
;__Lib_Lcd.c,189 :: 		
L_Lcd_Out14:
0x0B3C	0x0EC0      	MOVLW       192
0x0B3E	0x6E5B      	MOVWF       FARG_Lcd_Out_row 
0x0B40	0xD016      	BRA         L_Lcd_Out12
;__Lib_Lcd.c,190 :: 		
L_Lcd_Out15:
0x0B42	0x0E94      	MOVLW       148
0x0B44	0x6E5B      	MOVWF       FARG_Lcd_Out_row 
0x0B46	0xD013      	BRA         L_Lcd_Out12
;__Lib_Lcd.c,191 :: 		
L_Lcd_Out16:
0x0B48	0x0ED4      	MOVLW       212
0x0B4A	0x6E5B      	MOVWF       FARG_Lcd_Out_row 
0x0B4C	0xD010      	BRA         L_Lcd_Out12
;__Lib_Lcd.c,192 :: 		
L_Lcd_Out17:
0x0B4E	0x0E80      	MOVLW       128
0x0B50	0x6E5B      	MOVWF       FARG_Lcd_Out_row 
;__Lib_Lcd.c,193 :: 		
0x0B52	0xD00D      	BRA         L_Lcd_Out12
L_Lcd_Out11:
0x0B54	0x505B      	MOVF        FARG_Lcd_Out_row, 0 
0x0B56	0x0A01      	XORLW       1
0x0B58	0xE0EE      	BZ          L_Lcd_Out13
0x0B5A	0x505B      	MOVF        FARG_Lcd_Out_row, 0 
0x0B5C	0x0A02      	XORLW       2
0x0B5E	0xE0EE      	BZ          L_Lcd_Out14
0x0B60	0x505B      	MOVF        FARG_Lcd_Out_row, 0 
0x0B62	0x0A03      	XORLW       3
0x0B64	0xE0EE      	BZ          L_Lcd_Out15
0x0B66	0x505B      	MOVF        FARG_Lcd_Out_row, 0 
0x0B68	0x0A04      	XORLW       4
0x0B6A	0xE0EE      	BZ          L_Lcd_Out16
0x0B6C	0xD7F0      	BRA         L_Lcd_Out17
L_Lcd_Out12:
;__Lib_Lcd.c,194 :: 		
0x0B6E	0x045C      	DECF        FARG_Lcd_Out_column, 0 
0x0B70	0x6E00      	MOVWF       R0 
0x0B72	0x505B      	MOVF        FARG_Lcd_Out_row, 0 
0x0B74	0x2600      	ADDWF       R0, 1 
0x0B76	0xF05BC000  	MOVFF       R0, FARG_Lcd_Out_row
;__Lib_Lcd.c,196 :: 		
0x0B7A	0xF06DC000  	MOVFF       R0, FARG_Lcd_Cmd_out_char
0x0B7E	0xF000EC72  	CALL        _Lcd_Cmd, 0
;__Lib_Lcd.c,197 :: 		
0x0B82	0x9037      	BCF         __Lib_Lcd_cmd_status, BitPos(__Lib_Lcd_cmd_status+0) 
;__Lib_Lcd.c,198 :: 		
0x0B84	0x6A5F      	CLRF        Lcd_Out_i_L0 
;__Lib_Lcd.c,199 :: 		
L_Lcd_Out18:
0x0B86	0x505F      	MOVF        Lcd_Out_i_L0, 0 
0x0B88	0x245D      	ADDWF       FARG_Lcd_Out_text, 0 
0x0B8A	0x6EE9      	MOVWF       FSR0L 
0x0B8C	0x0E00      	MOVLW       0
0x0B8E	0x205E      	ADDWFC      FARG_Lcd_Out_text+1, 0 
0x0B90	0x6EEA      	MOVWF       FSR0H 
0x0B92	0x52EE      	MOVF        POSTINC0, 1 
0x0B94	0xE00B      	BZ          L_Lcd_Out19
;__Lib_Lcd.c,200 :: 		
0x0B96	0x505F      	MOVF        Lcd_Out_i_L0, 0 
0x0B98	0x245D      	ADDWF       FARG_Lcd_Out_text, 0 
0x0B9A	0x6EE9      	MOVWF       FSR0L 
0x0B9C	0x0E00      	MOVLW       0
0x0B9E	0x205E      	ADDWFC      FARG_Lcd_Out_text+1, 0 
0x0BA0	0x6EEA      	MOVWF       FSR0H 
0x0BA2	0xF069CFEE  	MOVFF       POSTINC0, FARG_Lcd_Chr_CP_out_char
0x0BA6	0xDD71      	RCALL       _Lcd_Chr_CP
0x0BA8	0x2A5F      	INCF        Lcd_Out_i_L0, 1 
0x0BAA	0xD7ED      	BRA         L_Lcd_Out18
L_Lcd_Out19:
;__Lib_Lcd.c,201 :: 		
0x0BAC	0x8037      	BSF         __Lib_Lcd_cmd_status, BitPos(__Lib_Lcd_cmd_status+0) 
;__Lib_Lcd.c,202 :: 		
L_end_Lcd_Out:
0x0BAE	0x0012      	RETURN      0
; end of _Lcd_Out
_main:
0x0BB0	0xF006EC3D  	CALL        3194, 0
;UART_LCD.c,76 :: 		void main() {
;UART_LCD.c,78 :: 		Configuracion();
0x0BB4	0xDD70      	RCALL       _Configuracion
;UART_LCD.c,80 :: 		ptrTT2 = &TT2;
0x0BB6	0x0E3D      	MOVLW       _TT2
0x0BB8	0x6E41      	MOVWF       _ptrTT2 
0x0BBA	0x0E00      	MOVLW       hi_addr(_TT2)
0x0BBC	0x6E42      	MOVWF       _ptrTT2+1 
;UART_LCD.c,82 :: 		while (1){
L_main5:
;UART_LCD.c,84 :: 		if (BanT==1){
0x0BBE	0x503C      	MOVF        _BanT, 0 
0x0BC0	0x0A01      	XORLW       1
0x0BC2	0xE118      	BNZ         L_main7
;UART_LCD.c,86 :: 		for (j=0;j<4;j++){
0x0BC4	0x6A48      	CLRF        _j 
L_main8:
0x0BC6	0x0E04      	MOVLW       4
0x0BC8	0x5C48      	SUBWF       _j, 0 
0x0BCA	0xE212      	BC          L_main9
;UART_LCD.c,87 :: 		*(ptrTT2+j) = trama[j];
0x0BCC	0x5048      	MOVF        _j, 0 
0x0BCE	0x2441      	ADDWF       _ptrTT2, 0 
0x0BD0	0x6EE1      	MOVWF       FSR1L 
0x0BD2	0x0E00      	MOVLW       0
0x0BD4	0x2042      	ADDWFC      _ptrTT2+1, 0 
0x0BD6	0x6EE2      	MOVWF       FSR1H 
0x0BD8	0x0E44      	MOVLW       _trama
0x0BDA	0x6EE9      	MOVWF       FSR0L 
0x0BDC	0x0E00      	MOVLW       hi_addr(_trama)
0x0BDE	0x6EEA      	MOVWF       FSR0H 
0x0BE0	0x5048      	MOVF        _j, 0 
0x0BE2	0x26E9      	ADDWF       FSR0L, 1 
0x0BE4	0xB0D8      	BTFSC       STATUS, 0 
0x0BE6	0x2AEA      	INCF        FSR0H, 1 
0x0BE8	0xFFE6CFEE  	MOVFF       POSTINC0, POSTINC1
;UART_LCD.c,86 :: 		for (j=0;j<4;j++){
0x0BEC	0x2A48      	INCF        _j, 1 
;UART_LCD.c,88 :: 		}
0x0BEE	0xD7EB      	BRA         L_main8
L_main9:
;UART_LCD.c,90 :: 		BanP = 0;
0x0BF0	0x6A43      	CLRF        _BanP 
;UART_LCD.c,91 :: 		BanT = 0;
0x0BF2	0x6A3C      	CLRF        _BanT 
;UART_LCD.c,93 :: 		}
L_main7:
;UART_LCD.c,95 :: 		T2 = TT2 * 1.0;
0x0BF4	0xF000C03D  	MOVFF       _TT2, R0
0x0BF8	0xF001C03E  	MOVFF       _TT2+1, R1
0x0BFC	0xF002C03F  	MOVFF       _TT2+2, R2
0x0C00	0xF003C040  	MOVFF       _TT2+3, R3
0x0C04	0xDF84      	RCALL       _longword2double
0x0C06	0xF038C000  	MOVFF       R0, _T2
0x0C0A	0xF039C001  	MOVFF       R1, _T2+1
0x0C0E	0xF03AC002  	MOVFF       R2, _T2+2
0x0C12	0xF03BC003  	MOVFF       R3, _T2+3
;UART_LCD.c,96 :: 		FloatToStr(T2,txt1);
0x0C16	0xF061C000  	MOVFF       R0, FARG_FloatToStr_fnum
0x0C1A	0xF062C001  	MOVFF       R1, FARG_FloatToStr_fnum+1
0x0C1E	0xF063C002  	MOVFF       R2, FARG_FloatToStr_fnum+2
0x0C22	0xF064C003  	MOVFF       R3, FARG_FloatToStr_fnum+3
0x0C26	0x0E28      	MOVLW       _txt1
0x0C28	0x6F65      	MOVWF       FARG_FloatToStr_str, 1
0x0C2A	0x0E00      	MOVLW       hi_addr(_txt1)
0x0C2C	0x6F66      	MOVWF       FARG_FloatToStr_str+1, 1
0x0C2E	0xDD64      	RCALL       _FloatToStr
;UART_LCD.c,98 :: 		Lcd_Out(1, 1, "T2: ");
0x0C30	0x0E01      	MOVLW       1
0x0C32	0x6E5B      	MOVWF       FARG_Lcd_Out_row 
0x0C34	0x0E01      	MOVLW       1
0x0C36	0x6E5C      	MOVWF       FARG_Lcd_Out_column 
0x0C38	0x0E1D      	MOVLW       ?lstr1_UART_LCD
0x0C3A	0x6E5D      	MOVWF       FARG_Lcd_Out_text 
0x0C3C	0x0E00      	MOVLW       hi_addr(?lstr1_UART_LCD)
0x0C3E	0x6E5E      	MOVWF       FARG_Lcd_Out_text+1 
0x0C40	0xDF79      	RCALL       _Lcd_Out
;UART_LCD.c,99 :: 		Lcd_Out(2,1,txt1);
0x0C42	0x0E02      	MOVLW       2
0x0C44	0x6E5B      	MOVWF       FARG_Lcd_Out_row 
0x0C46	0x0E01      	MOVLW       1
0x0C48	0x6E5C      	MOVWF       FARG_Lcd_Out_column 
0x0C4A	0x0E28      	MOVLW       _txt1
0x0C4C	0x6E5D      	MOVWF       FARG_Lcd_Out_text 
0x0C4E	0x0E00      	MOVLW       hi_addr(_txt1)
0x0C50	0x6E5E      	MOVWF       FARG_Lcd_Out_text+1 
0x0C52	0xDF70      	RCALL       _Lcd_Out
;UART_LCD.c,103 :: 		Delay_ms(10);
0x0C54	0x0E1A      	MOVLW       26
0x0C56	0x6E0C      	MOVWF       R12, 0
0x0C58	0x0EF8      	MOVLW       248
0x0C5A	0x6E0D      	MOVWF       R13, 0
L_main11:
0x0C5C	0x2E0D      	DECFSZ      R13, 1, 0
0x0C5E	0xD7FE      	BRA         L_main11
0x0C60	0x2E0C      	DECFSZ      R12, 1, 0
0x0C62	0xD7FC      	BRA         L_main11
0x0C64	0x0000      	NOP
;UART_LCD.c,105 :: 		}
0x0C66	0xD7AB      	BRA         L_main5
;UART_LCD.c,107 :: 		}
L_end_main:
0x0C68	0xD7FF      	BRA         $+0
; end of _main
0x0C7A	0xF019EE10  	LFSR        1, 25
0x0C7E	0x0E0F      	MOVLW       15
0x0C80	0x6E00      	MOVWF       R0 
0x0C82	0x0E01      	MOVLW       1
0x0C84	0x6E01      	MOVWF       R1 
0x0C86	0x0E6A      	MOVLW       106
0x0C88	0x6EF6      	MOVWF       4086 
0x0C8A	0x0E0C      	MOVLW       12
0x0C8C	0x6EF7      	MOVWF       TBLPTRH 
0x0C8E	0x0E00      	MOVLW       0
0x0C90	0x6EF8      	MOVWF       TBLPTRU 
0x0C92	0xF003EC6B  	CALL        1750, 0
0x0C96	0x0012      	RETURN      0
;__Lib_Conversions.c,0 :: ?ICS?lstr1___Lib_Conversions
0x0C6A	0x614E ;?ICS?lstr1___Lib_Conversions+0
0x0C6C	0x004E ;?ICS?lstr1___Lib_Conversions+2
; end of ?ICS?lstr1___Lib_Conversions
;UART_LCD.c,0 :: ?ICS?lstr1_UART_LCD
0x0C6E	0x3254 ;?ICS?lstr1_UART_LCD+0
0x0C70	0x203A ;?ICS?lstr1_UART_LCD+2
0x0C72	0x00 ;?ICS?lstr1_UART_LCD+4
; end of ?ICS?lstr1_UART_LCD
;__Lib_Conversions.c,0 :: ?ICS?lstr3___Lib_Conversions
0x0C73	0x4E49 ;?ICS?lstr3___Lib_Conversions+0
0x0C75	0x0046 ;?ICS?lstr3___Lib_Conversions+2
; end of ?ICS?lstr3___Lib_Conversions
;__Lib_Conversions.c,0 :: ?ICS?lstr2___Lib_Conversions
0x0C77	0x0030 ;?ICS?lstr2___Lib_Conversions+0
; end of ?ICS?lstr2___Lib_Conversions
Symbol List:
//** Routines locations **
//ADDRESS    SIZE    PROCEDURE
//----------------------------------------------
0x0008     [110]    _interrupt
0x0076       [6]    _Delay_1us
0x007C      [22]    _Delay_5500us
0x0092      [10]    _Delay_50us
0x009C      [24]    _SETFOV32
0x00B4      [14]    _RES032
0x00C2      [26]    _SETFUN32
0x00DC       [8]    _FIXSIGN32
0x00E4     [126]    _Lcd_Cmd
0x0162      [30]    _Div_8X8_U
0x0180     [150]    _Lcd_Init
0x0216      [78]    _strcpy
0x0264      [86]    _UART1_Init
0x02BA     [482]    _NRM4032
0x049C     [288]    _Mul_32x32_FP
0x05BC     [206]    _Compare_Double
0x068A      [12]    _Lcd_Chr_CP
0x0696      [64]    _Configuracion
0x06D6      [16]    ___CC2DW
0x06E6      [18]    _UART1_Read
0x06F8    [1046]    _FloatToStr
0x0B0E      [38]    _longword2double
0x0B34     [124]    _Lcd_Out
0x0BB0     [186]    _main
//** Variables locations ** 
//ADDRESS    SIZE    VARIABLE
//----------------------------------------------
0x0000       [1]    R0
0x0000       [1]    UART1_Init_tmp_L0
0x0001       [1]    UART1_Read___tmp_UART1_Read_L0
0x0001       [1]    R1
0x0002       [2]    memchr_s_L0
0x0002       [1]    R2
0x0002       [2]    memset_pp_L0
0x0002       [2]    memcpy_dd_L0
0x0002       [2]    strlen_cp_L0
0x0003       [2]    Ltrim_original_L0
0x0003       [2]    memmove_tt_L0
0x0003       [1]    R3
0x0004       [1]    R4
0x0004       [2]    memcpy_ss_L0
0x0004       [2]    strcat_cp_L0
0x0004       [2]    strncpy_cp_L0
0x0004       [2]    strncat_cp_L0
0x0004       [2]    strcpy_cp_L0
0x0005       [1]    R5
0x0005       [2]    LongIntToHex_input_half_L0
0x0005       [2]    memmove_ff_L0
0x0005       [2]    LongWordToHex_input_half_L0
0x0005       [2]    Ltrim_p_L0
0x0006       [1]    R6
0x0007       [1]    R7
0x0008       [1]    R8
0x0009       [1]    R9
0x000A       [1]    R10
0x000B       [1]    R11
0x000C       [1]    R12
0x000D       [1]    R13
0x000E       [1]    R14
0x000F       [1]    R15
0x0010       [1]    R16
0x0011       [1]    R17
0x0012       [1]    R18
0x0013       [1]    R19
0x0014       [1]    R20
0x0019       [4]    ?lstr1___Lib_Conversions
0x001D       [5]    ?lstr1_UART_LCD
0x0022       [4]    ?lstr3___Lib_Conversions
0x0026       [2]    ?lstr2___Lib_Conversions
0x0028      [15]    _txt1
0x0037       [0]    __Lib_Lcd_cmd_status
0x0038       [4]    _T2
0x003C       [1]    _BanT
0x003D       [4]    _TT2
0x0041       [2]    _ptrTT2
0x0043       [1]    _BanP
0x0044       [4]    _trama
0x0048       [1]    _j
0x0049       [4]    _UART_Rdy_Ptr
0x004D       [4]    _UART_Rd_Ptr
0x0051       [4]    _UART_Wr_Ptr
0x0055       [1]    _i
0x0056       [1]    _Dato
0x0057       [4]    _UART_Tx_Idle_Ptr
0x005B       [1]    FARG_Lcd_Out_row
0x005B       [1]    FloatToStr_i_L0
0x005C       [1]    FloatToStr_d_L0
0x005C       [1]    FARG_Lcd_Out_column
0x005D       [2]    FARG_Lcd_Out_text
0x005D       [4]    FloatToStr_un_L0
0x005F       [1]    Lcd_Out_i_L0
0x0061       [4]    FARG_FloatToStr_fnum
0x0065       [2]    FARG_FloatToStr_str
0x0067       [1]    FloatToStr_bpoint_L0
0x0068       [1]    FloatToStr_dexpon_L0
0x0069       [2]    FARG_strcpy_to
0x0069       [1]    FARG_Lcd_Chr_CP_out_char
0x006B       [2]    FARG_strcpy_from
0x006D       [1]    FARG_Lcd_Cmd_out_char
0x006E       [2]    FLOC__interrupt
0x0F83       [0]    RD1_bit
0x0F83       [0]    RD0_bit
0x0F83       [0]    LCD_D6
0x0F83       [0]    LCD_D7
0x0F83       [0]    RD4_bit
0x0F83       [0]    RD2_bit
0x0F83       [0]    RD5_bit
0x0F83       [0]    LCD_D4
0x0F83       [0]    LCD_D5
0x0F83       [0]    LCD_EN
0x0F83       [0]    LCD_RS
0x0F83       [0]    RD3_bit
0x0F94       [0]    TRISC6_bit
0x0F94       [0]    TRISC7_bit
0x0F95       [0]    LCD_D4_Direction
0x0F95       [0]    LCD_D5_Direction
0x0F95       [0]    LCD_RS_Direction
0x0F95       [0]    LCD_EN_Direction
0x0F95       [0]    TRISD3_bit
0x0F95       [0]    TRISD0_bit
0x0F95       [0]    TRISD1_bit
0x0F95       [0]    TRISD2_bit
0x0F95       [0]    TRISD4_bit
0x0F95       [0]    TRISD5_bit
0x0F95       [0]    LCD_D6_Direction
0x0F95       [0]    LCD_D7_Direction
0x0F9D       [0]    RCIE_bit
0x0F9D       [0]    TXIE_bit
0x0F9E       [1]    PIR1
0x0FAB       [1]    RCSTA
0x0FAC       [1]    TXSTA
0x0FAE       [1]    RCREG
0x0FAF       [1]    SPBRG
0x0FB0       [1]    SPBRGH
0x0FB8       [1]    BAUDCON
0x0FD8       [1]    STATUS
0x0FD9       [1]    FSR2L
0x0FDA       [1]    FSR2H
0x0FDE       [1]    POSTINC2
0x0FE0       [1]    BSR
0x0FE1       [1]    FSR1L
0x0FE2       [1]    FSR1H
0x0FE4       [1]    PREINC1
0x0FE6       [1]    POSTINC1
0x0FE7       [1]    INDF1
0x0FE8       [1]    WREG
0x0FE9       [1]    FSR0L
0x0FEA       [1]    FSR0H
0x0FEE       [1]    POSTINC0
0x0FF2       [0]    GIE_bit
0x0FF2       [0]    PEIE_bit
0x0FF3       [1]    PRODL
0x0FF4       [1]    PRODH
0x0FF5       [1]    TABLAT
0x0FF6       [1]    TBLPTRL
0x0FF7       [1]    TBLPTRH
0x0FF8       [1]    TBLPTRU
//** Constants locations ** 
//ADDRESS    SIZE    CONSTANT
//----------------------------------------------
0x0C6A       [4]    ?ICS?lstr1___Lib_Conversions
0x0C6E       [5]    ?ICS?lstr1_UART_LCD
0x0C73       [4]    ?ICS?lstr3___Lib_Conversions
0x0C77       [2]    ?ICS?lstr2___Lib_Conversions
