0	1	mikroCdsPIC.exe -MSF -DBG -pP33FJ32MC202 -DL -SSA -O11111114 -fo80 -N"E:\Milton\Github\Tesis\SensorUltrasonico\DSP\dsPIC\ADC_DAC.mcpds" -SP"C:\Users\Public\Documents\Mikroelektronika\mikroC PRO for dsPIC\defs\" -SP"C:\Users\Public\Documents\Mikroelektronika\mikroC PRO for dsPIC\uses\" -SP"E:\Milton\Github\Tesis\SensorUltrasonico\DSP\dsPIC\" -SP"D:\Git\Tesis_SensorUltrasonico\DSP\dsPIC\" -SP"D:\Git\Tesis_SensorUltrasonico\DSP\" -SP"E:\Milton\Github\Tesis\SensorUltrasonico\DSP\" -SP"D:\Git\Tesis_Test\ADC_DAC_dsPIC\" -SP"E:\Milton\Github\Tesis\Test\ADC_DAC_dsPIC\" -SP"E:\Milton\Tesis\Programas\MikroC\Ejemplos\ADC_DAC_dsPIC\" "ADC_DAC.c" "__Lib_Math.mcl" "__Lib_MathDouble.mcl" "__Lib_System.mcl" "__Lib_Delays.mcl" "__Lib_CString.mcl" "__Lib_CMath.mcl" "__Lib_Conversions.mcl" "__Lib_OneWire.mcl" "__Lib_UART_1_p24_p33.mcl" "__Lib_Vectors.mcl"	 
warning: 0	1501	Specified search path does not exist: 'D:\Git\Tesis_SensorUltrasonico\DSP\dsPIC'	 
warning: 0	1501	Specified search path does not exist: 'D:\Git\Tesis_SensorUltrasonico\DSP'	 
warning: 0	1501	Specified search path does not exist: 'D:\Git\Tesis_Test\ADC_DAC_dsPIC'	 
diagnostics: 0	121	Loading...	 
diagnostics: 0	122	Compilation Started	ADC_DAC.c
warning: 343	1505	Suspicious pointer conversion	ADC_DAC.c
hint: 0	1004	interrupt handler (UART1Interrupt at 0x002A)	ADC_DAC.c
hint: 0	1004	interrupt handler (Timer1Interrupt at 0x001A)	ADC_DAC.c
hint: 0	1004	interrupt handler (Timer2Interrupt at 0x0022)	ADC_DAC.c
warning: 589	1505	Suspicious pointer conversion	ADC_DAC.c
diagnostics: 668	123	Compiled Successfully	ADC_DAC.c
warning: 598	1519	Logical expression is always: 'False'	ADC_DAC.c
diagnostics: 0	127	All files Compiled in 172 ms	 
hint: 0	1144	Used RX (bytes): 32 (100%)   Free RX (bytes): 0 (0%)	Used RX (bytes): 32 (100%)   Free RX (bytes): 0 (0%)
hint: 0	1144	Static RAM (bytes): 1010   Dynamic RAM (bytes): 1038	Static RAM (bytes): 1010   Dynamic RAM (bytes): 1038
hint: 0	1144	Used ROM (bytes): 7241 (32%)  Free ROM (bytes): 15287 (68%)	Used ROM (bytes): 7241 (32%)  Free ROM (bytes): 15287 (68%)
diagnostics: 0	125	Project Linked Successfully	ADC_DAC.mcpds
diagnostics: 0	128	Linked in 203 ms	 
diagnostics: 0	129	Project 'ADC_DAC.mcpds' completed: 547 ms	 
diagnostics: 0	103	Finished successfully: 01 nov. 2017, 22:07:57	ADC_DAC.mcpds
