;  LST file generated by mikroListExporter - v.2.0 
; Date/Time: 17/02/2017 1:35:39
;----------------------------------------------

;Address Opcode 	ASM
0x0000	0xF002EF42  	GOTO        1156
_interrupt:
;Splitter.c,47 :: 		void interrupt(void){
0x0008	0xF016C000  	MOVFF       R0, 22
0x000C	0xF015C001  	MOVFF       R1, 21
;Splitter.c,49 :: 		if(PIR1.F5==1){                                   //Verifica la bandera de interrupcion del Uart1
0x0010	0xF017CFE1  	MOVFF       FSR1L, 23
0x0014	0xF018CFE2  	MOVFF       FSR1H, 24
0x0018	0xAA9E      	BTFSS       PIR1, 5 
0x001A	0xD019      	BRA         L_interrupt0
;Splitter.c,50 :: 		Rspt[ir] = UART1_Read();                     //Almacena los datos de entrada byte a byte en el buffer de peticion
0x001C	0x0E2F      	MOVLW       _Rspt
0x001E	0x0100      	MOVLB       0
0x0020	0x6F65      	MOVWF       FLOC__interrupt, 1
0x0022	0x0E00      	MOVLW       hi_addr(_Rspt)
0x0024	0x6F66      	MOVWF       FLOC__interrupt+1, 1
0x0026	0x502E      	MOVF        _ir, 0 
0x0028	0x2765      	ADDWF       FLOC__interrupt, 1, 1
0x002A	0x0E00      	MOVLW       0
0x002C	0xBE2E      	BTFSC       _ir, 7 
0x002E	0x0EFF      	MOVLW       255
0x0030	0x2366      	ADDWFC      FLOC__interrupt+1, 1, 1
0x0032	0xD951      	RCALL       _UART1_Read
0x0034	0xFFE1C065  	MOVFF       FLOC__interrupt, FSR1L
0x0038	0xFFE2C066  	MOVFF       FLOC__interrupt+1, FSR1H
0x003C	0xFFE6C000  	MOVFF       R0, POSTINC1
;Splitter.c,51 :: 		ir++;
0x0040	0x2A2E      	INCF        _ir, 1 
;Splitter.c,52 :: 		if (ir==Rsize){                              //Verifica que se haya terminado de llenar la trama de datos
0x0042	0x502E      	MOVF        _ir, 0 
0x0044	0x0A06      	XORLW       6
0x0046	0xE102      	BNZ         L_interrupt1
;Splitter.c,53 :: 		BanP = 1;                                 //Habilita la bandera de lectura de datos
0x0048	0x0E01      	MOVLW       1
0x004A	0x6E51      	MOVWF       _BanP 
;Splitter.c,54 :: 		}
L_interrupt1:
;Splitter.c,55 :: 		PIR1.F5 = 0;                                 //Limpia la bandera de interrupcion
0x004C	0x9A9E      	BCF         PIR1, 5 
;Splitter.c,56 :: 		}
L_interrupt0:
;Splitter.c,58 :: 		}
L_end_interrupt:
L__interrupt8:
0x004E	0xF000C016  	MOVFF       22, R0
0x0052	0xF001C015  	MOVFF       21, R1
0x0056	0xFFE1C017  	MOVFF       23, FSR1L
0x005A	0xFFE2C018  	MOVFF       24, FSR1H
0x005E	0x0011      	RETFIE      1
; end of _interrupt
_Delay_50us:
;__Lib_Delays.c,19 :: 		void Delay_50us() {
;__Lib_Delays.c,20 :: 		Delay_us(50);
0x0060	0x0E21      	MOVLW       33
0x0062	0x6E0D      	MOVWF       R13, 0
L_Delay_50us2:
0x0064	0x2E0D      	DECFSZ      R13, 1, 0
0x0066	0xD7FE      	BRA         L_Delay_50us2
;__Lib_Delays.c,21 :: 		}
L_end_Delay_50us:
0x0068	0x0012      	RETURN      0
; end of _Delay_50us
_Delay_5500us:
;__Lib_Delays.c,31 :: 		void Delay_5500us() {
;__Lib_Delays.c,32 :: 		Delay_us(5500);
0x006A	0x0E0F      	MOVLW       15
0x006C	0x6E0C      	MOVWF       R12, 0
0x006E	0x0E47      	MOVLW       71
0x0070	0x6E0D      	MOVWF       R13, 0
L_Delay_5500us5:
0x0072	0x2E0D      	DECFSZ      R13, 1, 0
0x0074	0xD7FE      	BRA         L_Delay_5500us5
0x0076	0x2E0C      	DECFSZ      R12, 1, 0
0x0078	0xD7FC      	BRA         L_Delay_5500us5
0x007A	0x0000      	NOP
0x007C	0x0000      	NOP
;__Lib_Delays.c,33 :: 		}
L_end_Delay_5500us:
0x007E	0x0012      	RETURN      0
; end of _Delay_5500us
_Delay_1us:
;__Lib_Delays.c,7 :: 		void Delay_1us() {
;__Lib_Delays.c,8 :: 		Delay_us(1);
0x0080	0x0000      	NOP
0x0082	0x0000      	NOP
;__Lib_Delays.c,9 :: 		}
L_end_Delay_1us:
0x0084	0x0012      	RETURN      0
; end of _Delay_1us
_Div_16X16_U:
;__Lib_Math.c,102 :: 		
;__Lib_Math.c,109 :: 		
0x0086	0x6A08      	CLRF        R8, 0
;__Lib_Math.c,110 :: 		
0x0088	0x6A09      	CLRF        R9, 0
;__Lib_Math.c,111 :: 		
0x008A	0x0E10      	MOVLW       16
;__Lib_Math.c,112 :: 		
0x008C	0x6E0C      	MOVWF       R12, 0
;__Lib_Math.c,113 :: 		
0x008E	0x3401      	RLCF        R1, 0, 0
;__Lib_Math.c,114 :: 		
0x0090	0x3608      	RLCF        R8, 1, 0
;__Lib_Math.c,115 :: 		
0x0092	0x3609      	RLCF        R9, 1, 0
;__Lib_Math.c,116 :: 		
0x0094	0x5004      	MOVF        R4, 0, 0
;__Lib_Math.c,117 :: 		
0x0096	0x5E08      	SUBWF       R8, 1, 0
;__Lib_Math.c,118 :: 		
0x0098	0x5005      	MOVF        R5, 0, 0
;__Lib_Math.c,119 :: 		
0x009A	0xA0D8      	BTFSS       STATUS, 0, 0
;__Lib_Math.c,120 :: 		
0x009C	0x3C05      	INCFSZ      R5, 0, 0
;__Lib_Math.c,121 :: 		
0x009E	0x5E09      	SUBWF       R9, 1, 0
;__Lib_Math.c,122 :: 		
0x00A0	0xB0D8      	BTFSC       STATUS, 0, 0
;__Lib_Math.c,123 :: 		
0x00A2	0xD007      	BRA         $+16
;__Lib_Math.c,124 :: 		
0x00A4	0x5004      	MOVF        R4, 0, 0
;__Lib_Math.c,125 :: 		
0x00A6	0x2608      	ADDWF       R8, 1, 0
;__Lib_Math.c,126 :: 		
0x00A8	0x5005      	MOVF        R5, 0, 0
;__Lib_Math.c,127 :: 		
0x00AA	0xB0D8      	BTFSC       STATUS, 0, 0
;__Lib_Math.c,128 :: 		
0x00AC	0x3C05      	INCFSZ      R5, 0, 0
;__Lib_Math.c,129 :: 		
0x00AE	0x2609      	ADDWF       R9, 1, 0
;__Lib_Math.c,130 :: 		
0x00B0	0x90D8      	BCF         STATUS, 0, 0
;__Lib_Math.c,131 :: 		
0x00B2	0x3600      	RLCF        R0, 1, 0
;__Lib_Math.c,132 :: 		
0x00B4	0x3601      	RLCF        R1, 1, 0
;__Lib_Math.c,133 :: 		
0x00B6	0x2E0C      	DECFSZ      R12, 1, 0
;__Lib_Math.c,134 :: 		
0x00B8	0xD7EA      	BRA         $-42
;__Lib_Math.c,136 :: 		
L_end_Div_16X16_U:
0x00BA	0x0012      	RETURN      0
; end of _Div_16X16_U
_Lcd_Cmd:
;__Lib_Lcd.c,18 :: 		
;__Lib_Lcd.c,20 :: 		
0x00BC	0x0100      	MOVLB       0
0x00BE	0xBF60      	BTFSC       FARG_Lcd_Cmd_out_char, 7, 1
0x00C0	0xD002      	BRA         L__Lcd_Cmd21
0x00C2	0x9A80      	BCF         LCD_D7, BitPos(LCD_D7+0) 
0x00C4	0xD001      	BRA         L__Lcd_Cmd22
L__Lcd_Cmd21:
0x00C6	0x8A80      	BSF         LCD_D7, BitPos(LCD_D7+0) 
L__Lcd_Cmd22:
;__Lib_Lcd.c,21 :: 		
0x00C8	0xBD60      	BTFSC       FARG_Lcd_Cmd_out_char, 6, 1
0x00CA	0xD002      	BRA         L__Lcd_Cmd23
0x00CC	0x9880      	BCF         LCD_D6, BitPos(LCD_D6+0) 
0x00CE	0xD001      	BRA         L__Lcd_Cmd24
L__Lcd_Cmd23:
0x00D0	0x8880      	BSF         LCD_D6, BitPos(LCD_D6+0) 
L__Lcd_Cmd24:
;__Lib_Lcd.c,22 :: 		
0x00D2	0xBB60      	BTFSC       FARG_Lcd_Cmd_out_char, 5, 1
0x00D4	0xD002      	BRA         L__Lcd_Cmd25
0x00D6	0x9680      	BCF         LCD_D5, BitPos(LCD_D5+0) 
0x00D8	0xD001      	BRA         L__Lcd_Cmd26
L__Lcd_Cmd25:
0x00DA	0x8680      	BSF         LCD_D5, BitPos(LCD_D5+0) 
L__Lcd_Cmd26:
;__Lib_Lcd.c,23 :: 		
0x00DC	0xB960      	BTFSC       FARG_Lcd_Cmd_out_char, 4, 1
0x00DE	0xD002      	BRA         L__Lcd_Cmd27
0x00E0	0x9480      	BCF         LCD_D4, BitPos(LCD_D4+0) 
0x00E2	0xD001      	BRA         L__Lcd_Cmd28
L__Lcd_Cmd27:
0x00E4	0x8480      	BSF         LCD_D4, BitPos(LCD_D4+0) 
L__Lcd_Cmd28:
;__Lib_Lcd.c,25 :: 		
0x00E6	0xB03C      	BTFSC       __Lib_Lcd_cmd_status, BitPos(__Lib_Lcd_cmd_status+0) 
0x00E8	0xD002      	BRA         L__Lcd_Cmd29
0x00EA	0x8080      	BSF         LCD_RS, BitPos(LCD_RS+0) 
0x00EC	0xD001      	BRA         L__Lcd_Cmd30
L__Lcd_Cmd29:
0x00EE	0x9080      	BCF         LCD_RS, BitPos(LCD_RS+0) 
L__Lcd_Cmd30:
;__Lib_Lcd.c,28 :: 		
0x00F0	0x8280      	BSF         LCD_EN, BitPos(LCD_EN+0) 
;__Lib_Lcd.c,29 :: 		
0x00F2	0xDFC6      	RCALL       _Delay_1us
;__Lib_Lcd.c,30 :: 		
0x00F4	0x9280      	BCF         LCD_EN, BitPos(LCD_EN+0) 
;__Lib_Lcd.c,33 :: 		
0x00F6	0xB760      	BTFSC       FARG_Lcd_Cmd_out_char, 3, 1
0x00F8	0xD002      	BRA         L__Lcd_Cmd31
0x00FA	0x9A80      	BCF         LCD_D7, BitPos(LCD_D7+0) 
0x00FC	0xD001      	BRA         L__Lcd_Cmd32
L__Lcd_Cmd31:
0x00FE	0x8A80      	BSF         LCD_D7, BitPos(LCD_D7+0) 
L__Lcd_Cmd32:
;__Lib_Lcd.c,34 :: 		
0x0100	0xB560      	BTFSC       FARG_Lcd_Cmd_out_char, 2, 1
0x0102	0xD002      	BRA         L__Lcd_Cmd33
0x0104	0x9880      	BCF         LCD_D6, BitPos(LCD_D6+0) 
0x0106	0xD001      	BRA         L__Lcd_Cmd34
L__Lcd_Cmd33:
0x0108	0x8880      	BSF         LCD_D6, BitPos(LCD_D6+0) 
L__Lcd_Cmd34:
;__Lib_Lcd.c,35 :: 		
0x010A	0xB360      	BTFSC       FARG_Lcd_Cmd_out_char, 1, 1
0x010C	0xD002      	BRA         L__Lcd_Cmd35
0x010E	0x9680      	BCF         LCD_D5, BitPos(LCD_D5+0) 
0x0110	0xD001      	BRA         L__Lcd_Cmd36
L__Lcd_Cmd35:
0x0112	0x8680      	BSF         LCD_D5, BitPos(LCD_D5+0) 
L__Lcd_Cmd36:
;__Lib_Lcd.c,36 :: 		
0x0114	0xB160      	BTFSC       FARG_Lcd_Cmd_out_char, 0, 1
0x0116	0xD002      	BRA         L__Lcd_Cmd37
0x0118	0x9480      	BCF         LCD_D4, BitPos(LCD_D4+0) 
0x011A	0xD001      	BRA         L__Lcd_Cmd38
L__Lcd_Cmd37:
0x011C	0x8480      	BSF         LCD_D4, BitPos(LCD_D4+0) 
L__Lcd_Cmd38:
;__Lib_Lcd.c,38 :: 		
0x011E	0xB03C      	BTFSC       __Lib_Lcd_cmd_status, BitPos(__Lib_Lcd_cmd_status+0) 
0x0120	0xD002      	BRA         L__Lcd_Cmd39
0x0122	0x8080      	BSF         LCD_RS, BitPos(LCD_RS+0) 
0x0124	0xD001      	BRA         L__Lcd_Cmd40
L__Lcd_Cmd39:
0x0126	0x9080      	BCF         LCD_RS, BitPos(LCD_RS+0) 
L__Lcd_Cmd40:
;__Lib_Lcd.c,40 :: 		
0x0128	0x8280      	BSF         LCD_EN, BitPos(LCD_EN+0) 
;__Lib_Lcd.c,41 :: 		
0x012A	0xDFAA      	RCALL       _Delay_1us
;__Lib_Lcd.c,42 :: 		
0x012C	0x9280      	BCF         LCD_EN, BitPos(LCD_EN+0) 
;__Lib_Lcd.c,44 :: 		
0x012E	0xA03C      	BTFSS       __Lib_Lcd_cmd_status, BitPos(__Lib_Lcd_cmd_status+0) 
0x0130	0xD002      	BRA         L_Lcd_Cmd0
;__Lib_Lcd.c,45 :: 		
0x0132	0xDF9B      	RCALL       _Delay_5500us
0x0134	0xD001      	BRA         L_Lcd_Cmd1
L_Lcd_Cmd0:
;__Lib_Lcd.c,47 :: 		
0x0136	0xDF94      	RCALL       _Delay_50us
L_Lcd_Cmd1:
;__Lib_Lcd.c,48 :: 		
L_end_Lcd_Cmd:
0x0138	0x0012      	RETURN      0
; end of _Lcd_Cmd
_WordToStr:
;__Lib_Conversions.c,84 :: 		
;__Lib_Conversions.c,89 :: 		
0x013A	0x6A5D      	CLRF        WordToStr_len_L0 
L_WordToStr6:
0x013C	0x0E05      	MOVLW       5
0x013E	0x5C5D      	SUBWF       WordToStr_len_L0, 0 
0x0140	0xE20B      	BC          L_WordToStr7
;__Lib_Conversions.c,90 :: 		
0x0142	0x505D      	MOVF        WordToStr_len_L0, 0 
0x0144	0x0100      	MOVLB       0
0x0146	0x2563      	ADDWF       FARG_WordToStr_output, 0, 1
0x0148	0x6EE1      	MOVWF       FSR1L 
0x014A	0x0E00      	MOVLW       0
0x014C	0x2164      	ADDWFC      FARG_WordToStr_output+1, 0, 1
0x014E	0x6EE2      	MOVWF       FSR1H 
0x0150	0x0E20      	MOVLW       32
0x0152	0x6EE6      	MOVWF       POSTINC1 
;__Lib_Conversions.c,89 :: 		
0x0154	0x2A5D      	INCF        WordToStr_len_L0, 1 
;__Lib_Conversions.c,90 :: 		
0x0156	0xD7F2      	BRA         L_WordToStr6
L_WordToStr7:
0x0158	0x0100      	MOVLB       0
;__Lib_Conversions.c,91 :: 		
0x015A	0x505D      	MOVF        WordToStr_len_L0, 0 
0x015C	0x2563      	ADDWF       FARG_WordToStr_output, 0, 1
0x015E	0x6EE1      	MOVWF       FSR1L 
0x0160	0x0E00      	MOVLW       0
0x0162	0x2164      	ADDWFC      FARG_WordToStr_output+1, 0, 1
0x0164	0x6EE2      	MOVWF       FSR1H 
0x0166	0x6AE6      	CLRF        POSTINC1 
0x0168	0x065D      	DECF        WordToStr_len_L0, 1 
;__Lib_Conversions.c,93 :: 		
L_WordToStr9:
;__Lib_Conversions.c,94 :: 		
0x016A	0x505D      	MOVF        WordToStr_len_L0, 0 
0x016C	0x2563      	ADDWF       FARG_WordToStr_output, 0, 1
0x016E	0x6E5E      	MOVWF       FLOC__WordToStr 
0x0170	0x0E00      	MOVLW       0
0x0172	0x2164      	ADDWFC      FARG_WordToStr_output+1, 0, 1
0x0174	0x6E5F      	MOVWF       FLOC__WordToStr+1 
0x0176	0x0E0A      	MOVLW       10
0x0178	0x6E04      	MOVWF       R4 
0x017A	0x0E00      	MOVLW       0
0x017C	0x6E05      	MOVWF       R5 
0x017E	0xF000C061  	MOVFF       FARG_WordToStr_input, R0
0x0182	0xF001C062  	MOVFF       FARG_WordToStr_input+1, R1
0x0186	0xDF7F      	RCALL       _Div_16X16_U
0x0188	0xF000C008  	MOVFF       R8, R0
0x018C	0xF001C009  	MOVFF       R9, R1
0x0190	0x0E30      	MOVLW       48
0x0192	0x2600      	ADDWF       R0, 1 
0x0194	0xFFE1C05E  	MOVFF       FLOC__WordToStr, FSR1L
0x0198	0xFFE2C05F  	MOVFF       FLOC__WordToStr+1, FSR1H
0x019C	0xFFE6C000  	MOVFF       R0, POSTINC1
;__Lib_Conversions.c,95 :: 		
0x01A0	0x0E0A      	MOVLW       10
0x01A2	0x6E04      	MOVWF       R4 
0x01A4	0x0E00      	MOVLW       0
0x01A6	0x6E05      	MOVWF       R5 
0x01A8	0xF000C061  	MOVFF       FARG_WordToStr_input, R0
0x01AC	0xF001C062  	MOVFF       FARG_WordToStr_input+1, R1
0x01B0	0xDF6A      	RCALL       _Div_16X16_U
0x01B2	0xF061C000  	MOVFF       R0, FARG_WordToStr_input
0x01B6	0xF062C001  	MOVFF       R1, FARG_WordToStr_input+1
;__Lib_Conversions.c,96 :: 		
0x01BA	0x0E00      	MOVLW       0
0x01BC	0x1801      	XORWF       R1, 0 
0x01BE	0xE102      	BNZ         L__WordToStr109
0x01C0	0x0E00      	MOVLW       0
0x01C2	0x1800      	XORWF       R0, 0 
L__WordToStr109:
0x01C4	0xE101      	BNZ         L_WordToStr11
;__Lib_Conversions.c,97 :: 		
0x01C6	0xD002      	BRA         L_WordToStr10
L_WordToStr11:
;__Lib_Conversions.c,98 :: 		
0x01C8	0x065D      	DECF        WordToStr_len_L0, 1 
;__Lib_Conversions.c,99 :: 		
0x01CA	0xD7CF      	BRA         L_WordToStr9
L_WordToStr10:
;__Lib_Conversions.c,100 :: 		
L_end_WordToStr:
0x01CC	0x0012      	RETURN      0
; end of _WordToStr
_Lcd_Chr_CP:
;__Lib_Lcd.c,50 :: 		
;__Lib_Lcd.c,52 :: 		
0x01CE	0x903C      	BCF         __Lib_Lcd_cmd_status, BitPos(__Lib_Lcd_cmd_status+0) 
;__Lib_Lcd.c,53 :: 		
0x01D0	0xF060C05D  	MOVFF       FARG_Lcd_Chr_CP_out_char, FARG_Lcd_Cmd_out_char
0x01D4	0xDF73      	RCALL       _Lcd_Cmd
;__Lib_Lcd.c,54 :: 		
0x01D6	0x803C      	BSF         __Lib_Lcd_cmd_status, BitPos(__Lib_Lcd_cmd_status+0) 
;__Lib_Lcd.c,55 :: 		
L_end_Lcd_Chr_CP:
0x01D8	0x0012      	RETURN      0
; end of _Lcd_Chr_CP
_UART1_Init:
;__Lib_UART_c67b67.c,20 :: 		
;__Lib_UART_c67b67.c,23 :: 		
0x01DA	0x0EFF      	MOVLW       _UART1_Write
0x01DC	0x6E45      	MOVWF       _UART_Wr_Ptr 
0x01DE	0x0EFF      	MOVLW       hi_addr(_UART1_Write)
0x01E0	0x6E46      	MOVWF       _UART_Wr_Ptr+1 
0x01E2	0x0EFF      	MOVLW       FARG_UART1_Write_data_
0x01E4	0x6E47      	MOVWF       _UART_Wr_Ptr+2 
0x01E6	0x0EFF      	MOVLW       hi_addr(FARG_UART1_Write_data_)
0x01E8	0x6E48      	MOVWF       _UART_Wr_Ptr+3 
;__Lib_UART_c67b67.c,24 :: 		
0x01EA	0x0ED6      	MOVLW       _UART1_Read
0x01EC	0x6E41      	MOVWF       _UART_Rd_Ptr 
0x01EE	0x0E02      	MOVLW       hi_addr(_UART1_Read)
0x01F0	0x6E42      	MOVWF       _UART_Rd_Ptr+1 
0x01F2	0x0E00      	MOVLW       0
0x01F4	0x6E43      	MOVWF       _UART_Rd_Ptr+2 
0x01F6	0x0E00      	MOVLW       0
0x01F8	0x6E44      	MOVWF       _UART_Rd_Ptr+3 
;__Lib_UART_c67b67.c,25 :: 		
0x01FA	0x0EFF      	MOVLW       _UART1_Data_Ready
0x01FC	0x6E3D      	MOVWF       _UART_Rdy_Ptr 
0x01FE	0x0EFF      	MOVLW       hi_addr(_UART1_Data_Ready)
0x0200	0x6E3E      	MOVWF       _UART_Rdy_Ptr+1 
0x0202	0x0E00      	MOVLW       0
0x0204	0x6E3F      	MOVWF       _UART_Rdy_Ptr+2 
0x0206	0x0E00      	MOVLW       0
0x0208	0x6E40      	MOVWF       _UART_Rdy_Ptr+3 
;__Lib_UART_c67b67.c,26 :: 		
0x020A	0x0EFF      	MOVLW       _UART1_Tx_Idle
0x020C	0x6E36      	MOVWF       _UART_Tx_Idle_Ptr 
0x020E	0x0EFF      	MOVLW       hi_addr(_UART1_Tx_Idle)
0x0210	0x6E37      	MOVWF       _UART_Tx_Idle_Ptr+1 
0x0212	0x0E00      	MOVLW       0
0x0214	0x6E38      	MOVWF       _UART_Tx_Idle_Ptr+2 
0x0216	0x0E00      	MOVLW       0
0x0218	0x6E39      	MOVWF       _UART_Tx_Idle_Ptr+3 
;__Lib_UART_c67b67.c,28 :: 		
0x021A	0x8AAC      	BSF         TXSTA, 5 
;__Lib_UART_c67b67.c,29 :: 		
0x021C	0x0E90      	MOVLW       144
0x021E	0x6EAB      	MOVWF       RCSTA 
;__Lib_UART_c67b67.c,30 :: 		
0x0220	0x8E94      	BSF         TRISC7_bit, BitPos(TRISC7_bit+0) 
;__Lib_UART_c67b67.c,31 :: 		
0x0222	0x9C94      	BCF         TRISC6_bit, BitPos(TRISC6_bit+0) 
;__Lib_UART_c67b67.c,33 :: 		
L_UART1_Init0:
0x0224	0xAA9E      	BTFSS       PIR1, 5 
0x0226	0xD003      	BRA         L_UART1_Init1
;__Lib_UART_c67b67.c,34 :: 		
0x0228	0xF000CFAE  	MOVFF       RCREG, R0
0x022C	0xD7FB      	BRA         L_UART1_Init0
L_UART1_Init1:
;__Lib_UART_c67b67.c,35 :: 		
L_end_UART1_Init:
0x022E	0x0012      	RETURN      0
; end of _UART1_Init
_Lcd_Init:
;__Lib_Lcd.c,84 :: 		
;__Lib_Lcd.c,86 :: 		
0x0230	0x9292      	BCF         LCD_EN_Direction, BitPos(LCD_EN_Direction+0) 
;__Lib_Lcd.c,87 :: 		
0x0232	0x9092      	BCF         LCD_RS_Direction, BitPos(LCD_RS_Direction+0) 
;__Lib_Lcd.c,88 :: 		
0x0234	0x9492      	BCF         LCD_D4_Direction, BitPos(LCD_D4_Direction+0) 
;__Lib_Lcd.c,89 :: 		
0x0236	0x9692      	BCF         LCD_D5_Direction, BitPos(LCD_D5_Direction+0) 
;__Lib_Lcd.c,90 :: 		
0x0238	0x9892      	BCF         LCD_D6_Direction, BitPos(LCD_D6_Direction+0) 
;__Lib_Lcd.c,91 :: 		
0x023A	0x9A92      	BCF         LCD_D7_Direction, BitPos(LCD_D7_Direction+0) 
;__Lib_Lcd.c,93 :: 		
0x023C	0x9280      	BCF         LCD_EN, BitPos(LCD_EN+0) 
;__Lib_Lcd.c,94 :: 		
0x023E	0x9080      	BCF         LCD_RS, BitPos(LCD_RS+0) 
;__Lib_Lcd.c,95 :: 		
0x0240	0x9A80      	BCF         LCD_D7, BitPos(LCD_D7+0) 
;__Lib_Lcd.c,96 :: 		
0x0242	0x9880      	BCF         LCD_D6, BitPos(LCD_D6+0) 
;__Lib_Lcd.c,97 :: 		
0x0244	0x9680      	BCF         LCD_D5, BitPos(LCD_D5+0) 
;__Lib_Lcd.c,98 :: 		
0x0246	0x9480      	BCF         LCD_D4, BitPos(LCD_D4+0) 
;__Lib_Lcd.c,100 :: 		
0x0248	0xDF10      	RCALL       _Delay_5500us
;__Lib_Lcd.c,101 :: 		
0x024A	0xDF0F      	RCALL       _Delay_5500us
;__Lib_Lcd.c,102 :: 		
0x024C	0xDF0E      	RCALL       _Delay_5500us
;__Lib_Lcd.c,105 :: 		
0x024E	0x8680      	BSF         LCD_D5, BitPos(LCD_D5+0) 
;__Lib_Lcd.c,106 :: 		
0x0250	0x8480      	BSF         LCD_D4, BitPos(LCD_D4+0) 
;__Lib_Lcd.c,107 :: 		
0x0252	0x8280      	BSF         LCD_EN, BitPos(LCD_EN+0) 
;__Lib_Lcd.c,108 :: 		
0x0254	0xDF15      	RCALL       _Delay_1us
;__Lib_Lcd.c,109 :: 		
0x0256	0x9280      	BCF         LCD_EN, BitPos(LCD_EN+0) 
;__Lib_Lcd.c,110 :: 		
0x0258	0xDF08      	RCALL       _Delay_5500us
;__Lib_Lcd.c,112 :: 		
0x025A	0x8280      	BSF         LCD_EN, BitPos(LCD_EN+0) 
;__Lib_Lcd.c,113 :: 		
0x025C	0xDF11      	RCALL       _Delay_1us
;__Lib_Lcd.c,114 :: 		
0x025E	0x9280      	BCF         LCD_EN, BitPos(LCD_EN+0) 
;__Lib_Lcd.c,115 :: 		
0x0260	0xDF04      	RCALL       _Delay_5500us
;__Lib_Lcd.c,117 :: 		
0x0262	0x8280      	BSF         LCD_EN, BitPos(LCD_EN+0) 
;__Lib_Lcd.c,118 :: 		
0x0264	0xDF0D      	RCALL       _Delay_1us
;__Lib_Lcd.c,119 :: 		
0x0266	0x9280      	BCF         LCD_EN, BitPos(LCD_EN+0) 
;__Lib_Lcd.c,120 :: 		
0x0268	0xDF00      	RCALL       _Delay_5500us
;__Lib_Lcd.c,123 :: 		
0x026A	0x9480      	BCF         LCD_D4, BitPos(LCD_D4+0) 
;__Lib_Lcd.c,124 :: 		
0x026C	0x8280      	BSF         LCD_EN, BitPos(LCD_EN+0) 
;__Lib_Lcd.c,125 :: 		
0x026E	0xDF08      	RCALL       _Delay_1us
;__Lib_Lcd.c,126 :: 		
0x0270	0x9280      	BCF         LCD_EN, BitPos(LCD_EN+0) 
;__Lib_Lcd.c,127 :: 		
0x0272	0xDEFB      	RCALL       _Delay_5500us
;__Lib_Lcd.c,130 :: 		
0x0274	0x8280      	BSF         LCD_EN, BitPos(LCD_EN+0) 
;__Lib_Lcd.c,131 :: 		
0x0276	0xDF04      	RCALL       _Delay_1us
;__Lib_Lcd.c,132 :: 		
0x0278	0x9280      	BCF         LCD_EN, BitPos(LCD_EN+0) 
;__Lib_Lcd.c,134 :: 		
0x027A	0x9680      	BCF         LCD_D5, BitPos(LCD_D5+0) 
;__Lib_Lcd.c,135 :: 		
0x027C	0x8A80      	BSF         LCD_D7, BitPos(LCD_D7+0) 
;__Lib_Lcd.c,136 :: 		
0x027E	0x8280      	BSF         LCD_EN, BitPos(LCD_EN+0) 
;__Lib_Lcd.c,137 :: 		
0x0280	0xDEFF      	RCALL       _Delay_1us
;__Lib_Lcd.c,138 :: 		
0x0282	0x9280      	BCF         LCD_EN, BitPos(LCD_EN+0) 
;__Lib_Lcd.c,139 :: 		
0x0284	0xDEF2      	RCALL       _Delay_5500us
;__Lib_Lcd.c,142 :: 		
0x0286	0x9A80      	BCF         LCD_D7, BitPos(LCD_D7+0) 
;__Lib_Lcd.c,143 :: 		
0x0288	0x8480      	BSF         LCD_D4, BitPos(LCD_D4+0) 
;__Lib_Lcd.c,144 :: 		
0x028A	0x8280      	BSF         LCD_EN, BitPos(LCD_EN+0) 
;__Lib_Lcd.c,145 :: 		
0x028C	0xDEF9      	RCALL       _Delay_1us
;__Lib_Lcd.c,146 :: 		
0x028E	0x9280      	BCF         LCD_EN, BitPos(LCD_EN+0) 
;__Lib_Lcd.c,148 :: 		
0x0290	0x9480      	BCF         LCD_D4, BitPos(LCD_D4+0) 
;__Lib_Lcd.c,149 :: 		
0x0292	0x8280      	BSF         LCD_EN, BitPos(LCD_EN+0) 
;__Lib_Lcd.c,150 :: 		
0x0294	0xDEF5      	RCALL       _Delay_1us
;__Lib_Lcd.c,151 :: 		
0x0296	0x9280      	BCF         LCD_EN, BitPos(LCD_EN+0) 
;__Lib_Lcd.c,152 :: 		
0x0298	0xDEE8      	RCALL       _Delay_5500us
;__Lib_Lcd.c,155 :: 		
0x029A	0x8280      	BSF         LCD_EN, BitPos(LCD_EN+0) 
;__Lib_Lcd.c,156 :: 		
0x029C	0xDEF1      	RCALL       _Delay_1us
;__Lib_Lcd.c,157 :: 		
0x029E	0x9280      	BCF         LCD_EN, BitPos(LCD_EN+0) 
;__Lib_Lcd.c,159 :: 		
0x02A0	0x8480      	BSF         LCD_D4, BitPos(LCD_D4+0) 
;__Lib_Lcd.c,160 :: 		
0x02A2	0x8280      	BSF         LCD_EN, BitPos(LCD_EN+0) 
;__Lib_Lcd.c,161 :: 		
0x02A4	0xDEED      	RCALL       _Delay_1us
;__Lib_Lcd.c,162 :: 		
0x02A6	0x9280      	BCF         LCD_EN, BitPos(LCD_EN+0) 
;__Lib_Lcd.c,163 :: 		
0x02A8	0xDEE0      	RCALL       _Delay_5500us
;__Lib_Lcd.c,166 :: 		
0x02AA	0x9480      	BCF         LCD_D4, BitPos(LCD_D4+0) 
;__Lib_Lcd.c,167 :: 		
0x02AC	0x8280      	BSF         LCD_EN, BitPos(LCD_EN+0) 
;__Lib_Lcd.c,168 :: 		
0x02AE	0xDEE8      	RCALL       _Delay_1us
;__Lib_Lcd.c,169 :: 		
0x02B0	0x9280      	BCF         LCD_EN, BitPos(LCD_EN+0) 
;__Lib_Lcd.c,171 :: 		
0x02B2	0x8A80      	BSF         LCD_D7, BitPos(LCD_D7+0) 
;__Lib_Lcd.c,172 :: 		
0x02B4	0x8880      	BSF         LCD_D6, BitPos(LCD_D6+0) 
;__Lib_Lcd.c,173 :: 		
0x02B6	0x8680      	BSF         LCD_D5, BitPos(LCD_D5+0) 
;__Lib_Lcd.c,174 :: 		
0x02B8	0x8480      	BSF         LCD_D4, BitPos(LCD_D4+0) 
;__Lib_Lcd.c,175 :: 		
0x02BA	0x8280      	BSF         LCD_EN, BitPos(LCD_EN+0) 
;__Lib_Lcd.c,176 :: 		
0x02BC	0xDEE1      	RCALL       _Delay_1us
;__Lib_Lcd.c,177 :: 		
0x02BE	0x9280      	BCF         LCD_EN, BitPos(LCD_EN+0) 
;__Lib_Lcd.c,179 :: 		
0x02C0	0xDED4      	RCALL       _Delay_5500us
;__Lib_Lcd.c,181 :: 		
0x02C2	0x803C      	BSF         __Lib_Lcd_cmd_status, BitPos(__Lib_Lcd_cmd_status+0) 
;__Lib_Lcd.c,182 :: 		
L_end_Lcd_Init:
0x02C4	0x0012      	RETURN      0
; end of _Lcd_Init
___CC2DW:
;__Lib_System.c,21 :: 		
;__Lib_System.c,23 :: 		
_CC2DL_Loop1:
;__Lib_System.c,24 :: 		
0x02C6	0x0009      	TBLRD*+
;__Lib_System.c,25 :: 		
0x02C8	0xFFE6CFF5  	MOVFF       TABLAT, POSTINC1
;__Lib_System.c,26 :: 		
0x02CC	0x0600      	DECF        R0, 1, 0
;__Lib_System.c,27 :: 		
0x02CE	0xE1FB      	BNZ         _CC2DL_Loop1
;__Lib_System.c,28 :: 		
0x02D0	0x0601      	DECF        R1, 1, 0
;__Lib_System.c,29 :: 		
0x02D2	0xE1F9      	BNZ         _CC2DL_Loop1
;__Lib_System.c,31 :: 		
L_end___CC2DW:
0x02D4	0x0012      	RETURN      0
; end of ___CC2DW
_UART1_Read:
;__Lib_UART_c67b67.c,44 :: 		
;__Lib_UART_c67b67.c,47 :: 		
0x02D6	0xF001CFAE  	MOVFF       RCREG, R1
;__Lib_UART_c67b67.c,48 :: 		
0x02DA	0xA2AB      	BTFSS       RCSTA, 1 
0x02DC	0xD002      	BRA         L_UART1_Read2
;__Lib_UART_c67b67.c,49 :: 		
0x02DE	0x98AB      	BCF         RCSTA, 4 
;__Lib_UART_c67b67.c,50 :: 		
0x02E0	0x88AB      	BSF         RCSTA, 4 
;__Lib_UART_c67b67.c,51 :: 		
L_UART1_Read2:
;__Lib_UART_c67b67.c,52 :: 		
0x02E2	0xF000C001  	MOVFF       R1, R0
;__Lib_UART_c67b67.c,53 :: 		
L_end_UART1_Read:
0x02E6	0x0012      	RETURN      0
; end of _UART1_Read
_Configuracion:
;Splitter.c,61 :: 		void Configuracion(){
;Splitter.c,63 :: 		ANSELA = 0;                                       //Configura el PORTA como digital
0x02E8	0x010F      	MOVLB       15
0x02EA	0x6B38      	CLRF        ANSELA, 1
;Splitter.c,64 :: 		ANSELB = 0;                                       //Configura el PORTB como digital
0x02EC	0x6B39      	CLRF        ANSELB, 1
;Splitter.c,66 :: 		TRISC5_bit = 0;                                   //Configura el pin C5 como salida
0x02EE	0x9A94      	BCF         TRISC5_bit, BitPos(TRISC5_bit+0) 
;Splitter.c,67 :: 		TRISA1_bit = 0;
0x02F0	0x9292      	BCF         TRISA1_bit, BitPos(TRISA1_bit+0) 
;Splitter.c,69 :: 		GIE_bit = 1;                                      //Habilita las interrupciones globales
0x02F2	0x8EF2      	BSF         GIE_bit, BitPos(GIE_bit+0) 
;Splitter.c,70 :: 		PEIE_bit = 1;                                     //Habilita las interrupciones perifericas
0x02F4	0x8CF2      	BSF         PEIE_bit, BitPos(PEIE_bit+0) 
;Splitter.c,71 :: 		RC1IE_bit = 1;                                    //Habilita la interrupcion en UART1 receive
0x02F6	0x8A9D      	BSF         RC1IE_bit, BitPos(RC1IE_bit+0) 
;Splitter.c,72 :: 		TX1IE_bit = 0;                                    //Desabilita la interrupcion en UART1 transmit
0x02F8	0x989D      	BCF         TX1IE_bit, BitPos(TX1IE_bit+0) 
;Splitter.c,74 :: 		UART1_Init(9600);                                 //Inicializa el UART a 9600 bps
0x02FA	0x86B8      	BSF         BAUDCON, 3, 0
0x02FC	0x6AB0      	CLRF        SPBRGH 
0x02FE	0x0ECF      	MOVLW       207
0x0300	0x6EAF      	MOVWF       SPBRG 
0x0302	0x84AC      	BSF         TXSTA, 2, 0
0x0304	0xDF6A      	RCALL       _UART1_Init
;Splitter.c,75 :: 		Delay_ms(100);                                    //Espera para que el modulo UART se estabilice
0x0306	0x0E02      	MOVLW       2
0x0308	0x6E0B      	MOVWF       R11, 0
0x030A	0x0E04      	MOVLW       4
0x030C	0x6E0C      	MOVWF       R12, 0
0x030E	0x0EBA      	MOVLW       186
0x0310	0x6E0D      	MOVWF       R13, 0
L_Configuracion2:
0x0312	0x2E0D      	DECFSZ      R13, 1, 0
0x0314	0xD7FE      	BRA         L_Configuracion2
0x0316	0x2E0C      	DECFSZ      R12, 1, 0
0x0318	0xD7FC      	BRA         L_Configuracion2
0x031A	0x2E0B      	DECFSZ      R11, 1, 0
0x031C	0xD7FA      	BRA         L_Configuracion2
0x031E	0x0000      	NOP
;Splitter.c,77 :: 		Lcd_Init();                                       // Initialize LCD
0x0320	0xDF87      	RCALL       _Lcd_Init
;Splitter.c,78 :: 		Lcd_Cmd(_LCD_CLEAR);                              // Clear display
0x0322	0x0E01      	MOVLW       1
0x0324	0x0100      	MOVLB       0
0x0326	0x6F60      	MOVWF       FARG_Lcd_Cmd_out_char, 1
0x0328	0xDEC9      	RCALL       _Lcd_Cmd
;Splitter.c,79 :: 		Lcd_Cmd(_LCD_CURSOR_OFF);                         // Cursor off
0x032A	0x0E0C      	MOVLW       12
0x032C	0x6F60      	MOVWF       FARG_Lcd_Cmd_out_char, 1
0x032E	0xDEC6      	RCALL       _Lcd_Cmd
;Splitter.c,80 :: 		}
L_end_Configuracion:
0x0330	0x0012      	RETURN      0
; end of _Configuracion
_Lcd_Out:
;__Lib_Lcd.c,184 :: 		
;__Lib_Lcd.c,187 :: 		
0x0332	0xD00F      	BRA         L_Lcd_Out11
;__Lib_Lcd.c,188 :: 		
L_Lcd_Out13:
0x0334	0x0E80      	MOVLW       128
0x0336	0x6E53      	MOVWF       FARG_Lcd_Out_row 
0x0338	0xD019      	BRA         L_Lcd_Out12
;__Lib_Lcd.c,189 :: 		
L_Lcd_Out14:
0x033A	0x0EC0      	MOVLW       192
0x033C	0x6E53      	MOVWF       FARG_Lcd_Out_row 
0x033E	0xD016      	BRA         L_Lcd_Out12
;__Lib_Lcd.c,190 :: 		
L_Lcd_Out15:
0x0340	0x0E94      	MOVLW       148
0x0342	0x6E53      	MOVWF       FARG_Lcd_Out_row 
0x0344	0xD013      	BRA         L_Lcd_Out12
;__Lib_Lcd.c,191 :: 		
L_Lcd_Out16:
0x0346	0x0ED4      	MOVLW       212
0x0348	0x6E53      	MOVWF       FARG_Lcd_Out_row 
0x034A	0xD010      	BRA         L_Lcd_Out12
;__Lib_Lcd.c,192 :: 		
L_Lcd_Out17:
0x034C	0x0E80      	MOVLW       128
0x034E	0x6E53      	MOVWF       FARG_Lcd_Out_row 
;__Lib_Lcd.c,193 :: 		
0x0350	0xD00D      	BRA         L_Lcd_Out12
L_Lcd_Out11:
0x0352	0x5053      	MOVF        FARG_Lcd_Out_row, 0 
0x0354	0x0A01      	XORLW       1
0x0356	0xE0EE      	BZ          L_Lcd_Out13
0x0358	0x5053      	MOVF        FARG_Lcd_Out_row, 0 
0x035A	0x0A02      	XORLW       2
0x035C	0xE0EE      	BZ          L_Lcd_Out14
0x035E	0x5053      	MOVF        FARG_Lcd_Out_row, 0 
0x0360	0x0A03      	XORLW       3
0x0362	0xE0EE      	BZ          L_Lcd_Out15
0x0364	0x5053      	MOVF        FARG_Lcd_Out_row, 0 
0x0366	0x0A04      	XORLW       4
0x0368	0xE0EE      	BZ          L_Lcd_Out16
0x036A	0xD7F0      	BRA         L_Lcd_Out17
L_Lcd_Out12:
;__Lib_Lcd.c,194 :: 		
0x036C	0x0454      	DECF        FARG_Lcd_Out_column, 0 
0x036E	0x6E00      	MOVWF       R0 
0x0370	0x5053      	MOVF        FARG_Lcd_Out_row, 0 
0x0372	0x2600      	ADDWF       R0, 1 
0x0374	0xF053C000  	MOVFF       R0, FARG_Lcd_Out_row
;__Lib_Lcd.c,196 :: 		
0x0378	0xF060C000  	MOVFF       R0, FARG_Lcd_Cmd_out_char
0x037C	0xDE9F      	RCALL       _Lcd_Cmd
;__Lib_Lcd.c,197 :: 		
0x037E	0x903C      	BCF         __Lib_Lcd_cmd_status, BitPos(__Lib_Lcd_cmd_status+0) 
;__Lib_Lcd.c,198 :: 		
0x0380	0x6A57      	CLRF        Lcd_Out_i_L0 
;__Lib_Lcd.c,199 :: 		
L_Lcd_Out18:
0x0382	0x5057      	MOVF        Lcd_Out_i_L0, 0 
0x0384	0x2455      	ADDWF       FARG_Lcd_Out_text, 0 
0x0386	0x6EE9      	MOVWF       FSR0L 
0x0388	0x0E00      	MOVLW       0
0x038A	0x2056      	ADDWFC      FARG_Lcd_Out_text+1, 0 
0x038C	0x6EEA      	MOVWF       FSR0H 
0x038E	0x52EE      	MOVF        POSTINC0, 1 
0x0390	0xE00B      	BZ          L_Lcd_Out19
;__Lib_Lcd.c,200 :: 		
0x0392	0x5057      	MOVF        Lcd_Out_i_L0, 0 
0x0394	0x2455      	ADDWF       FARG_Lcd_Out_text, 0 
0x0396	0x6EE9      	MOVWF       FSR0L 
0x0398	0x0E00      	MOVLW       0
0x039A	0x2056      	ADDWFC      FARG_Lcd_Out_text+1, 0 
0x039C	0x6EEA      	MOVWF       FSR0H 
0x039E	0xF05DCFEE  	MOVFF       POSTINC0, FARG_Lcd_Chr_CP_out_char
0x03A2	0xDF15      	RCALL       _Lcd_Chr_CP
0x03A4	0x2A57      	INCF        Lcd_Out_i_L0, 1 
0x03A6	0xD7ED      	BRA         L_Lcd_Out18
L_Lcd_Out19:
;__Lib_Lcd.c,201 :: 		
0x03A8	0x803C      	BSF         __Lib_Lcd_cmd_status, BitPos(__Lib_Lcd_cmd_status+0) 
;__Lib_Lcd.c,202 :: 		
L_end_Lcd_Out:
0x03AA	0x0012      	RETURN      0
; end of _Lcd_Out
_IntToStr:
;__Lib_Conversions.c,146 :: 		
;__Lib_Conversions.c,152 :: 		
0x03AC	0x6A59      	CLRF        IntToStr_negative_L0 
0x03AE	0x6A5A      	CLRF        IntToStr_negative_L0+1 
;__Lib_Conversions.c,153 :: 		
0x03B0	0xF05BC053  	MOVFF       FARG_IntToStr_input, IntToStr_inword_L0
0x03B4	0xF05CC054  	MOVFF       FARG_IntToStr_input+1, IntToStr_inword_L0+1
;__Lib_Conversions.c,154 :: 		
0x03B8	0x0E80      	MOVLW       128
0x03BA	0x1854      	XORWF       FARG_IntToStr_input+1, 0 
0x03BC	0x6E00      	MOVWF       R0 
0x03BE	0x0E80      	MOVLW       128
0x03C0	0x5C00      	SUBWF       R0, 0 
0x03C2	0xE102      	BNZ         L__IntToStr115
0x03C4	0x0E00      	MOVLW       0
0x03C6	0x5C53      	SUBWF       FARG_IntToStr_input, 0 
L__IntToStr115:
0x03C8	0xE20B      	BC          L_IntToStr23
;__Lib_Conversions.c,155 :: 		
0x03CA	0x0E01      	MOVLW       1
0x03CC	0x6E59      	MOVWF       IntToStr_negative_L0 
0x03CE	0x0E00      	MOVLW       0
0x03D0	0x6E5A      	MOVWF       IntToStr_negative_L0+1 
;__Lib_Conversions.c,156 :: 		
0x03D2	0x5053      	MOVF        FARG_IntToStr_input, 0 
0x03D4	0x0800      	SUBLW       0
0x03D6	0x6E5B      	MOVWF       IntToStr_inword_L0 
0x03D8	0xF05CC054  	MOVFF       FARG_IntToStr_input+1, IntToStr_inword_L0+1
0x03DC	0x0E00      	MOVLW       0
0x03DE	0x565C      	SUBFWB      IntToStr_inword_L0+1, 1 
;__Lib_Conversions.c,157 :: 		
L_IntToStr23:
;__Lib_Conversions.c,158 :: 		
0x03E0	0xF061C05B  	MOVFF       IntToStr_inword_L0, FARG_WordToStr_input
0x03E4	0xF062C05C  	MOVFF       IntToStr_inword_L0+1, FARG_WordToStr_input+1
0x03E8	0xF063C055  	MOVFF       FARG_IntToStr_output, FARG_WordToStr_output
0x03EC	0xF064C056  	MOVFF       FARG_IntToStr_output+1, FARG_WordToStr_output+1
0x03F0	0xDEA4      	RCALL       _WordToStr
;__Lib_Conversions.c,160 :: 		
0x03F2	0x0E06      	MOVLW       6
0x03F4	0x6E57      	MOVWF       IntToStr_i_L0 
0x03F6	0x0E00      	MOVLW       0
0x03F8	0x6E58      	MOVWF       IntToStr_i_L0+1 
;__Lib_Conversions.c,161 :: 		
L_IntToStr24:
0x03FA	0x0E00      	MOVLW       0
0x03FC	0x6E00      	MOVWF       R0 
0x03FE	0x5058      	MOVF        IntToStr_i_L0+1, 0 
0x0400	0x5C00      	SUBWF       R0, 0 
0x0402	0xE102      	BNZ         L__IntToStr116
0x0404	0x5057      	MOVF        IntToStr_i_L0, 0 
0x0406	0x0800      	SUBLW       0
L__IntToStr116:
0x0408	0xE219      	BC          L_IntToStr25
;__Lib_Conversions.c,162 :: 		
0x040A	0x5057      	MOVF        IntToStr_i_L0, 0 
0x040C	0x2455      	ADDWF       FARG_IntToStr_output, 0 
0x040E	0x6EE1      	MOVWF       FSR1L 
0x0410	0x5058      	MOVF        IntToStr_i_L0+1, 0 
0x0412	0x2056      	ADDWFC      FARG_IntToStr_output+1, 0 
0x0414	0x6EE2      	MOVWF       FSR1H 
0x0416	0x0E01      	MOVLW       1
0x0418	0x5C57      	SUBWF       IntToStr_i_L0, 0 
0x041A	0x6E00      	MOVWF       R0 
0x041C	0x0E00      	MOVLW       0
0x041E	0x5858      	SUBWFB      IntToStr_i_L0+1, 0 
0x0420	0x6E01      	MOVWF       R1 
0x0422	0x5000      	MOVF        R0, 0 
0x0424	0x2455      	ADDWF       FARG_IntToStr_output, 0 
0x0426	0x6EE9      	MOVWF       FSR0L 
0x0428	0x5001      	MOVF        R1, 0 
0x042A	0x2056      	ADDWFC      FARG_IntToStr_output+1, 0 
0x042C	0x6EEA      	MOVWF       FSR0H 
0x042E	0xFFE6CFEE  	MOVFF       POSTINC0, POSTINC1
;__Lib_Conversions.c,163 :: 		
0x0432	0x0E01      	MOVLW       1
0x0434	0x5E57      	SUBWF       IntToStr_i_L0, 1 
0x0436	0x0E00      	MOVLW       0
0x0438	0x5A58      	SUBWFB      IntToStr_i_L0+1, 1 
;__Lib_Conversions.c,164 :: 		
0x043A	0xD7DF      	BRA         L_IntToStr24
L_IntToStr25:
;__Lib_Conversions.c,165 :: 		
0x043C	0xFFE1C055  	MOVFF       FARG_IntToStr_output, FSR1L
0x0440	0xFFE2C056  	MOVFF       FARG_IntToStr_output+1, FSR1H
0x0444	0x0E20      	MOVLW       32
0x0446	0x6EE6      	MOVWF       POSTINC1 
;__Lib_Conversions.c,166 :: 		
0x0448	0x5059      	MOVF        IntToStr_negative_L0, 0 
0x044A	0x105A      	IORWF       IntToStr_negative_L0+1, 0 
0x044C	0xE01A      	BZ          L_IntToStr26
;__Lib_Conversions.c,167 :: 		
0x044E	0x6A57      	CLRF        IntToStr_i_L0 
0x0450	0x6A58      	CLRF        IntToStr_i_L0+1 
;__Lib_Conversions.c,168 :: 		
L_IntToStr27:
0x0452	0x5057      	MOVF        IntToStr_i_L0, 0 
0x0454	0x2455      	ADDWF       FARG_IntToStr_output, 0 
0x0456	0x6EE9      	MOVWF       FSR0L 
0x0458	0x5058      	MOVF        IntToStr_i_L0+1, 0 
0x045A	0x2056      	ADDWFC      FARG_IntToStr_output+1, 0 
0x045C	0x6EEA      	MOVWF       FSR0H 
0x045E	0x50EE      	MOVF        POSTINC0, 0 
0x0460	0x0A20      	XORLW       32
0x0462	0xE103      	BNZ         L_IntToStr28
0x0464	0x4A57      	INFSNZ      IntToStr_i_L0, 1 
0x0466	0x2A58      	INCF        IntToStr_i_L0+1, 1 
0x0468	0xD7F4      	BRA         L_IntToStr27
L_IntToStr28:
;__Lib_Conversions.c,169 :: 		
0x046A	0x0E01      	MOVLW       1
0x046C	0x5E57      	SUBWF       IntToStr_i_L0, 1 
0x046E	0x0E00      	MOVLW       0
0x0470	0x5A58      	SUBWFB      IntToStr_i_L0+1, 1 
;__Lib_Conversions.c,170 :: 		
0x0472	0x5057      	MOVF        IntToStr_i_L0, 0 
0x0474	0x2455      	ADDWF       FARG_IntToStr_output, 0 
0x0476	0x6EE1      	MOVWF       FSR1L 
0x0478	0x5058      	MOVF        IntToStr_i_L0+1, 0 
0x047A	0x2056      	ADDWFC      FARG_IntToStr_output+1, 0 
0x047C	0x6EE2      	MOVWF       FSR1H 
0x047E	0x0E2D      	MOVLW       45
0x0480	0x6EE6      	MOVWF       POSTINC1 
L_IntToStr26:
;__Lib_Conversions.c,171 :: 		
L_end_IntToStr:
0x0482	0x0012      	RETURN      0
; end of _IntToStr
_main:
0x0484	0x0E48      	MOVLW       72
0x0486	0x6E19      	MOVWF       ?lstr1_Splitter 
0x0488	0x0E65      	MOVLW       101
0x048A	0x6E1A      	MOVWF       26 
0x048C	0x0E6C      	MOVLW       108
0x048E	0x6E1B      	MOVWF       27 
0x0490	0x0E6C      	MOVLW       108
0x0492	0x6E1C      	MOVWF       28 
0x0494	0x0E6F      	MOVLW       111
0x0496	0x6E1D      	MOVWF       29 
0x0498	0x0E21      	MOVLW       33
0x049A	0x6E1E      	MOVWF       30 
0x049C	0x6A1F      	CLRF        31 
0x049E	0x0E54      	MOVLW       84
0x04A0	0x6E20      	MOVWF       ?lstr2_Splitter 
0x04A2	0x0E32      	MOVLW       50
0x04A4	0x6E21      	MOVWF       33 
0x04A6	0x0E3A      	MOVLW       58
0x04A8	0x6E22      	MOVWF       34 
0x04AA	0x0E20      	MOVLW       32
0x04AC	0x6E23      	MOVWF       35 
0x04AE	0x6A24      	CLRF        36 
;Splitter.c,82 :: 		void main() {
;Splitter.c,84 :: 		Configuracion();
0x04B0	0xDF1B      	RCALL       _Configuracion
;Splitter.c,86 :: 		Lcd_Out(1, 1, "Hello!");
0x04B2	0x0E01      	MOVLW       1
0x04B4	0x6E53      	MOVWF       FARG_Lcd_Out_row 
0x04B6	0x0E01      	MOVLW       1
0x04B8	0x6E54      	MOVWF       FARG_Lcd_Out_column 
0x04BA	0x0E19      	MOVLW       ?lstr1_Splitter
0x04BC	0x6E55      	MOVWF       FARG_Lcd_Out_text 
0x04BE	0x0E00      	MOVLW       hi_addr(?lstr1_Splitter)
0x04C0	0x6E56      	MOVWF       FARG_Lcd_Out_text+1 
0x04C2	0xDF37      	RCALL       _Lcd_Out
;Splitter.c,87 :: 		delay_ms(1);
0x04C4	0x0E03      	MOVLW       3
0x04C6	0x6E0C      	MOVWF       R12, 0
0x04C8	0x0E97      	MOVLW       151
0x04CA	0x6E0D      	MOVWF       R13, 0
L_main3:
0x04CC	0x2E0D      	DECFSZ      R13, 1, 0
0x04CE	0xD7FE      	BRA         L_main3
0x04D0	0x2E0C      	DECFSZ      R12, 1, 0
0x04D2	0xD7FC      	BRA         L_main3
0x04D4	0x0000      	NOP
0x04D6	0x0000      	NOP
;Splitter.c,88 :: 		ptrTT2 = &TT2;
0x04D8	0x0E2A      	MOVLW       _TT2
0x04DA	0x6E3A      	MOVWF       _ptrTT2 
0x04DC	0x0E00      	MOVLW       hi_addr(_TT2)
0x04DE	0x6E3B      	MOVWF       _ptrTT2+1 
;Splitter.c,90 :: 		Ptcn[0]=Hdr;
0x04E0	0x0EEE      	MOVLW       238
0x04E2	0x6E26      	MOVWF       _Ptcn 
;Splitter.c,91 :: 		Ptcn[1]=Tp;
0x04E4	0xF027C025  	MOVFF       _TP, _Ptcn+1
;Splitter.c,92 :: 		Ptcn[2]=Id;
0x04E8	0xF028C035  	MOVFF       _Id, _Ptcn+2
;Splitter.c,93 :: 		Ptcn[3]=End;
0x04EC	0x0EFF      	MOVLW       255
0x04EE	0x6E29      	MOVWF       _Ptcn+3 
;Splitter.c,95 :: 		Bb=0;
0x04F0	0x6A52      	CLRF        _Bb 
;Splitter.c,96 :: 		T2=0;
0x04F2	0x6A4F      	CLRF        _T2 
0x04F4	0x6A50      	CLRF        _T2+1 
;Splitter.c,98 :: 		while (1){
L_main4:
;Splitter.c,100 :: 		T2 = 265;
0x04F6	0x0E09      	MOVLW       9
0x04F8	0x6E4F      	MOVWF       _T2 
0x04FA	0x0E01      	MOVLW       1
0x04FC	0x6E50      	MOVWF       _T2+1 
;Splitter.c,101 :: 		IntToStr(T2,txt1);
0x04FE	0x0E09      	MOVLW       9
0x0500	0x6E53      	MOVWF       FARG_IntToStr_input 
0x0502	0x0E01      	MOVLW       1
0x0504	0x6E54      	MOVWF       FARG_IntToStr_input+1 
0x0506	0x0E49      	MOVLW       _txt1
0x0508	0x6E55      	MOVWF       FARG_IntToStr_output 
0x050A	0x0E00      	MOVLW       hi_addr(_txt1)
0x050C	0x6E56      	MOVWF       FARG_IntToStr_output+1 
0x050E	0xDF4E      	RCALL       _IntToStr
;Splitter.c,103 :: 		Lcd_Out(1, 1, "T2: ");
0x0510	0x0E01      	MOVLW       1
0x0512	0x6E53      	MOVWF       FARG_Lcd_Out_row 
0x0514	0x0E01      	MOVLW       1
0x0516	0x6E54      	MOVWF       FARG_Lcd_Out_column 
0x0518	0x0E20      	MOVLW       ?lstr2_Splitter
0x051A	0x6E55      	MOVWF       FARG_Lcd_Out_text 
0x051C	0x0E00      	MOVLW       hi_addr(?lstr2_Splitter)
0x051E	0x6E56      	MOVWF       FARG_Lcd_Out_text+1 
0x0520	0xDF08      	RCALL       _Lcd_Out
;Splitter.c,104 :: 		Lcd_Out(2,1,txt1);
0x0522	0x0E02      	MOVLW       2
0x0524	0x6E53      	MOVWF       FARG_Lcd_Out_row 
0x0526	0x0E01      	MOVLW       1
0x0528	0x6E54      	MOVWF       FARG_Lcd_Out_column 
0x052A	0x0E49      	MOVLW       _txt1
0x052C	0x6E55      	MOVWF       FARG_Lcd_Out_text 
0x052E	0x0E00      	MOVLW       hi_addr(_txt1)
0x0530	0x6E56      	MOVWF       FARG_Lcd_Out_text+1 
0x0532	0xDEFF      	RCALL       _Lcd_Out
;Splitter.c,106 :: 		RA1_bit = ~RA1_bit;
0x0534	0x7280      	BTG         RA1_bit, BitPos(RA1_bit+0) 
;Splitter.c,108 :: 		Delay_ms(20);
0x0536	0x0E34      	MOVLW       52
0x0538	0x6E0C      	MOVWF       R12, 0
0x053A	0x0EF1      	MOVLW       241
0x053C	0x6E0D      	MOVWF       R13, 0
L_main6:
0x053E	0x2E0D      	DECFSZ      R13, 1, 0
0x0540	0xD7FE      	BRA         L_main6
0x0542	0x2E0C      	DECFSZ      R12, 1, 0
0x0544	0xD7FC      	BRA         L_main6
0x0546	0x0000      	NOP
0x0548	0x0000      	NOP
;Splitter.c,110 :: 		}
0x054A	0xD7D5      	BRA         L_main4
;Splitter.c,111 :: 		}
L_end_main:
0x054C	0xD7FF      	BRA         $+0
; end of _main
Symbol List:
//** Routines locations **
//ADDRESS    SIZE    PROCEDURE
//----------------------------------------------
0x0008      [88]    _interrupt
0x0060      [10]    _Delay_50us
0x006A      [22]    _Delay_5500us
0x0080       [6]    _Delay_1us
0x0086      [54]    _Div_16X16_U
0x00BC     [126]    _Lcd_Cmd
0x013A     [148]    _WordToStr
0x01CE      [12]    _Lcd_Chr_CP
0x01DA      [86]    _UART1_Init
0x0230     [150]    _Lcd_Init
0x02C6      [16]    ___CC2DW
0x02D6      [18]    _UART1_Read
0x02E8      [74]    _Configuracion
0x0332     [122]    _Lcd_Out
0x03AC     [216]    _IntToStr
0x0484     [202]    _main
//** Variables locations ** 
//ADDRESS    SIZE    VARIABLE
//----------------------------------------------
0x0000       [1]    R0
0x0000       [1]    UART1_Init_tmp_L0
0x0000       [1]    UART2_Init_tmp_L0
0x0001       [1]    UART2_Read___tmp_UART2_Read_L0
0x0001       [1]    R1
0x0001       [1]    UART1_Read___tmp_UART1_Read_L0
0x0002       [2]    memchr_s_L0
0x0002       [1]    R2
0x0002       [2]    strlen_cp_L0
0x0002       [2]    memset_pp_L0
0x0002       [2]    memcpy_dd_L0
0x0003       [2]    Ltrim_original_L0
0x0003       [2]    memmove_tt_L0
0x0003       [1]    R3
0x0004       [2]    strcat_cp_L0
0x0004       [1]    R4
0x0004       [2]    strcpy_cp_L0
0x0004       [2]    strncat_cp_L0
0x0004       [2]    strncpy_cp_L0
0x0004       [2]    memcpy_ss_L0
0x0005       [2]    LongWordToHex_input_half_L0
0x0005       [1]    R5
0x0005       [2]    Ltrim_p_L0
0x0005       [2]    memmove_ff_L0
0x0005       [2]    LongIntToHex_input_half_L0
0x0006       [1]    R6
0x0007       [1]    R7
0x0008       [1]    R8
0x0009       [1]    R9
0x000A       [1]    R10
0x000B       [1]    R11
0x000C       [1]    R12
0x000D       [1]    R13
0x000E       [1]    R14
0x000F       [1]    R15
0x0010       [1]    R16
0x0011       [1]    R17
0x0012       [1]    R18
0x0013       [1]    R19
0x0014       [1]    R20
0x0019       [7]    ?lstr1_Splitter
0x0020       [5]    ?lstr2_Splitter
0x0025       [1]    _TP
0x0026       [4]    _Ptcn
0x002A       [4]    _TT2
0x002E       [1]    _ir
0x002F       [6]    _Rspt
0x0035       [1]    _Id
0x0036       [4]    _UART_Tx_Idle_Ptr
0x003A       [2]    _ptrTT2
0x003C       [0]    __Lib_Lcd_cmd_status
0x003D       [4]    _UART_Rdy_Ptr
0x0041       [4]    _UART_Rd_Ptr
0x0045       [4]    _UART_Wr_Ptr
0x0049       [6]    _txt1
0x004F       [2]    _T2
0x0051       [1]    _BanP
0x0052       [1]    _Bb
0x0053       [2]    FARG_IntToStr_input
0x0053       [1]    FARG_Lcd_Out_row
0x0054       [1]    FARG_Lcd_Out_column
0x0055       [2]    FARG_IntToStr_output
0x0055       [2]    FARG_Lcd_Out_text
0x0057       [1]    Lcd_Out_i_L0
0x0057       [2]    IntToStr_i_L0
0x0059       [2]    IntToStr_negative_L0
0x005B       [2]    IntToStr_inword_L0
0x005D       [1]    WordToStr_len_L0
0x005D       [1]    FARG_Lcd_Chr_CP_out_char
0x005E       [2]    FLOC__WordToStr
0x0060       [1]    FARG_Lcd_Cmd_out_char
0x0061       [2]    FARG_WordToStr_input
0x0063       [2]    FARG_WordToStr_output
0x0065       [2]    FLOC__interrupt
0x0F38       [1]    ANSELA
0x0F39       [1]    ANSELB
0x0F80       [0]    LCD_EN
0x0F80       [0]    RA5_bit
0x0F80       [0]    LCD_RS
0x0F80       [0]    RA4_bit
0x0F80       [0]    LCD_D4
0x0F80       [0]    LCD_D5
0x0F80       [0]    LCD_D6
0x0F80       [0]    LCD_D7
0x0F80       [0]    RA3_bit
0x0F80       [0]    RA2_bit
0x0F80       [0]    RA0_bit
0x0F80       [0]    RA1_bit
0x0F92       [0]    TRISA2_bit
0x0F92       [0]    TRISA3_bit
0x0F92       [0]    TRISA0_bit
0x0F92       [0]    TRISA1_bit
0x0F92       [0]    TRISA4_bit
0x0F92       [0]    TRISA5_bit
0x0F92       [0]    LCD_EN_Direction
0x0F92       [0]    LCD_RS_Direction
0x0F92       [0]    LCD_D4_Direction
0x0F92       [0]    LCD_D7_Direction
0x0F92       [0]    LCD_D6_Direction
0x0F92       [0]    LCD_D5_Direction
0x0F94       [0]    TRISC6_bit
0x0F94       [0]    TRISC7_bit
0x0F94       [0]    TRISC5_bit
0x0F9D       [0]    RC1IE_bit
0x0F9D       [0]    TX1IE_bit
0x0F9E       [1]    PIR1
0x0FAB       [1]    RCSTA
0x0FAC       [1]    TXSTA
0x0FAE       [1]    RCREG
0x0FAF       [1]    SPBRG
0x0FB0       [1]    SPBRGH
0x0FB8       [1]    BAUDCON
0x0FD8       [1]    STATUS
0x0FD9       [1]    FSR2L
0x0FDA       [1]    FSR2H
0x0FDE       [1]    POSTINC2
0x0FE0       [1]    BSR
0x0FE1       [1]    FSR1L
0x0FE2       [1]    FSR1H
0x0FE4       [1]    PREINC1
0x0FE6       [1]    POSTINC1
0x0FE7       [1]    INDF1
0x0FE8       [1]    WREG
0x0FE9       [1]    FSR0L
0x0FEA       [1]    FSR0H
0x0FEE       [1]    POSTINC0
0x0FF2       [0]    PEIE_bit
0x0FF2       [0]    GIE_bit
0x0FF3       [1]    PRODL
0x0FF4       [1]    PRODH
0x0FF5       [1]    TABLAT
0x0FF6       [1]    TBLPTRL
0x0FF7       [1]    TBLPTRH
0x0FF8       [1]    TBLPTRU
